# JRE version: OpenJDK Runtime Environment (8.0_252-b09) (build 1.8.0_252-b09)
# Java VM: OpenJDK 64-Bit Server VM (25.252-b09 mixed mode windows-amd64 compressed oops)
Heap:
 PSYoungGen      total 323072K, used 42832K [0x00000000eab00000, 0x0000000100000000, 0x0000000100000000)
  eden space 302080K, 14% used [0x00000000eab00000,0x00000000ed4d4090,0x00000000fd200000)
  from space 20992K, 0% used [0x00000000fd200000,0x00000000fd200000,0x00000000fe680000)
  to   space 26112K, 0% used [0x00000000fe680000,0x00000000fe680000,0x0000000100000000)
 ParOldGen       total 135680K, used 117523K [0x00000000c0000000, 0x00000000c8480000, 0x00000000eab00000)
  object space 135680K, 86% used [0x00000000c0000000,0x00000000c72c4c88,0x00000000c8480000)
 Metaspace       used 14611K, capacity 15212K, committed 15360K, reserved 1062912K
  class space    used 2035K, capacity 2185K, committed 2304K, reserved 1048576K
GC Heap History (250 events):
Event: 546.271 GC heap before
{Heap before GC invocations=10 (full 4):
 PSYoungGen      total 18944K, used 4485K [0x00000000eab00000, 0x00000000ec000000, 0x0000000100000000)
  eden space 16384K, 11% used [0x00000000eab00000,0x00000000eace2ce0,0x00000000ebb00000)
  from space 2560K, 99% used [0x00000000ebb00000,0x00000000ebd7e798,0x00000000ebd80000)
  to   space 2560K, 0% used [0x00000000ebd80000,0x00000000ebd80000,0x00000000ec000000)
 ParOldGen       total 44032K, used 8280K [0x00000000c0000000, 0x00000000c2b00000, 0x00000000eab00000)
  object space 44032K, 18% used [0x00000000c0000000,0x00000000c0816378,0x00000000c2b00000)
 Metaspace       used 10726K, capacity 11026K, committed 11136K, reserved 1058816K
  class space    used 1482K, capacity 1610K, committed 1664K, reserved 1048576K
Event: 546.274 GC heap after
Heap after GC invocations=10 (full 4):
 PSYoungGen      total 18944K, used 2549K [0x00000000eab00000, 0x00000000ec000000, 0x0000000100000000)
  eden space 16384K, 0% used [0x00000000eab00000,0x00000000eab00000,0x00000000ebb00000)
  from space 2560K, 99% used [0x00000000ebd80000,0x00000000ebffd5c8,0x00000000ec000000)
  to   space 2560K, 0% used [0x00000000ebb00000,0x00000000ebb00000,0x00000000ebd80000)
 ParOldGen       total 44032K, used 8461K [0x00000000c0000000, 0x00000000c2b00000, 0x00000000eab00000)
  object space 44032K, 19% used [0x00000000c0000000,0x00000000c0843628,0x00000000c2b00000)
 Metaspace       used 10726K, capacity 11026K, committed 11136K, reserved 1058816K
  class space    used 1482K, capacity 1610K, committed 1664K, reserved 1048576K
}
Event: 546.274 GC heap before
{Heap before GC invocations=11 (full 5):
 PSYoungGen      total 18944K, used 2549K [0x00000000eab00000, 0x00000000ec000000, 0x0000000100000000)
  eden space 16384K, 0% used [0x00000000eab00000,0x00000000eab00000,0x00000000ebb00000)
  from space 2560K, 99% used [0x00000000ebd80000,0x00000000ebffd5c8,0x00000000ec000000)
  to   space 2560K, 0% used [0x00000000ebb00000,0x00000000ebb00000,0x00000000ebd80000)
 ParOldGen       total 44032K, used 8461K [0x00000000c0000000, 0x00000000c2b00000, 0x00000000eab00000)
  object space 44032K, 19% used [0x00000000c0000000,0x00000000c0843628,0x00000000c2b00000)
 Metaspace       used 10726K, capacity 11026K, committed 11136K, reserved 1058816K
  class space    used 1482K, capacity 1610K, committed 1664K, reserved 1048576K
Event: 546.320 GC heap after
Heap after GC invocations=11 (full 5):
 PSYoungGen      total 18944K, used 0K [0x00000000eab00000, 0x00000000ec000000, 0x0000000100000000)
  eden space 16384K, 0% used [0x00000000eab00000,0x00000000eab00000,0x00000000ebb00000)
  from space 2560K, 0% used [0x00000000ebd80000,0x00000000ebd80000,0x00000000ec000000)
  to   space 2560K, 0% used [0x00000000ebb00000,0x00000000ebb00000,0x00000000ebd80000)
 ParOldGen       total 44032K, used 8758K [0x00000000c0000000, 0x00000000c2b00000, 0x00000000eab00000)
  object space 44032K, 19% used [0x00000000c0000000,0x00000000c088db10,0x00000000c2b00000)
 Metaspace       used 10726K, capacity 11026K, committed 11136K, reserved 1058816K
  class space    used 1482K, capacity 1610K, committed 1664K, reserved 1048576K
}
Event: 546.630 GC heap before
{Heap before GC invocations=12 (full 5):
 PSYoungGen      total 18944K, used 16384K [0x00000000eab00000, 0x00000000ec000000, 0x0000000100000000)
  eden space 16384K, 100% used [0x00000000eab00000,0x00000000ebb00000,0x00000000ebb00000)
  from space 2560K, 0% used [0x00000000ebd80000,0x00000000ebd80000,0x00000000ec000000)
  to   space 2560K, 0% used [0x00000000ebb00000,0x00000000ebb00000,0x00000000ebd80000)
 ParOldGen       total 44032K, used 8758K [0x00000000c0000000, 0x00000000c2b00000, 0x00000000eab00000)
  object space 44032K, 19% used [0x00000000c0000000,0x00000000c088db10,0x00000000c2b00000)
 Metaspace       used 10983K, capacity 11314K, committed 11392K, reserved 1058816K
  class space    used 1518K, capacity 1642K, committed 1664K, reserved 1048576K
Event: 546.711 GC heap after
Heap after GC invocations=12 (full 5):
 PSYoungGen      total 18944K, used 2528K [0x00000000eab00000, 0x00000000ed000000, 0x0000000100000000)
  eden space 16384K, 0% used [0x00000000eab00000,0x00000000eab00000,0x00000000ebb00000)
  from space 2560K, 98% used [0x00000000ebb00000,0x00000000ebd782e8,0x00000000ebd80000)
  to   space 2560K, 0% used [0x00000000ecd80000,0x00000000ecd80000,0x00000000ed000000)
 ParOldGen       total 44032K, used 21180K [0x00000000c0000000, 0x00000000c2b00000, 0x00000000eab00000)
  object space 44032K, 48% used [0x00000000c0000000,0x00000000c14af3b0,0x00000000c2b00000)
 Metaspace       used 10983K, capacity 11314K, committed 11392K, reserved 1058816K
  class space    used 1518K, capacity 1642K, committed 1664K, reserved 1048576K
}
Event: 546.877 GC heap before
{Heap before GC invocations=13 (full 5):
 PSYoungGen      total 18944K, used 8308K [0x00000000eab00000, 0x00000000ed000000, 0x0000000100000000)
  eden space 16384K, 35% used [0x00000000eab00000,0x00000000eb0a4ef0,0x00000000ebb00000)
  from space 2560K, 98% used [0x00000000ebb00000,0x00000000ebd782e8,0x00000000ebd80000)
  to   space 2560K, 0% used [0x00000000ecd80000,0x00000000ecd80000,0x00000000ed000000)
 ParOldGen       total 44032K, used 21180K [0x00000000c0000000, 0x00000000c2b00000, 0x00000000eab00000)
  object space 44032K, 48% used [0x00000000c0000000,0x00000000c14af3b0,0x00000000c2b00000)
 Metaspace       used 11150K, capacity 11516K, committed 11648K, reserved 1058816K
  class space    used 1535K, capacity 1652K, committed 1664K, reserved 1048576K
Event: 546.894 GC heap after
Heap after GC invocations=13 (full 5):
 PSYoungGen      total 35328K, used 2528K [0x00000000eab00000, 0x00000000ed000000, 0x0000000100000000)
  eden space 32768K, 0% used [0x00000000eab00000,0x00000000eab00000,0x00000000ecb00000)
  from space 2560K, 98% used [0x00000000ecd80000,0x00000000ecff82e8,0x00000000ed000000)
  to   space 2560K, 0% used [0x00000000ecb00000,0x00000000ecb00000,0x00000000ecd80000)
 ParOldGen       total 44032K, used 23875K [0x00000000c0000000, 0x00000000c2b00000, 0x00000000eab00000)
  object space 44032K, 54% used [0x00000000c0000000,0x00000000c1750c60,0x00000000c2b00000)
 Metaspace       used 11150K, capacity 11516K, committed 11648K, reserved 1058816K
  class space    used 1535K, capacity 1652K, committed 1664K, reserved 1048576K
}
Event: 546.894 GC heap before
{Heap before GC invocations=14 (full 6):
 PSYoungGen      total 35328K, used 2528K [0x00000000eab00000, 0x00000000ed000000, 0x0000000100000000)
  eden space 32768K, 0% used [0x00000000eab00000,0x00000000eab00000,0x00000000ecb00000)
  from space 2560K, 98% used [0x00000000ecd80000,0x00000000ecff82e8,0x00000000ed000000)
  to   space 2560K, 0% used [0x00000000ecb00000,0x00000000ecb00000,0x00000000ecd80000)
 ParOldGen       total 44032K, used 23875K [0x00000000c0000000, 0x00000000c2b00000, 0x00000000eab00000)
  object space 44032K, 54% used [0x00000000c0000000,0x00000000c1750c60,0x00000000c2b00000)
 Metaspace       used 11150K, capacity 11516K, committed 11648K, reserved 1058816K
  class space    used 1535K, capacity 1652K, committed 1664K, reserved 1048576K
Event: 547.327 GC heap after
Heap after GC invocations=14 (full 6):
 PSYoungGen      total 35328K, used 0K [0x00000000eab00000, 0x00000000ed000000, 0x0000000100000000)
  eden space 32768K, 0% used [0x00000000eab00000,0x00000000eab00000,0x00000000ecb00000)
  from space 2560K, 0% used [0x00000000ecd80000,0x00000000ecd80000,0x00000000ed000000)
  to   space 2560K, 0% used [0x00000000ecb00000,0x00000000ecb00000,0x00000000ecd80000)
 ParOldGen       total 44032K, used 25832K [0x00000000c0000000, 0x00000000c2b00000, 0x00000000eab00000)
  object space 44032K, 58% used [0x00000000c0000000,0x00000000c193a220,0x00000000c2b00000)
 Metaspace       used 11150K, capacity 11516K, committed 11648K, reserved 1058816K
  class space    used 1535K, capacity 1652K, committed 1664K, reserved 1048576K
}
Event: 547.441 GC heap before
{Heap before GC invocations=15 (full 6):
 PSYoungGen      total 35328K, used 4576K [0x00000000eab00000, 0x00000000ed000000, 0x0000000100000000)
  eden space 32768K, 13% used [0x00000000eab00000,0x00000000eaf782f8,0x00000000ecb00000)
  from space 2560K, 0% used [0x00000000ecd80000,0x00000000ecd80000,0x00000000ed000000)
  to   space 2560K, 0% used [0x00000000ecb00000,0x00000000ecb00000,0x00000000ecd80000)
 ParOldGen       total 44032K, used 25832K [0x00000000c0000000, 0x00000000c2b00000, 0x00000000eab00000)
  object space 44032K, 58% used [0x00000000c0000000,0x00000000c193a220,0x00000000c2b00000)
 Metaspace       used 11159K, capacity 11516K, committed 11648K, reserved 1058816K
  class space    used 1535K, capacity 1652K, committed 1664K, reserved 1048576K
Event: 547.444 GC heap after
Heap after GC invocations=15 (full 6):
 PSYoungGen      total 35328K, used 352K [0x00000000eab00000, 0x00000000ed000000, 0x0000000100000000)
  eden space 32768K, 0% used [0x00000000eab00000,0x00000000eab00000,0x00000000ecb00000)
  from space 2560K, 13% used [0x00000000ecb00000,0x00000000ecb58000,0x00000000ecd80000)
  to   space 2560K, 0% used [0x00000000ecd80000,0x00000000ecd80000,0x00000000ed000000)
 ParOldGen       total 44032K, used 25832K [0x00000000c0000000, 0x00000000c2b00000, 0x00000000eab00000)
  object space 44032K, 58% used [0x00000000c0000000,0x00000000c193a220,0x00000000c2b00000)
 Metaspace       used 11159K, capacity 11516K, committed 11648K, reserved 1058816K
  class space    used 1535K, capacity 1652K, committed 1664K, reserved 1048576K
}
Event: 547.444 GC heap before
{Heap before GC invocations=16 (full 7):
 PSYoungGen      total 35328K, used 352K [0x00000000eab00000, 0x00000000ed000000, 0x0000000100000000)
  eden space 32768K, 0% used [0x00000000eab00000,0x00000000eab00000,0x00000000ecb00000)
  from space 2560K, 13% used [0x00000000ecb00000,0x00000000ecb58000,0x00000000ecd80000)
  to   space 2560K, 0% used [0x00000000ecd80000,0x00000000ecd80000,0x00000000ed000000)
 ParOldGen       total 44032K, used 25832K [0x00000000c0000000, 0x00000000c2b00000, 0x00000000eab00000)
  object space 44032K, 58% used [0x00000000c0000000,0x00000000c193a220,0x00000000c2b00000)
 Metaspace       used 11159K, capacity 11516K, committed 11648K, reserved 1058816K
  class space    used 1535K, capacity 1652K, committed 1664K, reserved 1048576K
Event: 547.637 GC heap after
Heap after GC invocations=16 (full 7):
 PSYoungGen      total 35328K, used 0K [0x00000000eab00000, 0x00000000ed000000, 0x0000000100000000)
  eden space 32768K, 0% used [0x00000000eab00000,0x00000000eab00000,0x00000000ecb00000)
  from space 2560K, 0% used [0x00000000ecb00000,0x00000000ecb00000,0x00000000ecd80000)
  to   space 2560K, 0% used [0x00000000ecd80000,0x00000000ecd80000,0x00000000ed000000)
 ParOldGen       total 44032K, used 26050K [0x00000000c0000000, 0x00000000c2b00000, 0x00000000eab00000)
  object space 44032K, 59% used [0x00000000c0000000,0x00000000c1970b88,0x00000000c2b00000)
 Metaspace       used 11159K, capacity 11516K, committed 11648K, reserved 1058816K
  class space    used 1535K, capacity 1652K, committed 1664K, reserved 1048576K
}
Event: 547.981 GC heap before
{Heap before GC invocations=17 (full 7):
 PSYoungGen      total 35328K, used 32768K [0x00000000eab00000, 0x00000000ed000000, 0x0000000100000000)
  eden space 32768K, 100% used [0x00000000eab00000,0x00000000ecb00000,0x00000000ecb00000)
  from space 2560K, 0% used [0x00000000ecb00000,0x00000000ecb00000,0x00000000ecd80000)
  to   space 2560K, 0% used [0x00000000ecd80000,0x00000000ecd80000,0x00000000ed000000)
 ParOldGen       total 44032K, used 26050K [0x00000000c0000000, 0x00000000c2b00000, 0x00000000eab00000)
  object space 44032K, 59% used [0x00000000c0000000,0x00000000c1970b88,0x00000000c2b00000)
 Metaspace       used 11162K, capacity 11516K, committed 11648K, reserved 1058816K
  class space    used 1535K, capacity 1652K, committed 1664K, reserved 1048576K
Event: 547.995 GC heap after
Heap after GC invocations=17 (full 7):
 PSYoungGen      total 35328K, used 2080K [0x00000000eab00000, 0x00000000ef000000, 0x0000000100000000)
  eden space 32768K, 0% used [0x00000000eab00000,0x00000000eab00000,0x00000000ecb00000)
  from space 2560K, 81% used [0x00000000ecd80000,0x00000000ecf88000,0x00000000ed000000)
  to   space 2560K, 0% used [0x00000000ecb00000,0x00000000ecb00000,0x00000000ecd80000)
 ParOldGen       total 44032K, used 26050K [0x00000000c0000000, 0x00000000c2b00000, 0x00000000eab00000)
  object space 44032K, 59% used [0x00000000c0000000,0x00000000c1970b88,0x00000000c2b00000)
 Metaspace       used 11162K, capacity 11516K, committed 11648K, reserved 1058816K
  class space    used 1535K, capacity 1652K, committed 1664K, reserved 1048576K
}
Event: 548.076 GC heap before
{Heap before GC invocations=18 (full 7):
 PSYoungGen      total 35328K, used 11778K [0x00000000eab00000, 0x00000000ef000000, 0x0000000100000000)
  eden space 32768K, 29% used [0x00000000eab00000,0x00000000eb478b38,0x00000000ecb00000)
  from space 2560K, 81% used [0x00000000ecd80000,0x00000000ecf88000,0x00000000ed000000)
  to   space 2560K, 0% used [0x00000000ecb00000,0x00000000ecb00000,0x00000000ecd80000)
 ParOldGen       total 44032K, used 26050K [0x00000000c0000000, 0x00000000c2b00000, 0x00000000eab00000)
  object space 44032K, 59% used [0x00000000c0000000,0x00000000c1970b88,0x00000000c2b00000)
 Metaspace       used 11162K, capacity 11516K, committed 11648K, reserved 1058816K
  class space    used 1535K, capacity 1652K, committed 1664K, reserved 1048576K
Event: 548.096 GC heap after
Heap after GC invocations=18 (full 7):
 PSYoungGen      total 35328K, used 2560K [0x00000000eab00000, 0x00000000ef000000, 0x0000000100000000)
  eden space 32768K, 0% used [0x00000000eab00000,0x00000000eab00000,0x00000000ecb00000)
  from space 2560K, 100% used [0x00000000ecb00000,0x00000000ecd80000,0x00000000ecd80000)
  to   space 2560K, 0% used [0x00000000eed80000,0x00000000eed80000,0x00000000ef000000)
 ParOldGen       total 44032K, used 26090K [0x00000000c0000000, 0x00000000c2b00000, 0x00000000eab00000)
  object space 44032K, 59% used [0x00000000c0000000,0x00000000c197ab88,0x00000000c2b00000)
 Metaspace       used 11162K, capacity 11516K, committed 11648K, reserved 1058816K
  class space    used 1535K, capacity 1652K, committed 1664K, reserved 1048576K
}
Event: 548.096 GC heap before
{Heap before GC invocations=19 (full 8):
 PSYoungGen      total 35328K, used 2560K [0x00000000eab00000, 0x00000000ef000000, 0x0000000100000000)
  eden space 32768K, 0% used [0x00000000eab00000,0x00000000eab00000,0x00000000ecb00000)
  from space 2560K, 100% used [0x00000000ecb00000,0x00000000ecd80000,0x00000000ecd80000)
  to   space 2560K, 0% used [0x00000000eed80000,0x00000000eed80000,0x00000000ef000000)
 ParOldGen       total 44032K, used 26090K [0x00000000c0000000, 0x00000000c2b00000, 0x00000000eab00000)
  object space 44032K, 59% used [0x00000000c0000000,0x00000000c197ab88,0x00000000c2b00000)
 Metaspace       used 11162K, capacity 11516K, committed 11648K, reserved 1058816K
  class space    used 1535K, capacity 1652K, committed 1664K, reserved 1048576K
Event: 548.236 GC heap after
Heap after GC invocations=19 (full 8):
 PSYoungGen      total 35328K, used 0K [0x00000000eab00000, 0x00000000ef000000, 0x0000000100000000)
  eden space 32768K, 0% used [0x00000000eab00000,0x00000000eab00000,0x00000000ecb00000)
  from space 2560K, 0% used [0x00000000ecb00000,0x00000000ecb00000,0x00000000ecd80000)
  to   space 2560K, 0% used [0x00000000eed80000,0x00000000eed80000,0x00000000ef000000)
 ParOldGen       total 44032K, used 28595K [0x00000000c0000000, 0x00000000c2b00000, 0x00000000eab00000)
  object space 44032K, 64% used [0x00000000c0000000,0x00000000c1becf88,0x00000000c2b00000)
 Metaspace       used 11162K, capacity 11516K, committed 11648K, reserved 1058816K
  class space    used 1535K, capacity 1652K, committed 1664K, reserved 1048576K
}
Event: 548.449 GC heap before
{Heap before GC invocations=20 (full 8):
 PSYoungGen      total 35328K, used 32768K [0x00000000eab00000, 0x00000000ef000000, 0x0000000100000000)
  eden space 32768K, 100% used [0x00000000eab00000,0x00000000ecb00000,0x00000000ecb00000)
  from space 2560K, 0% used [0x00000000ecb00000,0x00000000ecb00000,0x00000000ecd80000)
  to   space 2560K, 0% used [0x00000000eed80000,0x00000000eed80000,0x00000000ef000000)
 ParOldGen       total 44032K, used 28595K [0x00000000c0000000, 0x00000000c2b00000, 0x00000000eab00000)
  object space 44032K, 64% used [0x00000000c0000000,0x00000000c1becf88,0x00000000c2b00000)
 Metaspace       used 11162K, capacity 11516K, committed 11648K, reserved 1058816K
  class space    used 1535K, capacity 1652K, committed 1664K, reserved 1048576K
Event: 548.463 GC heap after
Heap after GC invocations=20 (full 8):
 PSYoungGen      total 68096K, used 2048K [0x00000000eab00000, 0x00000000ef000000, 0x0000000100000000)
  eden space 65536K, 0% used [0x00000000eab00000,0x00000000eab00000,0x00000000eeb00000)
  from space 2560K, 80% used [0x00000000eed80000,0x00000000eef80000,0x00000000ef000000)
  to   space 2560K, 0% used [0x00000000eeb00000,0x00000000eeb00000,0x00000000eed80000)
 ParOldGen       total 44032K, used 28595K [0x00000000c0000000, 0x00000000c2b00000, 0x00000000eab00000)
  object space 44032K, 64% used [0x00000000c0000000,0x00000000c1becf88,0x00000000c2b00000)
 Metaspace       used 11162K, capacity 11516K, committed 11648K, reserved 1058816K
  class space    used 1535K, capacity 1652K, committed 1664K, reserved 1048576K
}
Event: 549.003 GC heap before
{Heap before GC invocations=21 (full 8):
 PSYoungGen      total 68096K, used 67584K [0x00000000eab00000, 0x00000000ef000000, 0x0000000100000000)
  eden space 65536K, 100% used [0x00000000eab00000,0x00000000eeb00000,0x00000000eeb00000)
  from space 2560K, 80% used [0x00000000eed80000,0x00000000eef80000,0x00000000ef000000)
  to   space 2560K, 0% used [0x00000000eeb00000,0x00000000eeb00000,0x00000000eed80000)
 ParOldGen       total 44032K, used 28595K [0x00000000c0000000, 0x00000000c2b00000, 0x00000000eab00000)
  object space 44032K, 64% used [0x00000000c0000000,0x00000000c1becf88,0x00000000c2b00000)
 Metaspace       used 11172K, capacity 11516K, committed 11648K, reserved 1058816K
  class space    used 1536K, capacity 1652K, committed 1664K, reserved 1048576K
Event: 549.044 GC heap after
Heap after GC invocations=21 (full 8):
 PSYoungGen      total 68096K, used 2560K [0x00000000eab00000, 0x00000000f4000000, 0x0000000100000000)
  eden space 65536K, 0% used [0x00000000eab00000,0x00000000eab00000,0x00000000eeb00000)
  from space 2560K, 100% used [0x00000000eeb00000,0x00000000eed80000,0x00000000eed80000)
  to   space 10752K, 0% used [0x00000000f3580000,0x00000000f3580000,0x00000000f4000000)
 ParOldGen       total 44032K, used 31955K [0x00000000c0000000, 0x00000000c2b00000, 0x00000000eab00000)
  object space 44032K, 72% used [0x00000000c0000000,0x00000000c1f34f88,0x00000000c2b00000)
 Metaspace       used 11172K, capacity 11516K, committed 11648K, reserved 1058816K
  class space    used 1536K, capacity 1652K, committed 1664K, reserved 1048576K
}
Event: 549.128 GC heap before
{Heap before GC invocations=22 (full 8):
 PSYoungGen      total 68096K, used 14305K [0x00000000eab00000, 0x00000000f4000000, 0x0000000100000000)
  eden space 65536K, 17% used [0x00000000eab00000,0x00000000eb6785e8,0x00000000eeb00000)
  from space 2560K, 100% used [0x00000000eeb00000,0x00000000eed80000,0x00000000eed80000)
  to   space 10752K, 0% used [0x00000000f3580000,0x00000000f3580000,0x00000000f4000000)
 ParOldGen       total 44032K, used 31955K [0x00000000c0000000, 0x00000000c2b00000, 0x00000000eab00000)
  object space 44032K, 72% used [0x00000000c0000000,0x00000000c1f34f88,0x00000000c2b00000)
 Metaspace       used 11172K, capacity 11516K, committed 11648K, reserved 1058816K
  class space    used 1536K, capacity 1652K, committed 1664K, reserved 1048576K
Event: 549.145 GC heap after
Heap after GC invocations=22 (full 8):
 PSYoungGen      total 140800K, used 3264K [0x00000000eab00000, 0x00000000f3f00000, 0x0000000100000000)
  eden space 131072K, 0% used [0x00000000eab00000,0x00000000eab00000,0x00000000f2b00000)
  from space 9728K, 33% used [0x00000000f3580000,0x00000000f38b0000,0x00000000f3f00000)
  to   space 10240K, 0% used [0x00000000f2b00000,0x00000000f2b00000,0x00000000f3500000)
 ParOldGen       total 44032K, used 31955K [0x00000000c0000000, 0x00000000c2b00000, 0x00000000eab00000)
  object space 44032K, 72% used [0x00000000c0000000,0x00000000c1f34f88,0x00000000c2b00000)
 Metaspace       used 11172K, capacity 11516K, committed 11648K, reserved 1058816K
  class space    used 1536K, capacity 1652K, committed 1664K, reserved 1048576K
}
Event: 549.145 GC heap before
{Heap before GC invocations=23 (full 9):
 PSYoungGen      total 140800K, used 3264K [0x00000000eab00000, 0x00000000f3f00000, 0x0000000100000000)
  eden space 131072K, 0% used [0x00000000eab00000,0x00000000eab00000,0x00000000f2b00000)
  from space 9728K, 33% used [0x00000000f3580000,0x00000000f38b0000,0x00000000f3f00000)
  to   space 10240K, 0% used [0x00000000f2b00000,0x00000000f2b00000,0x00000000f3500000)
 ParOldGen       total 44032K, used 31955K [0x00000000c0000000, 0x00000000c2b00000, 0x00000000eab00000)
  object space 44032K, 72% used [0x00000000c0000000,0x00000000c1f34f88,0x00000000c2b00000)
 Metaspace       used 11172K, capacity 11516K, committed 11648K, reserved 1058816K
  class space    used 1536K, capacity 1652K, committed 1664K, reserved 1048576K
Event: 549.346 GC heap after
Heap after GC invocations=23 (full 9):
 PSYoungGen      total 140800K, used 0K [0x00000000eab00000, 0x00000000f3f00000, 0x0000000100000000)
  eden space 131072K, 0% used [0x00000000eab00000,0x00000000eab00000,0x00000000f2b00000)
  from space 9728K, 0% used [0x00000000f3580000,0x00000000f3580000,0x00000000f3f00000)
  to   space 10240K, 0% used [0x00000000f2b00000,0x00000000f2b00000,0x00000000f3500000)
 ParOldGen       total 44032K, used 35088K [0x00000000c0000000, 0x00000000c2b00000, 0x00000000eab00000)
  object space 44032K, 79% used [0x00000000c0000000,0x00000000c2244278,0x00000000c2b00000)
 Metaspace       used 11172K, capacity 11516K, committed 11648K, reserved 1058816K
  class space    used 1536K, capacity 1652K, committed 1664K, reserved 1048576K
}
Event: 549.417 GC heap before
{Heap before GC invocations=24 (full 9):
 PSYoungGen      total 140800K, used 10524K [0x00000000eab00000, 0x00000000f3f00000, 0x0000000100000000)
  eden space 131072K, 8% used [0x00000000eab00000,0x00000000eb547168,0x00000000f2b00000)
  from space 9728K, 0% used [0x00000000f3580000,0x00000000f3580000,0x00000000f3f00000)
  to   space 10240K, 0% used [0x00000000f2b00000,0x00000000f2b00000,0x00000000f3500000)
 ParOldGen       total 44032K, used 35088K [0x00000000c0000000, 0x00000000c2b00000, 0x00000000eab00000)
  object space 44032K, 79% used [0x00000000c0000000,0x00000000c2244278,0x00000000c2b00000)
 Metaspace       used 11172K, capacity 11516K, committed 11648K, reserved 1058816K
  class space    used 1536K, capacity 1652K, committed 1664K, reserved 1048576K
Event: 549.422 GC heap after
Heap after GC invocations=24 (full 9):
 PSYoungGen      total 141312K, used 704K [0x00000000eab00000, 0x00000000f3f00000, 0x0000000100000000)
  eden space 131072K, 0% used [0x00000000eab00000,0x00000000eab00000,0x00000000f2b00000)
  from space 10240K, 6% used [0x00000000f2b00000,0x00000000f2bb0000,0x00000000f3500000)
  to   space 10240K, 0% used [0x00000000f3500000,0x00000000f3500000,0x00000000f3f00000)
 ParOldGen       total 44032K, used 35088K [0x00000000c0000000, 0x00000000c2b00000, 0x00000000eab00000)
  object space 44032K, 79% used [0x00000000c0000000,0x00000000c2244278,0x00000000c2b00000)
 Metaspace       used 11172K, capacity 11516K, committed 11648K, reserved 1058816K
  class space    used 1536K, capacity 1652K, committed 1664K, reserved 1048576K
}
Event: 549.422 GC heap before
{Heap before GC invocations=25 (full 10):
 PSYoungGen      total 141312K, used 704K [0x00000000eab00000, 0x00000000f3f00000, 0x0000000100000000)
  eden space 131072K, 0% used [0x00000000eab00000,0x00000000eab00000,0x00000000f2b00000)
  from space 10240K, 6% used [0x00000000f2b00000,0x00000000f2bb0000,0x00000000f3500000)
  to   space 10240K, 0% used [0x00000000f3500000,0x00000000f3500000,0x00000000f3f00000)
 ParOldGen       total 44032K, used 35088K [0x00000000c0000000, 0x00000000c2b00000, 0x00000000eab00000)
  object space 44032K, 79% used [0x00000000c0000000,0x00000000c2244278,0x00000000c2b00000)
 Metaspace       used 11172K, capacity 11516K, committed 11648K, reserved 1058816K
  class space    used 1536K, capacity 1652K, committed 1664K, reserved 1048576K
Event: 549.546 GC heap after
Heap after GC invocations=25 (full 10):
 PSYoungGen      total 141312K, used 0K [0x00000000eab00000, 0x00000000f3f00000, 0x0000000100000000)
  eden space 131072K, 0% used [0x00000000eab00000,0x00000000eab00000,0x00000000f2b00000)
  from space 10240K, 0% used [0x00000000f2b00000,0x00000000f2b00000,0x00000000f3500000)
  to   space 10240K, 0% used [0x00000000f3500000,0x00000000f3500000,0x00000000f3f00000)
 ParOldGen       total 44032K, used 35698K [0x00000000c0000000, 0x00000000c2b00000, 0x00000000eab00000)
  object space 44032K, 81% used [0x00000000c0000000,0x00000000c22dc980,0x00000000c2b00000)
 Metaspace       used 11172K, capacity 11516K, committed 11648K, reserved 1058816K
  class space    used 1536K, capacity 1652K, committed 1664K, reserved 1048576K
}
Event: 550.679 GC heap before
{Heap before GC invocations=26 (full 10):
 PSYoungGen      total 141312K, used 131072K [0x00000000eab00000, 0x00000000f3f00000, 0x0000000100000000)
  eden space 131072K, 100% used [0x00000000eab00000,0x00000000f2b00000,0x00000000f2b00000)
  from space 10240K, 0% used [0x00000000f2b00000,0x00000000f2b00000,0x00000000f3500000)
  to   space 10240K, 0% used [0x00000000f3500000,0x00000000f3500000,0x00000000f3f00000)
 ParOldGen       total 44032K, used 35698K [0x00000000c0000000, 0x00000000c2b00000, 0x00000000eab00000)
  object space 44032K, 81% used [0x00000000c0000000,0x00000000c22dc980,0x00000000c2b00000)
 Metaspace       used 11779K, capacity 12110K, committed 12288K, reserved 1060864K
  class space    used 1605K, capacity 1762K, committed 1792K, reserved 1048576K
Event: 550.783 GC heap after
Heap after GC invocations=26 (full 10):
 PSYoungGen      total 135168K, used 10208K [0x00000000eab00000, 0x00000000fcb00000, 0x0000000100000000)
  eden space 124928K, 0% used [0x00000000eab00000,0x00000000eab00000,0x00000000f2500000)
  from space 10240K, 99% used [0x00000000f3500000,0x00000000f3ef8020,0x00000000f3f00000)
  to   space 16384K, 0% used [0x00000000f2500000,0x00000000f2500000,0x00000000f3500000)
 ParOldGen       total 47616K, used 47547K [0x00000000c0000000, 0x00000000c2e80000, 0x00000000eab00000)
  object space 47616K, 99% used [0x00000000c0000000,0x00000000c2e6ed40,0x00000000c2e80000)
 Metaspace       used 11779K, capacity 12110K, committed 12288K, reserved 1060864K
  class space    used 1605K, capacity 1762K, committed 1792K, reserved 1048576K
}
Event: 550.784 GC heap before
{Heap before GC invocations=27 (full 11):
 PSYoungGen      total 135168K, used 10208K [0x00000000eab00000, 0x00000000fcb00000, 0x0000000100000000)
  eden space 124928K, 0% used [0x00000000eab00000,0x00000000eab00000,0x00000000f2500000)
  from space 10240K, 99% used [0x00000000f3500000,0x00000000f3ef8020,0x00000000f3f00000)
  to   space 16384K, 0% used [0x00000000f2500000,0x00000000f2500000,0x00000000f3500000)
 ParOldGen       total 47616K, used 47547K [0x00000000c0000000, 0x00000000c2e80000, 0x00000000eab00000)
  object space 47616K, 99% used [0x00000000c0000000,0x00000000c2e6ed40,0x00000000c2e80000)
 Metaspace       used 11779K, capacity 12110K, committed 12288K, reserved 1060864K
  class space    used 1605K, capacity 1762K, committed 1792K, reserved 1048576K
Event: 551.165 GC heap after
Heap after GC invocations=27 (full 11):
 PSYoungGen      total 135168K, used 0K [0x00000000eab00000, 0x00000000fcb00000, 0x0000000100000000)
  eden space 124928K, 0% used [0x00000000eab00000,0x00000000eab00000,0x00000000f2500000)
  from space 10240K, 0% used [0x00000000f3500000,0x00000000f3500000,0x00000000f3f00000)
  to   space 16384K, 0% used [0x00000000f2500000,0x00000000f2500000,0x00000000f3500000)
 ParOldGen       total 77312K, used 37762K [0x00000000c0000000, 0x00000000c4b80000, 0x00000000eab00000)
  object space 77312K, 48% used [0x00000000c0000000,0x00000000c24e0938,0x00000000c4b80000)
 Metaspace       used 11779K, capacity 12110K, committed 12288K, reserved 1060864K
  class space    used 1605K, capacity 1762K, committed 1792K, reserved 1048576K
}
Event: 551.311 GC heap before
{Heap before GC invocations=28 (full 11):
 PSYoungGen      total 135168K, used 2615K [0x00000000eab00000, 0x00000000fcb00000, 0x0000000100000000)
  eden space 124928K, 2% used [0x00000000eab00000,0x00000000ead8df18,0x00000000f2500000)
  from space 10240K, 0% used [0x00000000f3500000,0x00000000f3500000,0x00000000f3f00000)
  to   space 16384K, 0% used [0x00000000f2500000,0x00000000f2500000,0x00000000f3500000)
 ParOldGen       total 77312K, used 37762K [0x00000000c0000000, 0x00000000c4b80000, 0x00000000eab00000)
  object space 77312K, 48% used [0x00000000c0000000,0x00000000c24e0938,0x00000000c4b80000)
 Metaspace       used 11885K, capacity 12268K, committed 12544K, reserved 1060864K
  class space    used 1612K, capacity 1767K, committed 1792K, reserved 1048576K
Event: 551.319 GC heap after
Heap after GC invocations=28 (full 11):
 PSYoungGen      total 141312K, used 232K [0x00000000eab00000, 0x00000000f5f80000, 0x0000000100000000)
  eden space 124928K, 0% used [0x00000000eab00000,0x00000000eab00000,0x00000000f2500000)
  from space 16384K, 1% used [0x00000000f2500000,0x00000000f253a248,0x00000000f3500000)
  to   space 15872K, 0% used [0x00000000f5000000,0x00000000f5000000,0x00000000f5f80000)
 ParOldGen       total 77312K, used 37762K [0x00000000c0000000, 0x00000000c4b80000, 0x00000000eab00000)
  object space 77312K, 48% used [0x00000000c0000000,0x00000000c24e0938,0x00000000c4b80000)
 Metaspace       used 11885K, capacity 12268K, committed 12544K, reserved 1060864K
  class space    used 1612K, capacity 1767K, committed 1792K, reserved 1048576K
}
Event: 551.319 GC heap before
{Heap before GC invocations=29 (full 12):
 PSYoungGen      total 141312K, used 232K [0x00000000eab00000, 0x00000000f5f80000, 0x0000000100000000)
  eden space 124928K, 0% used [0x00000000eab00000,0x00000000eab00000,0x00000000f2500000)
  from space 16384K, 1% used [0x00000000f2500000,0x00000000f253a248,0x00000000f3500000)
  to   space 15872K, 0% used [0x00000000f5000000,0x00000000f5000000,0x00000000f5f80000)
 ParOldGen       total 77312K, used 37762K [0x00000000c0000000, 0x00000000c4b80000, 0x00000000eab00000)
  object space 77312K, 48% used [0x00000000c0000000,0x00000000c24e0938,0x00000000c4b80000)
 Metaspace       used 11885K, capacity 12268K, committed 12544K, reserved 1060864K
  class space    used 1612K, capacity 1767K, committed 1792K, reserved 1048576K
Event: 551.981 GC heap after
Heap after GC invocations=29 (full 12):
 PSYoungGen      total 141312K, used 0K [0x00000000eab00000, 0x00000000f5f80000, 0x0000000100000000)
  eden space 124928K, 0% used [0x00000000eab00000,0x00000000eab00000,0x00000000f2500000)
  from space 16384K, 0% used [0x00000000f2500000,0x00000000f2500000,0x00000000f3500000)
  to   space 15872K, 0% used [0x00000000f5000000,0x00000000f5000000,0x00000000f5f80000)
 ParOldGen       total 77312K, used 37697K [0x00000000c0000000, 0x00000000c4b80000, 0x00000000eab00000)
  object space 77312K, 48% used [0x00000000c0000000,0x00000000c24d0658,0x00000000c4b80000)
 Metaspace       used 11885K, capacity 12268K, committed 12544K, reserved 1060864K
  class space    used 1612K, capacity 1767K, committed 1792K, reserved 1048576K
}
Event: 554.952 GC heap before
{Heap before GC invocations=30 (full 12):
 PSYoungGen      total 141312K, used 124928K [0x00000000eab00000, 0x00000000f5f80000, 0x0000000100000000)
  eden space 124928K, 100% used [0x00000000eab00000,0x00000000f2500000,0x00000000f2500000)
  from space 16384K, 0% used [0x00000000f2500000,0x00000000f2500000,0x00000000f3500000)
  to   space 15872K, 0% used [0x00000000f5000000,0x00000000f5000000,0x00000000f5f80000)
 ParOldGen       total 77312K, used 37697K [0x00000000c0000000, 0x00000000c4b80000, 0x00000000eab00000)
  object space 77312K, 48% used [0x00000000c0000000,0x00000000c24d0658,0x00000000c4b80000)
 Metaspace       used 12544K, capacity 12976K, committed 13184K, reserved 1060864K
  class space    used 1724K, capacity 1872K, committed 1920K, reserved 1048576K
Event: 554.975 GC heap after
Heap after GC invocations=30 (full 12):
 PSYoungGen      total 160768K, used 11846K [0x00000000eab00000, 0x00000000f5d00000, 0x0000000100000000)
  eden space 147456K, 0% used [0x00000000eab00000,0x00000000eab00000,0x00000000f3b00000)
  from space 13312K, 88% used [0x00000000f5000000,0x00000000f5b91888,0x00000000f5d00000)
  to   space 17408K, 0% used [0x00000000f3b00000,0x00000000f3b00000,0x00000000f4c00000)
 ParOldGen       total 77312K, used 37705K [0x00000000c0000000, 0x00000000c4b80000, 0x00000000eab00000)
  object space 77312K, 48% used [0x00000000c0000000,0x00000000c24d2658,0x00000000c4b80000)
 Metaspace       used 12544K, capacity 12976K, committed 13184K, reserved 1060864K
  class space    used 1724K, capacity 1872K, committed 1920K, reserved 1048576K
}
Event: 555.063 GC heap before
{Heap before GC invocations=31 (full 12):
 PSYoungGen      total 160768K, used 50013K [0x00000000eab00000, 0x00000000f5d00000, 0x0000000100000000)
  eden space 147456K, 25% used [0x00000000eab00000,0x00000000ed045c50,0x00000000f3b00000)
  from space 13312K, 88% used [0x00000000f5000000,0x00000000f5b91888,0x00000000f5d00000)
  to   space 17408K, 0% used [0x00000000f3b00000,0x00000000f3b00000,0x00000000f4c00000)
 ParOldGen       total 77312K, used 37705K [0x00000000c0000000, 0x00000000c4b80000, 0x00000000eab00000)
  object space 77312K, 48% used [0x00000000c0000000,0x00000000c24d2658,0x00000000c4b80000)
 Metaspace       used 12547K, capacity 12976K, committed 13184K, reserved 1060864K
  class space    used 1724K, capacity 1872K, committed 1920K, reserved 1048576K
Event: 555.087 GC heap after
Heap after GC invocations=31 (full 12):
 PSYoungGen      total 164864K, used 15002K [0x00000000eab00000, 0x00000000f6200000, 0x0000000100000000)
  eden space 147456K, 0% used [0x00000000eab00000,0x00000000eab00000,0x00000000f3b00000)
  from space 17408K, 86% used [0x00000000f3b00000,0x00000000f49a6ad0,0x00000000f4c00000)
  to   space 19968K, 0% used [0x00000000f4e80000,0x00000000f4e80000,0x00000000f6200000)
 ParOldGen       total 77312K, used 37713K [0x00000000c0000000, 0x00000000c4b80000, 0x00000000eab00000)
  object space 77312K, 48% used [0x00000000c0000000,0x00000000c24d4658,0x00000000c4b80000)
 Metaspace       used 12547K, capacity 12976K, committed 13184K, reserved 1060864K
  class space    used 1724K, capacity 1872K, committed 1920K, reserved 1048576K
}
Event: 555.087 GC heap before
{Heap before GC invocations=32 (full 13):
 PSYoungGen      total 164864K, used 15002K [0x00000000eab00000, 0x00000000f6200000, 0x0000000100000000)
  eden space 147456K, 0% used [0x00000000eab00000,0x00000000eab00000,0x00000000f3b00000)
  from space 17408K, 86% used [0x00000000f3b00000,0x00000000f49a6ad0,0x00000000f4c00000)
  to   space 19968K, 0% used [0x00000000f4e80000,0x00000000f4e80000,0x00000000f6200000)
 ParOldGen       total 77312K, used 37713K [0x00000000c0000000, 0x00000000c4b80000, 0x00000000eab00000)
  object space 77312K, 48% used [0x00000000c0000000,0x00000000c24d4658,0x00000000c4b80000)
 Metaspace       used 12547K, capacity 12976K, committed 13184K, reserved 1060864K
  class space    used 1724K, capacity 1872K, committed 1920K, reserved 1048576K
Event: 555.422 GC heap after
Heap after GC invocations=32 (full 13):
 PSYoungGen      total 164864K, used 0K [0x00000000eab00000, 0x00000000f6200000, 0x0000000100000000)
  eden space 147456K, 0% used [0x00000000eab00000,0x00000000eab00000,0x00000000f3b00000)
  from space 17408K, 0% used [0x00000000f3b00000,0x00000000f3b00000,0x00000000f4c00000)
  to   space 19968K, 0% used [0x00000000f4e80000,0x00000000f4e80000,0x00000000f6200000)
 ParOldGen       total 77312K, used 52385K [0x00000000c0000000, 0x00000000c4b80000, 0x00000000eab00000)
  object space 77312K, 67% used [0x00000000c0000000,0x00000000c3328770,0x00000000c4b80000)
 Metaspace       used 12547K, capacity 12976K, committed 13184K, reserved 1060864K
  class space    used 1724K, capacity 1872K, committed 1920K, reserved 1048576K
}
Event: 555.516 GC heap before
{Heap before GC invocations=33 (full 13):
 PSYoungGen      total 164864K, used 38166K [0x00000000eab00000, 0x00000000f6200000, 0x0000000100000000)
  eden space 147456K, 25% used [0x00000000eab00000,0x00000000ed045b98,0x00000000f3b00000)
  from space 17408K, 0% used [0x00000000f3b00000,0x00000000f3b00000,0x00000000f4c00000)
  to   space 19968K, 0% used [0x00000000f4e80000,0x00000000f4e80000,0x00000000f6200000)
 ParOldGen       total 77312K, used 52385K [0x00000000c0000000, 0x00000000c4b80000, 0x00000000eab00000)
  object space 77312K, 67% used [0x00000000c0000000,0x00000000c3328770,0x00000000c4b80000)
 Metaspace       used 12547K, capacity 12976K, committed 13184K, reserved 1060864K
  class space    used 1724K, capacity 1872K, committed 1920K, reserved 1048576K
Event: 555.524 GC heap after
Heap after GC invocations=33 (full 13):
 PSYoungGen      total 165376K, used 3968K [0x00000000eab00000, 0x00000000f6000000, 0x0000000100000000)
  eden space 147456K, 0% used [0x00000000eab00000,0x00000000eab00000,0x00000000f3b00000)
  from space 17920K, 22% used [0x00000000f4e80000,0x00000000f5260000,0x00000000f6000000)
  to   space 18944K, 0% used [0x00000000f3b00000,0x00000000f3b00000,0x00000000f4d80000)
 ParOldGen       total 77312K, used 52385K [0x00000000c0000000, 0x00000000c4b80000, 0x00000000eab00000)
  object space 77312K, 67% used [0x00000000c0000000,0x00000000c3328770,0x00000000c4b80000)
 Metaspace       used 12547K, capacity 12976K, committed 13184K, reserved 1060864K
  class space    used 1724K, capacity 1872K, committed 1920K, reserved 1048576K
}
Event: 555.524 GC heap before
{Heap before GC invocations=34 (full 14):
 PSYoungGen      total 165376K, used 3968K [0x00000000eab00000, 0x00000000f6000000, 0x0000000100000000)
  eden space 147456K, 0% used [0x00000000eab00000,0x00000000eab00000,0x00000000f3b00000)
  from space 17920K, 22% used [0x00000000f4e80000,0x00000000f5260000,0x00000000f6000000)
  to   space 18944K, 0% used [0x00000000f3b00000,0x00000000f3b00000,0x00000000f4d80000)
 ParOldGen       total 77312K, used 52385K [0x00000000c0000000, 0x00000000c4b80000, 0x00000000eab00000)
  object space 77312K, 67% used [0x00000000c0000000,0x00000000c3328770,0x00000000c4b80000)
 Metaspace       used 12547K, capacity 12976K, committed 13184K, reserved 1060864K
  class space    used 1724K, capacity 1872K, committed 1920K, reserved 1048576K
Event: 555.843 GC heap after
Heap after GC invocations=34 (full 14):
 PSYoungGen      total 165376K, used 0K [0x00000000eab00000, 0x00000000f6000000, 0x0000000100000000)
  eden space 147456K, 0% used [0x00000000eab00000,0x00000000eab00000,0x00000000f3b00000)
  from space 17920K, 0% used [0x00000000f4e80000,0x00000000f4e80000,0x00000000f6000000)
  to   space 18944K, 0% used [0x00000000f3b00000,0x00000000f3b00000,0x00000000f4d80000)
 ParOldGen       total 77312K, used 55538K [0x00000000c0000000, 0x00000000c4b80000, 0x00000000eab00000)
  object space 77312K, 71% used [0x00000000c0000000,0x00000000c363ca98,0x00000000c4b80000)
 Metaspace       used 12547K, capacity 12976K, committed 13184K, reserved 1060864K
  class space    used 1724K, capacity 1872K, committed 1920K, reserved 1048576K
}
Event: 555.954 GC heap before
{Heap before GC invocations=35 (full 14):
 PSYoungGen      total 165376K, used 32305K [0x00000000eab00000, 0x00000000f6000000, 0x0000000100000000)
  eden space 147456K, 21% used [0x00000000eab00000,0x00000000eca8c7f0,0x00000000f3b00000)
  from space 17920K, 0% used [0x00000000f4e80000,0x00000000f4e80000,0x00000000f6000000)
  to   space 18944K, 0% used [0x00000000f3b00000,0x00000000f3b00000,0x00000000f4d80000)
 ParOldGen       total 77312K, used 55538K [0x00000000c0000000, 0x00000000c4b80000, 0x00000000eab00000)
  object space 77312K, 71% used [0x00000000c0000000,0x00000000c363ca98,0x00000000c4b80000)
 Metaspace       used 12547K, capacity 12976K, committed 13184K, reserved 1060864K
  class space    used 1724K, capacity 1872K, committed 1920K, reserved 1048576K
Event: 555.964 GC heap after
Heap after GC invocations=35 (full 14):
 PSYoungGen      total 153600K, used 6112K [0x00000000eab00000, 0x00000000f5e00000, 0x0000000100000000)
  eden space 147456K, 0% used [0x00000000eab00000,0x00000000eab00000,0x00000000f3b00000)
  from space 6144K, 99% used [0x00000000f3b00000,0x00000000f40f8040,0x00000000f4100000)
  to   space 17920K, 0% used [0x00000000f4c80000,0x00000000f4c80000,0x00000000f5e00000)
 ParOldGen       total 77312K, used 55538K [0x00000000c0000000, 0x00000000c4b80000, 0x00000000eab00000)
  object space 77312K, 71% used [0x00000000c0000000,0x00000000c363ca98,0x00000000c4b80000)
 Metaspace       used 12547K, capacity 12976K, committed 13184K, reserved 1060864K
  class space    used 1724K, capacity 1872K, committed 1920K, reserved 1048576K
}
Event: 555.964 GC heap before
{Heap before GC invocations=36 (full 15):
 PSYoungGen      total 153600K, used 6112K [0x00000000eab00000, 0x00000000f5e00000, 0x0000000100000000)
  eden space 147456K, 0% used [0x00000000eab00000,0x00000000eab00000,0x00000000f3b00000)
  from space 6144K, 99% used [0x00000000f3b00000,0x00000000f40f8040,0x00000000f4100000)
  to   space 17920K, 0% used [0x00000000f4c80000,0x00000000f4c80000,0x00000000f5e00000)
 ParOldGen       total 77312K, used 55538K [0x00000000c0000000, 0x00000000c4b80000, 0x00000000eab00000)
  object space 77312K, 71% used [0x00000000c0000000,0x00000000c363ca98,0x00000000c4b80000)
 Metaspace       used 12547K, capacity 12976K, committed 13184K, reserved 1060864K
  class space    used 1724K, capacity 1872K, committed 1920K, reserved 1048576K
Event: 556.671 GC heap after
Heap after GC invocations=36 (full 15):
 PSYoungGen      total 153600K, used 0K [0x00000000eab00000, 0x00000000f5e00000, 0x0000000100000000)
  eden space 147456K, 0% used [0x00000000eab00000,0x00000000eab00000,0x00000000f3b00000)
  from space 6144K, 0% used [0x00000000f3b00000,0x00000000f3b00000,0x00000000f4100000)
  to   space 17920K, 0% used [0x00000000f4c80000,0x00000000f4c80000,0x00000000f5e00000)
 ParOldGen       total 77312K, used 60710K [0x00000000c0000000, 0x00000000c4b80000, 0x00000000eab00000)
  object space 77312K, 78% used [0x00000000c0000000,0x00000000c3b49ad8,0x00000000c4b80000)
 Metaspace       used 12547K, capacity 12976K, committed 13184K, reserved 1060864K
  class space    used 1724K, capacity 1872K, committed 1920K, reserved 1048576K
}
Event: 556.773 GC heap before
{Heap before GC invocations=37 (full 15):
 PSYoungGen      total 153600K, used 7980K [0x00000000eab00000, 0x00000000f5e00000, 0x0000000100000000)
  eden space 147456K, 5% used [0x00000000eab00000,0x00000000eb2cb3e8,0x00000000f3b00000)
  from space 6144K, 0% used [0x00000000f3b00000,0x00000000f3b00000,0x00000000f4100000)
  to   space 17920K, 0% used [0x00000000f4c80000,0x00000000f4c80000,0x00000000f5e00000)
 ParOldGen       total 77312K, used 60710K [0x00000000c0000000, 0x00000000c4b80000, 0x00000000eab00000)
  object space 77312K, 78% used [0x00000000c0000000,0x00000000c3b49ad8,0x00000000c4b80000)
 Metaspace       used 12547K, capacity 12976K, committed 13184K, reserved 1060864K
  class space    used 1724K, capacity 1872K, committed 1920K, reserved 1048576K
Event: 556.782 GC heap after
Heap after GC invocations=37 (full 15):
 PSYoungGen      total 163328K, used 3904K [0x00000000eab00000, 0x00000000f5c00000, 0x0000000100000000)
  eden space 147456K, 0% used [0x00000000eab00000,0x00000000eab00000,0x00000000f3b00000)
  from space 15872K, 24% used [0x00000000f4c80000,0x00000000f5050040,0x00000000f5c00000)
  to   space 16896K, 0% used [0x00000000f3b00000,0x00000000f3b00000,0x00000000f4b80000)
 ParOldGen       total 77312K, used 60710K [0x00000000c0000000, 0x00000000c4b80000, 0x00000000eab00000)
  object space 77312K, 78% used [0x00000000c0000000,0x00000000c3b49ad8,0x00000000c4b80000)
 Metaspace       used 12547K, capacity 12976K, committed 13184K, reserved 1060864K
  class space    used 1724K, capacity 1872K, committed 1920K, reserved 1048576K
}
Event: 556.782 GC heap before
{Heap before GC invocations=38 (full 16):
 PSYoungGen      total 163328K, used 3904K [0x00000000eab00000, 0x00000000f5c00000, 0x0000000100000000)
  eden space 147456K, 0% used [0x00000000eab00000,0x00000000eab00000,0x00000000f3b00000)
  from space 15872K, 24% used [0x00000000f4c80000,0x00000000f5050040,0x00000000f5c00000)
  to   space 16896K, 0% used [0x00000000f3b00000,0x00000000f3b00000,0x00000000f4b80000)
 ParOldGen       total 77312K, used 60710K [0x00000000c0000000, 0x00000000c4b80000, 0x00000000eab00000)
  object space 77312K, 78% used [0x00000000c0000000,0x00000000c3b49ad8,0x00000000c4b80000)
 Metaspace       used 12547K, capacity 12976K, committed 13184K, reserved 1060864K
  class space    used 1724K, capacity 1872K, committed 1920K, reserved 1048576K
Event: 557.185 GC heap after
Heap after GC invocations=38 (full 16):
 PSYoungGen      total 163328K, used 0K [0x00000000eab00000, 0x00000000f5c00000, 0x0000000100000000)
  eden space 147456K, 0% used [0x00000000eab00000,0x00000000eab00000,0x00000000f3b00000)
  from space 15872K, 0% used [0x00000000f4c80000,0x00000000f4c80000,0x00000000f5c00000)
  to   space 16896K, 0% used [0x00000000f3b00000,0x00000000f3b00000,0x00000000f4b80000)
 ParOldGen       total 77312K, used 52797K [0x00000000c0000000, 0x00000000c4b80000, 0x00000000eab00000)
  object space 77312K, 68% used [0x00000000c0000000,0x00000000c338f6d8,0x00000000c4b80000)
 Metaspace       used 12547K, capacity 12976K, committed 13184K, reserved 1060864K
  class space    used 1724K, capacity 1872K, committed 1920K, reserved 1048576K
}
Event: 563.392 GC heap before
{Heap before GC invocations=39 (full 16):
 PSYoungGen      total 163328K, used 147456K [0x00000000eab00000, 0x00000000f5c00000, 0x0000000100000000)
  eden space 147456K, 100% used [0x00000000eab00000,0x00000000f3b00000,0x00000000f3b00000)
  from space 15872K, 0% used [0x00000000f4c80000,0x00000000f4c80000,0x00000000f5c00000)
  to   space 16896K, 0% used [0x00000000f3b00000,0x00000000f3b00000,0x00000000f4b80000)
 ParOldGen       total 77312K, used 52797K [0x00000000c0000000, 0x00000000c4b80000, 0x00000000eab00000)
  object space 77312K, 68% used [0x00000000c0000000,0x00000000c338f6d8,0x00000000c4b80000)
 Metaspace       used 14207K, capacity 14782K, committed 14976K, reserved 1062912K
  class space    used 1973K, capacity 2138K, committed 2176K, reserved 1048576K
Event: 563.436 GC heap after
Heap after GC invocations=39 (full 16):
 PSYoungGen      total 164352K, used 15565K [0x00000000eab00000, 0x00000000f7680000, 0x0000000100000000)
  eden space 147456K, 0% used [0x00000000eab00000,0x00000000eab00000,0x00000000f3b00000)
  from space 16896K, 92% used [0x00000000f3b00000,0x00000000f4a336f0,0x00000000f4b80000)
  to   space 19456K, 0% used [0x00000000f6380000,0x00000000f6380000,0x00000000f7680000)
 ParOldGen       total 77312K, used 52805K [0x00000000c0000000, 0x00000000c4b80000, 0x00000000eab00000)
  object space 77312K, 68% used [0x00000000c0000000,0x00000000c33916d8,0x00000000c4b80000)
 Metaspace       used 14207K, capacity 14782K, committed 14976K, reserved 1062912K
  class space    used 1973K, capacity 2138K, committed 2176K, reserved 1048576K
}
Event: 563.717 GC heap before
{Heap before GC invocations=40 (full 16):
 PSYoungGen      total 164352K, used 36154K [0x00000000eab00000, 0x00000000f7680000, 0x0000000100000000)
  eden space 147456K, 13% used [0x00000000eab00000,0x00000000ebf1b3c0,0x00000000f3b00000)
  from space 16896K, 92% used [0x00000000f3b00000,0x00000000f4a336f0,0x00000000f4b80000)
  to   space 19456K, 0% used [0x00000000f6380000,0x00000000f6380000,0x00000000f7680000)
 ParOldGen       total 77312K, used 52805K [0x00000000c0000000, 0x00000000c4b80000, 0x00000000eab00000)
  object space 77312K, 68% used [0x00000000c0000000,0x00000000c33916d8,0x00000000c4b80000)
 Metaspace       used 14208K, capacity 14782K, committed 14976K, reserved 1062912K
  class space    used 1973K, capacity 2138K, committed 2176K, reserved 1048576K
Event: 563.749 GC heap after
Heap after GC invocations=40 (full 16):
 PSYoungGen      total 186880K, used 15034K [0x00000000eab00000, 0x00000000f7a80000, 0x0000000100000000)
  eden space 167424K, 0% used [0x00000000eab00000,0x00000000eab00000,0x00000000f4e80000)
  from space 19456K, 77% used [0x00000000f6380000,0x00000000f722e940,0x00000000f7680000)
  to   space 21504K, 0% used [0x00000000f4e80000,0x00000000f4e80000,0x00000000f6380000)
 ParOldGen       total 77312K, used 52805K [0x00000000c0000000, 0x00000000c4b80000, 0x00000000eab00000)
  object space 77312K, 68% used [0x00000000c0000000,0x00000000c33916d8,0x00000000c4b80000)
 Metaspace       used 14208K, capacity 14782K, committed 14976K, reserved 1062912K
  class space    used 1973K, capacity 2138K, committed 2176K, reserved 1048576K
}
Event: 563.749 GC heap before
{Heap before GC invocations=41 (full 17):
 PSYoungGen      total 186880K, used 15034K [0x00000000eab00000, 0x00000000f7a80000, 0x0000000100000000)
  eden space 167424K, 0% used [0x00000000eab00000,0x00000000eab00000,0x00000000f4e80000)
  from space 19456K, 77% used [0x00000000f6380000,0x00000000f722e940,0x00000000f7680000)
  to   space 21504K, 0% used [0x00000000f4e80000,0x00000000f4e80000,0x00000000f6380000)
 ParOldGen       total 77312K, used 52805K [0x00000000c0000000, 0x00000000c4b80000, 0x00000000eab00000)
  object space 77312K, 68% used [0x00000000c0000000,0x00000000c33916d8,0x00000000c4b80000)
 Metaspace       used 14208K, capacity 14782K, committed 14976K, reserved 1062912K
  class space    used 1973K, capacity 2138K, committed 2176K, reserved 1048576K
Event: 564.971 GC heap after
Heap after GC invocations=41 (full 17):
 PSYoungGen      total 186880K, used 0K [0x00000000eab00000, 0x00000000f7a80000, 0x0000000100000000)
  eden space 167424K, 0% used [0x00000000eab00000,0x00000000eab00000,0x00000000f4e80000)
  from space 19456K, 0% used [0x00000000f6380000,0x00000000f6380000,0x00000000f7680000)
  to   space 21504K, 0% used [0x00000000f4e80000,0x00000000f4e80000,0x00000000f6380000)
 ParOldGen       total 77312K, used 67707K [0x00000000c0000000, 0x00000000c4b80000, 0x00000000eab00000)
  object space 77312K, 87% used [0x00000000c0000000,0x00000000c421ed18,0x00000000c4b80000)
 Metaspace       used 14208K, capacity 14782K, committed 14976K, reserved 1062912K
  class space    used 1973K, capacity 2138K, committed 2176K, reserved 1048576K
}
Event: 565.211 GC heap before
{Heap before GC invocations=42 (full 17):
 PSYoungGen      total 186880K, used 23376K [0x00000000eab00000, 0x00000000f7a80000, 0x0000000100000000)
  eden space 167424K, 13% used [0x00000000eab00000,0x00000000ec1d43b0,0x00000000f4e80000)
  from space 19456K, 0% used [0x00000000f6380000,0x00000000f6380000,0x00000000f7680000)
  to   space 21504K, 0% used [0x00000000f4e80000,0x00000000f4e80000,0x00000000f6380000)
 ParOldGen       total 77312K, used 67707K [0x00000000c0000000, 0x00000000c4b80000, 0x00000000eab00000)
  object space 77312K, 87% used [0x00000000c0000000,0x00000000c421ed18,0x00000000c4b80000)
 Metaspace       used 14208K, capacity 14782K, committed 14976K, reserved 1062912K
  class space    used 1973K, capacity 2138K, committed 2176K, reserved 1048576K
Event: 565.222 GC heap after
Heap after GC invocations=42 (full 17):
 PSYoungGen      total 188928K, used 128K [0x00000000eab00000, 0x00000000f7980000, 0x0000000100000000)
  eden space 167424K, 0% used [0x00000000eab00000,0x00000000eab00000,0x00000000f4e80000)
  from space 21504K, 0% used [0x00000000f4e80000,0x00000000f4ea0000,0x00000000f6380000)
  to   space 20992K, 0% used [0x00000000f6500000,0x00000000f6500000,0x00000000f7980000)
 ParOldGen       total 77312K, used 67707K [0x00000000c0000000, 0x00000000c4b80000, 0x00000000eab00000)
  object space 77312K, 87% used [0x00000000c0000000,0x00000000c421ed18,0x00000000c4b80000)
 Metaspace       used 14208K, capacity 14782K, committed 14976K, reserved 1062912K
  class space    used 1973K, capacity 2138K, committed 2176K, reserved 1048576K
}
Event: 565.222 GC heap before
{Heap before GC invocations=43 (full 18):
 PSYoungGen      total 188928K, used 128K [0x00000000eab00000, 0x00000000f7980000, 0x0000000100000000)
  eden space 167424K, 0% used [0x00000000eab00000,0x00000000eab00000,0x00000000f4e80000)
  from space 21504K, 0% used [0x00000000f4e80000,0x00000000f4ea0000,0x00000000f6380000)
  to   space 20992K, 0% used [0x00000000f6500000,0x00000000f6500000,0x00000000f7980000)
 ParOldGen       total 77312K, used 67707K [0x00000000c0000000, 0x00000000c4b80000, 0x00000000eab00000)
  object space 77312K, 87% used [0x00000000c0000000,0x00000000c421ed18,0x00000000c4b80000)
 Metaspace       used 14208K, capacity 14782K, committed 14976K, reserved 1062912K
  class space    used 1973K, capacity 2138K, committed 2176K, reserved 1048576K
Event: 565.714 GC heap after
Heap after GC invocations=43 (full 18):
 PSYoungGen      total 188928K, used 0K [0x00000000eab00000, 0x00000000f7980000, 0x0000000100000000)
  eden space 167424K, 0% used [0x00000000eab00000,0x00000000eab00000,0x00000000f4e80000)
  from space 21504K, 0% used [0x00000000f4e80000,0x00000000f4e80000,0x00000000f6380000)
  to   space 20992K, 0% used [0x00000000f6500000,0x00000000f6500000,0x00000000f7980000)
 ParOldGen       total 77312K, used 67640K [0x00000000c0000000, 0x00000000c4b80000, 0x00000000eab00000)
  object space 77312K, 87% used [0x00000000c0000000,0x00000000c420e2d0,0x00000000c4b80000)
 Metaspace       used 14208K, capacity 14782K, committed 14976K, reserved 1062912K
  class space    used 1973K, capacity 2138K, committed 2176K, reserved 1048576K
}
Event: 567.703 GC heap before
{Heap before GC invocations=44 (full 18):
 PSYoungGen      total 188928K, used 167424K [0x00000000eab00000, 0x00000000f7980000, 0x0000000100000000)
  eden space 167424K, 100% used [0x00000000eab00000,0x00000000f4e80000,0x00000000f4e80000)
  from space 21504K, 0% used [0x00000000f4e80000,0x00000000f4e80000,0x00000000f6380000)
  to   space 20992K, 0% used [0x00000000f6500000,0x00000000f6500000,0x00000000f7980000)
 ParOldGen       total 77312K, used 67640K [0x00000000c0000000, 0x00000000c4b80000, 0x00000000eab00000)
  object space 77312K, 87% used [0x00000000c0000000,0x00000000c420e2d0,0x00000000c4b80000)
 Metaspace       used 14209K, capacity 14782K, committed 14976K, reserved 1062912K
  class space    used 1973K, capacity 2138K, committed 2176K, reserved 1048576K
Event: 567.708 GC heap after
Heap after GC invocations=44 (full 18):
 PSYoungGen      total 190464K, used 544K [0x00000000eab00000, 0x00000000f8300000, 0x0000000100000000)
  eden space 169472K, 0% used [0x00000000eab00000,0x00000000eab00000,0x00000000f5080000)
  from space 20992K, 2% used [0x00000000f6500000,0x00000000f6588000,0x00000000f7980000)
  to   space 20992K, 0% used [0x00000000f5080000,0x00000000f5080000,0x00000000f6500000)
 ParOldGen       total 77312K, used 67640K [0x00000000c0000000, 0x00000000c4b80000, 0x00000000eab00000)
  object space 77312K, 87% used [0x00000000c0000000,0x00000000c420e2d0,0x00000000c4b80000)
 Metaspace       used 14209K, capacity 14782K, committed 14976K, reserved 1062912K
  class space    used 1973K, capacity 2138K, committed 2176K, reserved 1048576K
}
Event: 568.664 GC heap before
{Heap before GC invocations=45 (full 18):
 PSYoungGen      total 190464K, used 170016K [0x00000000eab00000, 0x00000000f8300000, 0x0000000100000000)
  eden space 169472K, 100% used [0x00000000eab00000,0x00000000f5080000,0x00000000f5080000)
  from space 20992K, 2% used [0x00000000f6500000,0x00000000f6588000,0x00000000f7980000)
  to   space 20992K, 0% used [0x00000000f5080000,0x00000000f5080000,0x00000000f6500000)
 ParOldGen       total 77312K, used 67640K [0x00000000c0000000, 0x00000000c4b80000, 0x00000000eab00000)
  object space 77312K, 87% used [0x00000000c0000000,0x00000000c420e2d0,0x00000000c4b80000)
 Metaspace       used 14210K, capacity 14782K, committed 14976K, reserved 1062912K
  class space    used 1973K, capacity 2138K, committed 2176K, reserved 1048576K
Event: 568.667 GC heap after
Heap after GC invocations=45 (full 18):
 PSYoungGen      total 190464K, used 960K [0x00000000eab00000, 0x00000000f8200000, 0x0000000100000000)
  eden space 169472K, 0% used [0x00000000eab00000,0x00000000eab00000,0x00000000f5080000)
  from space 20992K, 4% used [0x00000000f5080000,0x00000000f5170000,0x00000000f6500000)
  to   space 20480K, 0% used [0x00000000f6e00000,0x00000000f6e00000,0x00000000f8200000)
 ParOldGen       total 77312K, used 67640K [0x00000000c0000000, 0x00000000c4b80000, 0x00000000eab00000)
  object space 77312K, 87% used [0x00000000c0000000,0x00000000c420e2d0,0x00000000c4b80000)
 Metaspace       used 14210K, capacity 14782K, committed 14976K, reserved 1062912K
  class space    used 1973K, capacity 2138K, committed 2176K, reserved 1048576K
}
Event: 569.435 GC heap before
{Heap before GC invocations=46 (full 18):
 PSYoungGen      total 190464K, used 170432K [0x00000000eab00000, 0x00000000f8200000, 0x0000000100000000)
  eden space 169472K, 100% used [0x00000000eab00000,0x00000000f5080000,0x00000000f5080000)
  from space 20992K, 4% used [0x00000000f5080000,0x00000000f5170000,0x00000000f6500000)
  to   space 20480K, 0% used [0x00000000f6e00000,0x00000000f6e00000,0x00000000f8200000)
 ParOldGen       total 77312K, used 67640K [0x00000000c0000000, 0x00000000c4b80000, 0x00000000eab00000)
  object space 77312K, 87% used [0x00000000c0000000,0x00000000c420e2d0,0x00000000c4b80000)
 Metaspace       used 14211K, capacity 14782K, committed 14976K, reserved 1062912K
  class space    used 1973K, capacity 2138K, committed 2176K, reserved 1048576K
Event: 569.441 GC heap after
Heap after GC invocations=46 (full 18):
 PSYoungGen      total 194560K, used 1376K [0x00000000eab00000, 0x00000000f7e80000, 0x0000000100000000)
  eden space 177664K, 0% used [0x00000000eab00000,0x00000000eab00000,0x00000000f5880000)
  from space 16896K, 8% used [0x00000000f6e00000,0x00000000f6f58000,0x00000000f7e80000)
  to   space 19456K, 0% used [0x00000000f5880000,0x00000000f5880000,0x00000000f6b80000)
 ParOldGen       total 77312K, used 67640K [0x00000000c0000000, 0x00000000c4b80000, 0x00000000eab00000)
  object space 77312K, 87% used [0x00000000c0000000,0x00000000c420e2d0,0x00000000c4b80000)
 Metaspace       used 14211K, capacity 14782K, committed 14976K, reserved 1062912K
  class space    used 1973K, capacity 2138K, committed 2176K, reserved 1048576K
}
Event: 569.947 GC heap before
{Heap before GC invocations=47 (full 18):
 PSYoungGen      total 194560K, used 179040K [0x00000000eab00000, 0x00000000f7e80000, 0x0000000100000000)
  eden space 177664K, 100% used [0x00000000eab00000,0x00000000f5880000,0x00000000f5880000)
  from space 16896K, 8% used [0x00000000f6e00000,0x00000000f6f58000,0x00000000f7e80000)
  to   space 19456K, 0% used [0x00000000f5880000,0x00000000f5880000,0x00000000f6b80000)
 ParOldGen       total 77312K, used 67640K [0x00000000c0000000, 0x00000000c4b80000, 0x00000000eab00000)
  object space 77312K, 87% used [0x00000000c0000000,0x00000000c420e2d0,0x00000000c4b80000)
 Metaspace       used 14214K, capacity 14782K, committed 14976K, reserved 1062912K
  class space    used 1973K, capacity 2138K, committed 2176K, reserved 1048576K
Event: 569.954 GC heap after
Heap after GC invocations=47 (full 18):
 PSYoungGen      total 197120K, used 1824K [0x00000000eab00000, 0x00000000f8580000, 0x0000000100000000)
  eden space 177664K, 0% used [0x00000000eab00000,0x00000000eab00000,0x00000000f5880000)
  from space 19456K, 9% used [0x00000000f5880000,0x00000000f5a48000,0x00000000f6b80000)
  to   space 18944K, 0% used [0x00000000f7300000,0x00000000f7300000,0x00000000f8580000)
 ParOldGen       total 77312K, used 67640K [0x00000000c0000000, 0x00000000c4b80000, 0x00000000eab00000)
  object space 77312K, 87% used [0x00000000c0000000,0x00000000c420e2d0,0x00000000c4b80000)
 Metaspace       used 14214K, capacity 14782K, committed 14976K, reserved 1062912K
  class space    used 1973K, capacity 2138K, committed 2176K, reserved 1048576K
}
Event: 570.085 GC heap before
{Heap before GC invocations=48 (full 18):
 PSYoungGen      total 197120K, used 23132K [0x00000000eab00000, 0x00000000f8580000, 0x0000000100000000)
  eden space 177664K, 11% used [0x00000000eab00000,0x00000000ebfcf1d8,0x00000000f5880000)
  from space 19456K, 9% used [0x00000000f5880000,0x00000000f5a48000,0x00000000f6b80000)
  to   space 18944K, 0% used [0x00000000f7300000,0x00000000f7300000,0x00000000f8580000)
 ParOldGen       total 77312K, used 67640K [0x00000000c0000000, 0x00000000c4b80000, 0x00000000eab00000)
  object space 77312K, 87% used [0x00000000c0000000,0x00000000c420e2d0,0x00000000c4b80000)
 Metaspace       used 14214K, capacity 14782K, committed 14976K, reserved 1062912K
  class space    used 1973K, capacity 2138K, committed 2176K, reserved 1048576K
Event: 570.101 GC heap after
Heap after GC invocations=48 (full 18):
 PSYoungGen      total 202752K, used 1824K [0x00000000eab00000, 0x00000000f8380000, 0x0000000100000000)
  eden space 185856K, 0% used [0x00000000eab00000,0x00000000eab00000,0x00000000f6080000)
  from space 16896K, 10% used [0x00000000f7300000,0x00000000f74c8000,0x00000000f8380000)
  to   space 17920K, 0% used [0x00000000f6080000,0x00000000f6080000,0x00000000f7200000)
 ParOldGen       total 77312K, used 67640K [0x00000000c0000000, 0x00000000c4b80000, 0x00000000eab00000)
  object space 77312K, 87% used [0x00000000c0000000,0x00000000c420e2d0,0x00000000c4b80000)
 Metaspace       used 14214K, capacity 14782K, committed 14976K, reserved 1062912K
  class space    used 1973K, capacity 2138K, committed 2176K, reserved 1048576K
}
Event: 570.102 GC heap before
{Heap before GC invocations=49 (full 19):
 PSYoungGen      total 202752K, used 1824K [0x00000000eab00000, 0x00000000f8380000, 0x0000000100000000)
  eden space 185856K, 0% used [0x00000000eab00000,0x00000000eab00000,0x00000000f6080000)
  from space 16896K, 10% used [0x00000000f7300000,0x00000000f74c8000,0x00000000f8380000)
  to   space 17920K, 0% used [0x00000000f6080000,0x00000000f6080000,0x00000000f7200000)
 ParOldGen       total 77312K, used 67640K [0x00000000c0000000, 0x00000000c4b80000, 0x00000000eab00000)
  object space 77312K, 87% used [0x00000000c0000000,0x00000000c420e2d0,0x00000000c4b80000)
 Metaspace       used 14214K, capacity 14782K, committed 14976K, reserved 1062912K
  class space    used 1973K, capacity 2138K, committed 2176K, reserved 1048576K
Event: 570.354 GC heap after
Heap after GC invocations=49 (full 19):
 PSYoungGen      total 202752K, used 0K [0x00000000eab00000, 0x00000000f8380000, 0x0000000100000000)
  eden space 185856K, 0% used [0x00000000eab00000,0x00000000eab00000,0x00000000f6080000)
  from space 16896K, 0% used [0x00000000f7300000,0x00000000f7300000,0x00000000f8380000)
  to   space 17920K, 0% used [0x00000000f6080000,0x00000000f6080000,0x00000000f7200000)
 ParOldGen       total 77312K, used 69385K [0x00000000c0000000, 0x00000000c4b80000, 0x00000000eab00000)
  object space 77312K, 89% used [0x00000000c0000000,0x00000000c43c2718,0x00000000c4b80000)
 Metaspace       used 14214K, capacity 14782K, committed 14976K, reserved 1062912K
  class space    used 1973K, capacity 2138K, committed 2176K, reserved 1048576K
}
Event: 571.040 GC heap before
{Heap before GC invocations=50 (full 19):
 PSYoungGen      total 202752K, used 185856K [0x00000000eab00000, 0x00000000f8380000, 0x0000000100000000)
  eden space 185856K, 100% used [0x00000000eab00000,0x00000000f6080000,0x00000000f6080000)
  from space 16896K, 0% used [0x00000000f7300000,0x00000000f7300000,0x00000000f8380000)
  to   space 17920K, 0% used [0x00000000f6080000,0x00000000f6080000,0x00000000f7200000)
 ParOldGen       total 77312K, used 69385K [0x00000000c0000000, 0x00000000c4b80000, 0x00000000eab00000)
  object space 77312K, 89% used [0x00000000c0000000,0x00000000c43c2718,0x00000000c4b80000)
 Metaspace       used 14221K, capacity 14782K, committed 14976K, reserved 1062912K
  class space    used 1974K, capacity 2138K, committed 2176K, reserved 1048576K
Event: 571.043 GC heap after
Heap after GC invocations=50 (full 19):
 PSYoungGen      total 203776K, used 576K [0x00000000eab00000, 0x00000000f8900000, 0x0000000100000000)
  eden space 185856K, 0% used [0x00000000eab00000,0x00000000eab00000,0x00000000f6080000)
  from space 17920K, 3% used [0x00000000f6080000,0x00000000f6110000,0x00000000f7200000)
  to   space 17408K, 0% used [0x00000000f7800000,0x00000000f7800000,0x00000000f8900000)
 ParOldGen       total 77312K, used 69385K [0x00000000c0000000, 0x00000000c4b80000, 0x00000000eab00000)
  object space 77312K, 89% used [0x00000000c0000000,0x00000000c43c2718,0x00000000c4b80000)
 Metaspace       used 14221K, capacity 14782K, committed 14976K, reserved 1062912K
  class space    used 1974K, capacity 2138K, committed 2176K, reserved 1048576K
}
Event: 571.131 GC heap before
{Heap before GC invocations=51 (full 19):
 PSYoungGen      total 203776K, used 26585K [0x00000000eab00000, 0x00000000f8900000, 0x0000000100000000)
  eden space 185856K, 13% used [0x00000000eab00000,0x00000000ec4664f8,0x00000000f6080000)
  from space 17920K, 3% used [0x00000000f6080000,0x00000000f6110000,0x00000000f7200000)
  to   space 17408K, 0% used [0x00000000f7800000,0x00000000f7800000,0x00000000f8900000)
 ParOldGen       total 77312K, used 69385K [0x00000000c0000000, 0x00000000c4b80000, 0x00000000eab00000)
  object space 77312K, 89% used [0x00000000c0000000,0x00000000c43c2718,0x00000000c4b80000)
 Metaspace       used 14221K, capacity 14782K, committed 14976K, reserved 1062912K
  class space    used 1974K, capacity 2138K, committed 2176K, reserved 1048576K
Event: 571.135 GC heap after
Heap after GC invocations=51 (full 19):
 PSYoungGen      total 208896K, used 608K [0x00000000eab00000, 0x00000000f8800000, 0x0000000100000000)
  eden space 192512K, 0% used [0x00000000eab00000,0x00000000eab00000,0x00000000f6700000)
  from space 16384K, 3% used [0x00000000f7800000,0x00000000f7898000,0x00000000f8800000)
  to   space 16896K, 0% used [0x00000000f6700000,0x00000000f6700000,0x00000000f7780000)
 ParOldGen       total 77312K, used 69385K [0x00000000c0000000, 0x00000000c4b80000, 0x00000000eab00000)
  object space 77312K, 89% used [0x00000000c0000000,0x00000000c43c2718,0x00000000c4b80000)
 Metaspace       used 14221K, capacity 14782K, committed 14976K, reserved 1062912K
  class space    used 1974K, capacity 2138K, committed 2176K, reserved 1048576K
}
Event: 571.135 GC heap before
{Heap before GC invocations=52 (full 20):
 PSYoungGen      total 208896K, used 608K [0x00000000eab00000, 0x00000000f8800000, 0x0000000100000000)
  eden space 192512K, 0% used [0x00000000eab00000,0x00000000eab00000,0x00000000f6700000)
  from space 16384K, 3% used [0x00000000f7800000,0x00000000f7898000,0x00000000f8800000)
  to   space 16896K, 0% used [0x00000000f6700000,0x00000000f6700000,0x00000000f7780000)
 ParOldGen       total 77312K, used 69385K [0x00000000c0000000, 0x00000000c4b80000, 0x00000000eab00000)
  object space 77312K, 89% used [0x00000000c0000000,0x00000000c43c2718,0x00000000c4b80000)
 Metaspace       used 14221K, capacity 14782K, committed 14976K, reserved 1062912K
  class space    used 1974K, capacity 2138K, committed 2176K, reserved 1048576K
Event: 571.347 GC heap after
Heap after GC invocations=52 (full 20):
 PSYoungGen      total 208896K, used 0K [0x00000000eab00000, 0x00000000f8800000, 0x0000000100000000)
  eden space 192512K, 0% used [0x00000000eab00000,0x00000000eab00000,0x00000000f6700000)
  from space 16384K, 0% used [0x00000000f7800000,0x00000000f7800000,0x00000000f8800000)
  to   space 16896K, 0% used [0x00000000f6700000,0x00000000f6700000,0x00000000f7780000)
 ParOldGen       total 77312K, used 69886K [0x00000000c0000000, 0x00000000c4b80000, 0x00000000eab00000)
  object space 77312K, 90% used [0x00000000c0000000,0x00000000c443fab8,0x00000000c4b80000)
 Metaspace       used 14221K, capacity 14782K, committed 14976K, reserved 1062912K
  class space    used 1974K, capacity 2138K, committed 2176K, reserved 1048576K
}
Event: 571.829 GC heap before
{Heap before GC invocations=53 (full 20):
 PSYoungGen      total 208896K, used 192512K [0x00000000eab00000, 0x00000000f8800000, 0x0000000100000000)
  eden space 192512K, 100% used [0x00000000eab00000,0x00000000f6700000,0x00000000f6700000)
  from space 16384K, 0% used [0x00000000f7800000,0x00000000f7800000,0x00000000f8800000)
  to   space 16896K, 0% used [0x00000000f6700000,0x00000000f6700000,0x00000000f7780000)
 ParOldGen       total 77312K, used 69886K [0x00000000c0000000, 0x00000000c4b80000, 0x00000000eab00000)
  object space 77312K, 90% used [0x00000000c0000000,0x00000000c443fab8,0x00000000c4b80000)
 Metaspace       used 14221K, capacity 14782K, committed 14976K, reserved 1062912K
  class space    used 1974K, capacity 2138K, committed 2176K, reserved 1048576K
Event: 571.832 GC heap after
Heap after GC invocations=53 (full 20):
 PSYoungGen      total 209408K, used 576K [0x00000000eab00000, 0x00000000f8b80000, 0x0000000100000000)
  eden space 192512K, 0% used [0x00000000eab00000,0x00000000eab00000,0x00000000f6700000)
  from space 16896K, 3% used [0x00000000f6700000,0x00000000f6790000,0x00000000f7780000)
  to   space 15872K, 0% used [0x00000000f7c00000,0x00000000f7c00000,0x00000000f8b80000)
 ParOldGen       total 77312K, used 69886K [0x00000000c0000000, 0x00000000c4b80000, 0x00000000eab00000)
  object space 77312K, 90% used [0x00000000c0000000,0x00000000c443fab8,0x00000000c4b80000)
 Metaspace       used 14221K, capacity 14782K, committed 14976K, reserved 1062912K
  class space    used 1974K, capacity 2138K, committed 2176K, reserved 1048576K
}
Event: 571.921 GC heap before
{Heap before GC invocations=54 (full 20):
 PSYoungGen      total 209408K, used 27520K [0x00000000eab00000, 0x00000000f8b80000, 0x0000000100000000)
  eden space 192512K, 13% used [0x00000000eab00000,0x00000000ec550110,0x00000000f6700000)
  from space 16896K, 3% used [0x00000000f6700000,0x00000000f6790000,0x00000000f7780000)
  to   space 15872K, 0% used [0x00000000f7c00000,0x00000000f7c00000,0x00000000f8b80000)
 ParOldGen       total 77312K, used 69886K [0x00000000c0000000, 0x00000000c4b80000, 0x00000000eab00000)
  object space 77312K, 90% used [0x00000000c0000000,0x00000000c443fab8,0x00000000c4b80000)
 Metaspace       used 14221K, capacity 14782K, committed 14976K, reserved 1062912K
  class space    used 1974K, capacity 2138K, committed 2176K, reserved 1048576K
Event: 571.924 GC heap after
Heap after GC invocations=54 (full 20):
 PSYoungGen      total 212992K, used 704K [0x00000000eab00000, 0x00000000f8a80000, 0x0000000100000000)
  eden space 198144K, 0% used [0x00000000eab00000,0x00000000eab00000,0x00000000f6c80000)
  from space 14848K, 4% used [0x00000000f7c00000,0x00000000f7cb0000,0x00000000f8a80000)
  to   space 15360K, 0% used [0x00000000f6c80000,0x00000000f6c80000,0x00000000f7b80000)
 ParOldGen       total 77312K, used 69886K [0x00000000c0000000, 0x00000000c4b80000, 0x00000000eab00000)
  object space 77312K, 90% used [0x00000000c0000000,0x00000000c443fab8,0x00000000c4b80000)
 Metaspace       used 14221K, capacity 14782K, committed 14976K, reserved 1062912K
  class space    used 1974K, capacity 2138K, committed 2176K, reserved 1048576K
}
Event: 571.924 GC heap before
{Heap before GC invocations=55 (full 21):
 PSYoungGen      total 212992K, used 704K [0x00000000eab00000, 0x00000000f8a80000, 0x0000000100000000)
  eden space 198144K, 0% used [0x00000000eab00000,0x00000000eab00000,0x00000000f6c80000)
  from space 14848K, 4% used [0x00000000f7c00000,0x00000000f7cb0000,0x00000000f8a80000)
  to   space 15360K, 0% used [0x00000000f6c80000,0x00000000f6c80000,0x00000000f7b80000)
 ParOldGen       total 77312K, used 69886K [0x00000000c0000000, 0x00000000c4b80000, 0x00000000eab00000)
  object space 77312K, 90% used [0x00000000c0000000,0x00000000c443fab8,0x00000000c4b80000)
 Metaspace       used 14221K, capacity 14782K, committed 14976K, reserved 1062912K
  class space    used 1974K, capacity 2138K, committed 2176K, reserved 1048576K
Event: 572.150 GC heap after
Heap after GC invocations=55 (full 21):
 PSYoungGen      total 212992K, used 0K [0x00000000eab00000, 0x00000000f8a80000, 0x0000000100000000)
  eden space 198144K, 0% used [0x00000000eab00000,0x00000000eab00000,0x00000000f6c80000)
  from space 14848K, 0% used [0x00000000f7c00000,0x00000000f7c00000,0x00000000f8a80000)
  to   space 15360K, 0% used [0x00000000f6c80000,0x00000000f6c80000,0x00000000f7b80000)
 ParOldGen       total 77312K, used 70465K [0x00000000c0000000, 0x00000000c4b80000, 0x00000000eab00000)
  object space 77312K, 91% used [0x00000000c0000000,0x00000000c44d0538,0x00000000c4b80000)
 Metaspace       used 14221K, capacity 14782K, committed 14976K, reserved 1062912K
  class space    used 1974K, capacity 2138K, committed 2176K, reserved 1048576K
}
Event: 573.584 GC heap before
{Heap before GC invocations=56 (full 22):
 PSYoungGen      total 212992K, used 198144K [0x00000000eab00000, 0x00000000f8a80000, 0x0000000100000000)
  eden space 198144K, 100% used [0x00000000eab00000,0x00000000f6c80000,0x00000000f6c80000)
  from space 14848K, 0% used [0x00000000f7c00000,0x00000000f7c00000,0x00000000f8a80000)
  to   space 15360K, 0% used [0x00000000f6c80000,0x00000000f6c80000,0x00000000f7b80000)
 ParOldGen       total 77312K, used 70465K [0x00000000c0000000, 0x00000000c4b80000, 0x00000000eab00000)
  object space 77312K, 91% used [0x00000000c0000000,0x00000000c44d0538,0x00000000c4b80000)
 Metaspace       used 14221K, capacity 14782K, committed 14976K, reserved 1062912K
  class space    used 1974K, capacity 2138K, committed 2176K, reserved 1048576K
Event: 573.900 GC heap after
Heap after GC invocations=56 (full 22):
 PSYoungGen      total 212992K, used 0K [0x00000000eab00000, 0x00000000f8a80000, 0x0000000100000000)
  eden space 198144K, 0% used [0x00000000eab00000,0x00000000eab00000,0x00000000f6c80000)
  from space 14848K, 0% used [0x00000000f7c00000,0x00000000f7c00000,0x00000000f8a80000)
  to   space 15360K, 0% used [0x00000000f6c80000,0x00000000f6c80000,0x00000000f7b80000)
 ParOldGen       total 135680K, used 71072K [0x00000000c0000000, 0x00000000c8480000, 0x00000000eab00000)
  object space 135680K, 52% used [0x00000000c0000000,0x00000000c4568018,0x00000000c8480000)
 Metaspace       used 14221K, capacity 14782K, committed 14976K, reserved 1062912K
  class space    used 1974K, capacity 2138K, committed 2176K, reserved 1048576K
}
Event: 574.863 GC heap before
{Heap before GC invocations=57 (full 22):
 PSYoungGen      total 212992K, used 198144K [0x00000000eab00000, 0x00000000f8a80000, 0x0000000100000000)
  eden space 198144K, 100% used [0x00000000eab00000,0x00000000f6c80000,0x00000000f6c80000)
  from space 14848K, 0% used [0x00000000f7c00000,0x00000000f7c00000,0x00000000f8a80000)
  to   space 15360K, 0% used [0x00000000f6c80000,0x00000000f6c80000,0x00000000f7b80000)
 ParOldGen       total 135680K, used 71072K [0x00000000c0000000, 0x00000000c8480000, 0x00000000eab00000)
  object space 135680K, 52% used [0x00000000c0000000,0x00000000c4568018,0x00000000c8480000)
 Metaspace       used 14221K, capacity 14782K, committed 14976K, reserved 1062912K
  class space    used 1974K, capacity 2138K, committed 2176K, reserved 1048576K
Event: 574.866 GC heap after
Heap after GC invocations=57 (full 22):
 PSYoungGen      total 213504K, used 576K [0x00000000eab00000, 0x00000000f8d80000, 0x0000000100000000)
  eden space 198144K, 0% used [0x00000000eab00000,0x00000000eab00000,0x00000000f6c80000)
  from space 15360K, 3% used [0x00000000f6c80000,0x00000000f6d10000,0x00000000f7b80000)
  to   space 14336K, 0% used [0x00000000f7f80000,0x00000000f7f80000,0x00000000f8d80000)
 ParOldGen       total 135680K, used 71072K [0x00000000c0000000, 0x00000000c8480000, 0x00000000eab00000)
  object space 135680K, 52% used [0x00000000c0000000,0x00000000c4568018,0x00000000c8480000)
 Metaspace       used 14221K, capacity 14782K, committed 14976K, reserved 1062912K
  class space    used 1974K, capacity 2138K, committed 2176K, reserved 1048576K
}
Event: 575.391 GC heap before
{Heap before GC invocations=58 (full 22):
 PSYoungGen      total 213504K, used 198720K [0x00000000eab00000, 0x00000000f8d80000, 0x0000000100000000)
  eden space 198144K, 100% used [0x00000000eab00000,0x00000000f6c80000,0x00000000f6c80000)
  from space 15360K, 3% used [0x00000000f6c80000,0x00000000f6d10000,0x00000000f7b80000)
  to   space 14336K, 0% used [0x00000000f7f80000,0x00000000f7f80000,0x00000000f8d80000)
 ParOldGen       total 135680K, used 71072K [0x00000000c0000000, 0x00000000c8480000, 0x00000000eab00000)
  object space 135680K, 52% used [0x00000000c0000000,0x00000000c4568018,0x00000000c8480000)
 Metaspace       used 14221K, capacity 14782K, committed 14976K, reserved 1062912K
  class space    used 1974K, capacity 2138K, committed 2176K, reserved 1048576K
Event: 575.397 GC heap after
Heap after GC invocations=58 (full 22):
 PSYoungGen      total 217600K, used 1088K [0x00000000eab00000, 0x00000000f8d00000, 0x0000000100000000)
  eden space 203776K, 0% used [0x00000000eab00000,0x00000000eab00000,0x00000000f7200000)
  from space 13824K, 7% used [0x00000000f7f80000,0x00000000f8090000,0x00000000f8d00000)
  to   space 13824K, 0% used [0x00000000f7200000,0x00000000f7200000,0x00000000f7f80000)
 ParOldGen       total 135680K, used 71072K [0x00000000c0000000, 0x00000000c8480000, 0x00000000eab00000)
  object space 135680K, 52% used [0x00000000c0000000,0x00000000c4568018,0x00000000c8480000)
 Metaspace       used 14221K, capacity 14782K, committed 14976K, reserved 1062912K
  class space    used 1974K, capacity 2138K, committed 2176K, reserved 1048576K
}
Event: 575.912 GC heap before
{Heap before GC invocations=59 (full 22):
 PSYoungGen      total 217600K, used 204864K [0x00000000eab00000, 0x00000000f8d00000, 0x0000000100000000)
  eden space 203776K, 100% used [0x00000000eab00000,0x00000000f7200000,0x00000000f7200000)
  from space 13824K, 7% used [0x00000000f7f80000,0x00000000f8090000,0x00000000f8d00000)
  to   space 13824K, 0% used [0x00000000f7200000,0x00000000f7200000,0x00000000f7f80000)
 ParOldGen       total 135680K, used 71072K [0x00000000c0000000, 0x00000000c8480000, 0x00000000eab00000)
  object space 135680K, 52% used [0x00000000c0000000,0x00000000c4568018,0x00000000c8480000)
 Metaspace       used 14221K, capacity 14782K, committed 14976K, reserved 1062912K
  class space    used 1974K, capacity 2138K, committed 2176K, reserved 1048576K
Event: 575.918 GC heap after
Heap after GC invocations=59 (full 22):
 PSYoungGen      total 217600K, used 1696K [0x00000000eab00000, 0x00000000f8f00000, 0x0000000100000000)
  eden space 203776K, 0% used [0x00000000eab00000,0x00000000eab00000,0x00000000f7200000)
  from space 13824K, 12% used [0x00000000f7200000,0x00000000f73a8000,0x00000000f7f80000)
  to   space 12800K, 0% used [0x00000000f8280000,0x00000000f8280000,0x00000000f8f00000)
 ParOldGen       total 135680K, used 71072K [0x00000000c0000000, 0x00000000c8480000, 0x00000000eab00000)
  object space 135680K, 52% used [0x00000000c0000000,0x00000000c4568018,0x00000000c8480000)
 Metaspace       used 14221K, capacity 14782K, committed 14976K, reserved 1062912K
  class space    used 1974K, capacity 2138K, committed 2176K, reserved 1048576K
}
Event: 576.492 GC heap before
{Heap before GC invocations=60 (full 22):
 PSYoungGen      total 217600K, used 205472K [0x00000000eab00000, 0x00000000f8f00000, 0x0000000100000000)
  eden space 203776K, 100% used [0x00000000eab00000,0x00000000f7200000,0x00000000f7200000)
  from space 13824K, 12% used [0x00000000f7200000,0x00000000f73a8000,0x00000000f7f80000)
  to   space 12800K, 0% used [0x00000000f8280000,0x00000000f8280000,0x00000000f8f00000)
 ParOldGen       total 135680K, used 71072K [0x00000000c0000000, 0x00000000c8480000, 0x00000000eab00000)
  object space 135680K, 52% used [0x00000000c0000000,0x00000000c4568018,0x00000000c8480000)
 Metaspace       used 14221K, capacity 14782K, committed 14976K, reserved 1062912K
  class space    used 1974K, capacity 2138K, committed 2176K, reserved 1048576K
Event: 576.501 GC heap after
Heap after GC invocations=60 (full 22):
 PSYoungGen      total 219648K, used 2240K [0x00000000eab00000, 0x00000000f8d80000, 0x0000000100000000)
  eden space 208384K, 0% used [0x00000000eab00000,0x00000000eab00000,0x00000000f7680000)
  from space 11264K, 19% used [0x00000000f8280000,0x00000000f84b0000,0x00000000f8d80000)
  to   space 11776K, 0% used [0x00000000f7680000,0x00000000f7680000,0x00000000f8200000)
 ParOldGen       total 135680K, used 71072K [0x00000000c0000000, 0x00000000c8480000, 0x00000000eab00000)
  object space 135680K, 52% used [0x00000000c0000000,0x00000000c4568018,0x00000000c8480000)
 Metaspace       used 14221K, capacity 14782K, committed 14976K, reserved 1062912K
  class space    used 1974K, capacity 2138K, committed 2176K, reserved 1048576K
}
Event: 576.953 GC heap before
{Heap before GC invocations=61 (full 22):
 PSYoungGen      total 219648K, used 210624K [0x00000000eab00000, 0x00000000f8d80000, 0x0000000100000000)
  eden space 208384K, 100% used [0x00000000eab00000,0x00000000f7680000,0x00000000f7680000)
  from space 11264K, 19% used [0x00000000f8280000,0x00000000f84b0000,0x00000000f8d80000)
  to   space 11776K, 0% used [0x00000000f7680000,0x00000000f7680000,0x00000000f8200000)
 ParOldGen       total 135680K, used 71072K [0x00000000c0000000, 0x00000000c8480000, 0x00000000eab00000)
  object space 135680K, 52% used [0x00000000c0000000,0x00000000c4568018,0x00000000c8480000)
 Metaspace       used 14221K, capacity 14782K, committed 14976K, reserved 1062912K
  class space    used 1974K, capacity 2138K, committed 2176K, reserved 1048576K
Event: 576.963 GC heap after
Heap after GC invocations=61 (full 22):
 PSYoungGen      total 220160K, used 2752K [0x00000000eab00000, 0x00000000f9200000, 0x0000000100000000)
  eden space 208384K, 0% used [0x00000000eab00000,0x00000000eab00000,0x00000000f7680000)
  from space 11776K, 23% used [0x00000000f7680000,0x00000000f7930000,0x00000000f8200000)
  to   space 11264K, 0% used [0x00000000f8700000,0x00000000f8700000,0x00000000f9200000)
 ParOldGen       total 135680K, used 71072K [0x00000000c0000000, 0x00000000c8480000, 0x00000000eab00000)
  object space 135680K, 52% used [0x00000000c0000000,0x00000000c4568018,0x00000000c8480000)
 Metaspace       used 14221K, capacity 14782K, committed 14976K, reserved 1062912K
  class space    used 1974K, capacity 2138K, committed 2176K, reserved 1048576K
}
Event: 577.405 GC heap before
{Heap before GC invocations=62 (full 22):
 PSYoungGen      total 220160K, used 211136K [0x00000000eab00000, 0x00000000f9200000, 0x0000000100000000)
  eden space 208384K, 100% used [0x00000000eab00000,0x00000000f7680000,0x00000000f7680000)
  from space 11776K, 23% used [0x00000000f7680000,0x00000000f7930000,0x00000000f8200000)
  to   space 11264K, 0% used [0x00000000f8700000,0x00000000f8700000,0x00000000f9200000)
 ParOldGen       total 135680K, used 71072K [0x00000000c0000000, 0x00000000c8480000, 0x00000000eab00000)
  object space 135680K, 52% used [0x00000000c0000000,0x00000000c4568018,0x00000000c8480000)
 Metaspace       used 14221K, capacity 14782K, committed 14976K, reserved 1062912K
  class space    used 1974K, capacity 2138K, committed 2176K, reserved 1048576K
Event: 577.416 GC heap after
Heap after GC invocations=62 (full 22):
 PSYoungGen      total 225280K, used 3104K [0x00000000eab00000, 0x00000000f9100000, 0x0000000100000000)
  eden space 215040K, 0% used [0x00000000eab00000,0x00000000eab00000,0x00000000f7d00000)
  from space 10240K, 30% used [0x00000000f8700000,0x00000000f8a08000,0x00000000f9100000)
  to   space 10240K, 0% used [0x00000000f7d00000,0x00000000f7d00000,0x00000000f8700000)
 ParOldGen       total 135680K, used 71072K [0x00000000c0000000, 0x00000000c8480000, 0x00000000eab00000)
  object space 135680K, 52% used [0x00000000c0000000,0x00000000c4568018,0x00000000c8480000)
 Metaspace       used 14221K, capacity 14782K, committed 14976K, reserved 1062912K
  class space    used 1974K, capacity 2138K, committed 2176K, reserved 1048576K
}
Event: 577.493 GC heap before
{Heap before GC invocations=63 (full 22):
 PSYoungGen      total 225280K, used 33210K [0x00000000eab00000, 0x00000000f9100000, 0x0000000100000000)
  eden space 215040K, 14% used [0x00000000eab00000,0x00000000ec866ac8,0x00000000f7d00000)
  from space 10240K, 30% used [0x00000000f8700000,0x00000000f8a08000,0x00000000f9100000)
  to   space 10240K, 0% used [0x00000000f7d00000,0x00000000f7d00000,0x00000000f8700000)
 ParOldGen       total 135680K, used 71072K [0x00000000c0000000, 0x00000000c8480000, 0x00000000eab00000)
  object space 135680K, 52% used [0x00000000c0000000,0x00000000c4568018,0x00000000c8480000)
 Metaspace       used 14221K, capacity 14782K, committed 14976K, reserved 1062912K
  class space    used 1974K, capacity 2138K, committed 2176K, reserved 1048576K
Event: 577.505 GC heap after
Heap after GC invocations=63 (full 22):
 PSYoungGen      total 218624K, used 3168K [0x00000000eab00000, 0x00000000f9000000, 0x0000000100000000)
  eden space 215040K, 0% used [0x00000000eab00000,0x00000000eab00000,0x00000000f7d00000)
  from space 3584K, 88% used [0x00000000f7d00000,0x00000000f8018000,0x00000000f8080000)
  to   space 9728K, 0% used [0x00000000f8680000,0x00000000f8680000,0x00000000f9000000)
 ParOldGen       total 135680K, used 71072K [0x00000000c0000000, 0x00000000c8480000, 0x00000000eab00000)
  object space 135680K, 52% used [0x00000000c0000000,0x00000000c4568018,0x00000000c8480000)
 Metaspace       used 14221K, capacity 14782K, committed 14976K, reserved 1062912K
  class space    used 1974K, capacity 2138K, committed 2176K, reserved 1048576K
}
Event: 577.505 GC heap before
{Heap before GC invocations=64 (full 23):
 PSYoungGen      total 218624K, used 3168K [0x00000000eab00000, 0x00000000f9000000, 0x0000000100000000)
  eden space 215040K, 0% used [0x00000000eab00000,0x00000000eab00000,0x00000000f7d00000)
  from space 3584K, 88% used [0x00000000f7d00000,0x00000000f8018000,0x00000000f8080000)
  to   space 9728K, 0% used [0x00000000f8680000,0x00000000f8680000,0x00000000f9000000)
 ParOldGen       total 135680K, used 71072K [0x00000000c0000000, 0x00000000c8480000, 0x00000000eab00000)
  object space 135680K, 52% used [0x00000000c0000000,0x00000000c4568018,0x00000000c8480000)
 Metaspace       used 14221K, capacity 14782K, committed 14976K, reserved 1062912K
  class space    used 1974K, capacity 2138K, committed 2176K, reserved 1048576K
Event: 577.713 GC heap after
Heap after GC invocations=64 (full 23):
 PSYoungGen      total 218624K, used 0K [0x00000000eab00000, 0x00000000f9000000, 0x0000000100000000)
  eden space 215040K, 0% used [0x00000000eab00000,0x00000000eab00000,0x00000000f7d00000)
  from space 3584K, 0% used [0x00000000f7d00000,0x00000000f7d00000,0x00000000f8080000)
  to   space 9728K, 0% used [0x00000000f8680000,0x00000000f8680000,0x00000000f9000000)
 ParOldGen       total 135680K, used 74141K [0x00000000c0000000, 0x00000000c8480000, 0x00000000eab00000)
  object space 135680K, 54% used [0x00000000c0000000,0x00000000c4867780,0x00000000c8480000)
 Metaspace       used 14221K, capacity 14782K, committed 14976K, reserved 1062912K
  class space    used 1974K, capacity 2138K, committed 2176K, reserved 1048576K
}
Event: 577.787 GC heap before
{Heap before GC invocations=65 (full 23):
 PSYoungGen      total 218624K, used 30106K [0x00000000eab00000, 0x00000000f9000000, 0x0000000100000000)
  eden space 215040K, 14% used [0x00000000eab00000,0x00000000ec866af8,0x00000000f7d00000)
  from space 3584K, 0% used [0x00000000f7d00000,0x00000000f7d00000,0x00000000f8080000)
  to   space 9728K, 0% used [0x00000000f8680000,0x00000000f8680000,0x00000000f9000000)
 ParOldGen       total 135680K, used 74141K [0x00000000c0000000, 0x00000000c8480000, 0x00000000eab00000)
  object space 135680K, 54% used [0x00000000c0000000,0x00000000c4867780,0x00000000c8480000)
 Metaspace       used 14221K, capacity 14782K, committed 14976K, reserved 1062912K
  class space    used 1974K, capacity 2138K, committed 2176K, reserved 1048576K
Event: 577.788 GC heap after
Heap after GC invocations=65 (full 23):
 PSYoungGen      total 224768K, used 160K [0x00000000eab00000, 0x00000000f9000000, 0x0000000100000000)
  eden space 215040K, 0% used [0x00000000eab00000,0x00000000eab00000,0x00000000f7d00000)
  from space 9728K, 1% used [0x00000000f8680000,0x00000000f86a8000,0x00000000f9000000)
  to   space 9728K, 0% used [0x00000000f7d00000,0x00000000f7d00000,0x00000000f8680000)
 ParOldGen       total 135680K, used 74141K [0x00000000c0000000, 0x00000000c8480000, 0x00000000eab00000)
  object space 135680K, 54% used [0x00000000c0000000,0x00000000c4867780,0x00000000c8480000)
 Metaspace       used 14221K, capacity 14782K, committed 14976K, reserved 1062912K
  class space    used 1974K, capacity 2138K, committed 2176K, reserved 1048576K
}
Event: 577.788 GC heap before
{Heap before GC invocations=66 (full 24):
 PSYoungGen      total 224768K, used 160K [0x00000000eab00000, 0x00000000f9000000, 0x0000000100000000)
  eden space 215040K, 0% used [0x00000000eab00000,0x00000000eab00000,0x00000000f7d00000)
  from space 9728K, 1% used [0x00000000f8680000,0x00000000f86a8000,0x00000000f9000000)
  to   space 9728K, 0% used [0x00000000f7d00000,0x00000000f7d00000,0x00000000f8680000)
 ParOldGen       total 135680K, used 74141K [0x00000000c0000000, 0x00000000c8480000, 0x00000000eab00000)
  object space 135680K, 54% used [0x00000000c0000000,0x00000000c4867780,0x00000000c8480000)
 Metaspace       used 14221K, capacity 14782K, committed 14976K, reserved 1062912K
  class space    used 1974K, capacity 2138K, committed 2176K, reserved 1048576K
Event: 577.979 GC heap after
Heap after GC invocations=66 (full 24):
 PSYoungGen      total 224768K, used 0K [0x00000000eab00000, 0x00000000f9000000, 0x0000000100000000)
  eden space 215040K, 0% used [0x00000000eab00000,0x00000000eab00000,0x00000000f7d00000)
  from space 9728K, 0% used [0x00000000f8680000,0x00000000f8680000,0x00000000f9000000)
  to   space 9728K, 0% used [0x00000000f7d00000,0x00000000f7d00000,0x00000000f8680000)
 ParOldGen       total 135680K, used 74213K [0x00000000c0000000, 0x00000000c8480000, 0x00000000eab00000)
  object space 135680K, 54% used [0x00000000c0000000,0x00000000c48794c8,0x00000000c8480000)
 Metaspace       used 14221K, capacity 14782K, committed 14976K, reserved 1062912K
  class space    used 1974K, capacity 2138K, committed 2176K, reserved 1048576K
}
Event: 578.753 GC heap before
{Heap before GC invocations=67 (full 24):
 PSYoungGen      total 224768K, used 215040K [0x00000000eab00000, 0x00000000f9000000, 0x0000000100000000)
  eden space 215040K, 100% used [0x00000000eab00000,0x00000000f7d00000,0x00000000f7d00000)
  from space 9728K, 0% used [0x00000000f8680000,0x00000000f8680000,0x00000000f9000000)
  to   space 9728K, 0% used [0x00000000f7d00000,0x00000000f7d00000,0x00000000f8680000)
 ParOldGen       total 135680K, used 74213K [0x00000000c0000000, 0x00000000c8480000, 0x00000000eab00000)
  object space 135680K, 54% used [0x00000000c0000000,0x00000000c48794c8,0x00000000c8480000)
 Metaspace       used 14221K, capacity 14782K, committed 14976K, reserved 1062912K
  class space    used 1974K, capacity 2138K, committed 2176K, reserved 1048576K
Event: 578.756 GC heap after
Heap after GC invocations=67 (full 24):
 PSYoungGen      total 224768K, used 640K [0x00000000eab00000, 0x00000000f9480000, 0x0000000100000000)
  eden space 215040K, 0% used [0x00000000eab00000,0x00000000eab00000,0x00000000f7d00000)
  from space 9728K, 6% used [0x00000000f7d00000,0x00000000f7da0000,0x00000000f8680000)
  to   space 9216K, 0% used [0x00000000f8b80000,0x00000000f8b80000,0x00000000f9480000)
 ParOldGen       total 135680K, used 74213K [0x00000000c0000000, 0x00000000c8480000, 0x00000000eab00000)
  object space 135680K, 54% used [0x00000000c0000000,0x00000000c48794c8,0x00000000c8480000)
 Metaspace       used 14221K, capacity 14782K, committed 14976K, reserved 1062912K
  class space    used 1974K, capacity 2138K, committed 2176K, reserved 1048576K
}
Event: 579.245 GC heap before
{Heap before GC invocations=68 (full 24):
 PSYoungGen      total 224768K, used 215680K [0x00000000eab00000, 0x00000000f9480000, 0x0000000100000000)
  eden space 215040K, 100% used [0x00000000eab00000,0x00000000f7d00000,0x00000000f7d00000)
  from space 9728K, 6% used [0x00000000f7d00000,0x00000000f7da0000,0x00000000f8680000)
  to   space 9216K, 0% used [0x00000000f8b80000,0x00000000f8b80000,0x00000000f9480000)
 ParOldGen       total 135680K, used 74213K [0x00000000c0000000, 0x00000000c8480000, 0x00000000eab00000)
  object space 135680K, 54% used [0x00000000c0000000,0x00000000c48794c8,0x00000000c8480000)
 Metaspace       used 14221K, capacity 14782K, committed 14976K, reserved 1062912K
  class space    used 1974K, capacity 2138K, committed 2176K, reserved 1048576K
Event: 579.251 GC heap after
Heap after GC invocations=68 (full 24):
 PSYoungGen      total 228864K, used 1088K [0x00000000eab00000, 0x00000000f9380000, 0x0000000100000000)
  eden space 220672K, 0% used [0x00000000eab00000,0x00000000eab00000,0x00000000f8280000)
  from space 8192K, 13% used [0x00000000f8b80000,0x00000000f8c90000,0x00000000f9380000)
  to   space 8704K, 0% used [0x00000000f8280000,0x00000000f8280000,0x00000000f8b00000)
 ParOldGen       total 135680K, used 74213K [0x00000000c0000000, 0x00000000c8480000, 0x00000000eab00000)
  object space 135680K, 54% used [0x00000000c0000000,0x00000000c48794c8,0x00000000c8480000)
 Metaspace       used 14221K, capacity 14782K, committed 14976K, reserved 1062912K
  class space    used 1974K, capacity 2138K, committed 2176K, reserved 1048576K
}
Event: 580.364 GC heap before
{Heap before GC invocations=69 (full 24):
 PSYoungGen      total 228864K, used 221760K [0x00000000eab00000, 0x00000000f9380000, 0x0000000100000000)
  eden space 220672K, 100% used [0x00000000eab00000,0x00000000f8280000,0x00000000f8280000)
  from space 8192K, 13% used [0x00000000f8b80000,0x00000000f8c90000,0x00000000f9380000)
  to   space 8704K, 0% used [0x00000000f8280000,0x00000000f8280000,0x00000000f8b00000)
 ParOldGen       total 135680K, used 74213K [0x00000000c0000000, 0x00000000c8480000, 0x00000000eab00000)
  object space 135680K, 54% used [0x00000000c0000000,0x00000000c48794c8,0x00000000c8480000)
 Metaspace       used 14221K, capacity 14782K, committed 14976K, reserved 1062912K
  class space    used 1974K, capacity 2138K, committed 2176K, reserved 1048576K
Event: 580.371 GC heap after
Heap after GC invocations=69 (full 24):
 PSYoungGen      total 229376K, used 1664K [0x00000000eab00000, 0x00000000f9700000, 0x0000000100000000)
  eden space 220672K, 0% used [0x00000000eab00000,0x00000000eab00000,0x00000000f8280000)
  from space 8704K, 19% used [0x00000000f8280000,0x00000000f8420000,0x00000000f8b00000)
  to   space 8192K, 0% used [0x00000000f8f00000,0x00000000f8f00000,0x00000000f9700000)
 ParOldGen       total 135680K, used 74213K [0x00000000c0000000, 0x00000000c8480000, 0x00000000eab00000)
  object space 135680K, 54% used [0x00000000c0000000,0x00000000c48794c8,0x00000000c8480000)
 Metaspace       used 14221K, capacity 14782K, committed 14976K, reserved 1062912K
  class space    used 1974K, capacity 2138K, committed 2176K, reserved 1048576K
}
Event: 581.202 GC heap before
{Heap before GC invocations=70 (full 24):
 PSYoungGen      total 229376K, used 222336K [0x00000000eab00000, 0x00000000f9700000, 0x0000000100000000)
  eden space 220672K, 100% used [0x00000000eab00000,0x00000000f8280000,0x00000000f8280000)
  from space 8704K, 19% used [0x00000000f8280000,0x00000000f8420000,0x00000000f8b00000)
  to   space 8192K, 0% used [0x00000000f8f00000,0x00000000f8f00000,0x00000000f9700000)
 ParOldGen       total 135680K, used 74213K [0x00000000c0000000, 0x00000000c8480000, 0x00000000eab00000)
  object space 135680K, 54% used [0x00000000c0000000,0x00000000c48794c8,0x00000000c8480000)
 Metaspace       used 14221K, capacity 14782K, committed 14976K, reserved 1062912K
  class space    used 1974K, capacity 2138K, committed 2176K, reserved 1048576K
Event: 581.211 GC heap after
Heap after GC invocations=70 (full 24):
 PSYoungGen      total 232448K, used 2368K [0x00000000eab00000, 0x00000000f9600000, 0x0000000100000000)
  eden space 225280K, 0% used [0x00000000eab00000,0x00000000eab00000,0x00000000f8700000)
  from space 7168K, 33% used [0x00000000f8f00000,0x00000000f9150000,0x00000000f9600000)
  to   space 7680K, 0% used [0x00000000f8700000,0x00000000f8700000,0x00000000f8e80000)
 ParOldGen       total 135680K, used 74213K [0x00000000c0000000, 0x00000000c8480000, 0x00000000eab00000)
  object space 135680K, 54% used [0x00000000c0000000,0x00000000c48794c8,0x00000000c8480000)
 Metaspace       used 14221K, capacity 14782K, committed 14976K, reserved 1062912K
  class space    used 1974K, capacity 2138K, committed 2176K, reserved 1048576K
}
Event: 581.709 GC heap before
{Heap before GC invocations=71 (full 24):
 PSYoungGen      total 232448K, used 227648K [0x00000000eab00000, 0x00000000f9600000, 0x0000000100000000)
  eden space 225280K, 100% used [0x00000000eab00000,0x00000000f8700000,0x00000000f8700000)
  from space 7168K, 33% used [0x00000000f8f00000,0x00000000f9150000,0x00000000f9600000)
  to   space 7680K, 0% used [0x00000000f8700000,0x00000000f8700000,0x00000000f8e80000)
 ParOldGen       total 135680K, used 74213K [0x00000000c0000000, 0x00000000c8480000, 0x00000000eab00000)
  object space 135680K, 54% used [0x00000000c0000000,0x00000000c48794c8,0x00000000c8480000)
 Metaspace       used 14221K, capacity 14782K, committed 14976K, reserved 1062912K
  class space    used 1974K, capacity 2138K, committed 2176K, reserved 1048576K
Event: 581.719 GC heap after
Heap after GC invocations=71 (full 24):
 PSYoungGen      total 232960K, used 2944K [0x00000000eab00000, 0x00000000f9a80000, 0x0000000100000000)
  eden space 225280K, 0% used [0x00000000eab00000,0x00000000eab00000,0x00000000f8700000)
  from space 7680K, 38% used [0x00000000f8700000,0x00000000f89e0000,0x00000000f8e80000)
  to   space 7680K, 0% used [0x00000000f9300000,0x00000000f9300000,0x00000000f9a80000)
 ParOldGen       total 135680K, used 74213K [0x00000000c0000000, 0x00000000c8480000, 0x00000000eab00000)
  object space 135680K, 54% used [0x00000000c0000000,0x00000000c48794c8,0x00000000c8480000)
 Metaspace       used 14221K, capacity 14782K, committed 14976K, reserved 1062912K
  class space    used 1974K, capacity 2138K, committed 2176K, reserved 1048576K
}
Event: 582.259 GC heap before
{Heap before GC invocations=72 (full 24):
 PSYoungGen      total 232960K, used 228224K [0x00000000eab00000, 0x00000000f9a80000, 0x0000000100000000)
  eden space 225280K, 100% used [0x00000000eab00000,0x00000000f8700000,0x00000000f8700000)
  from space 7680K, 38% used [0x00000000f8700000,0x00000000f89e0000,0x00000000f8e80000)
  to   space 7680K, 0% used [0x00000000f9300000,0x00000000f9300000,0x00000000f9a80000)
 ParOldGen       total 135680K, used 74213K [0x00000000c0000000, 0x00000000c8480000, 0x00000000eab00000)
  object space 135680K, 54% used [0x00000000c0000000,0x00000000c48794c8,0x00000000c8480000)
 Metaspace       used 14221K, capacity 14782K, committed 14976K, reserved 1062912K
  class space    used 1974K, capacity 2138K, committed 2176K, reserved 1048576K
Event: 582.272 GC heap after
Heap after GC invocations=72 (full 24):
 PSYoungGen      total 237568K, used 3552K [0x00000000eab00000, 0x00000000f9b00000, 0x0000000100000000)
  eden space 229888K, 0% used [0x00000000eab00000,0x00000000eab00000,0x00000000f8b80000)
  from space 7680K, 46% used [0x00000000f9300000,0x00000000f9678000,0x00000000f9a80000)
  to   space 7680K, 0% used [0x00000000f8b80000,0x00000000f8b80000,0x00000000f9300000)
 ParOldGen       total 135680K, used 74213K [0x00000000c0000000, 0x00000000c8480000, 0x00000000eab00000)
  object space 135680K, 54% used [0x00000000c0000000,0x00000000c48794c8,0x00000000c8480000)
 Metaspace       used 14221K, capacity 14782K, committed 14976K, reserved 1062912K
  class space    used 1974K, capacity 2138K, committed 2176K, reserved 1048576K
}
Event: 582.351 GC heap before
{Heap before GC invocations=73 (full 24):
 PSYoungGen      total 237568K, used 35738K [0x00000000eab00000, 0x00000000f9b00000, 0x0000000100000000)
  eden space 229888K, 14% used [0x00000000eab00000,0x00000000eca6e838,0x00000000f8b80000)
  from space 7680K, 46% used [0x00000000f9300000,0x00000000f9678000,0x00000000f9a80000)
  to   space 7680K, 0% used [0x00000000f8b80000,0x00000000f8b80000,0x00000000f9300000)
 ParOldGen       total 135680K, used 74213K [0x00000000c0000000, 0x00000000c8480000, 0x00000000eab00000)
  object space 135680K, 54% used [0x00000000c0000000,0x00000000c48794c8,0x00000000c8480000)
 Metaspace       used 14221K, capacity 14782K, committed 14976K, reserved 1062912K
  class space    used 1974K, capacity 2138K, committed 2176K, reserved 1048576K
Event: 582.365 GC heap after
Heap after GC invocations=73 (full 24):
 PSYoungGen      total 237568K, used 3616K [0x00000000eab00000, 0x00000000f9b00000, 0x0000000100000000)
  eden space 229888K, 0% used [0x00000000eab00000,0x00000000eab00000,0x00000000f8b80000)
  from space 7680K, 47% used [0x00000000f8b80000,0x00000000f8f08000,0x00000000f9300000)
  to   space 7680K, 0% used [0x00000000f9380000,0x00000000f9380000,0x00000000f9b00000)
 ParOldGen       total 135680K, used 74213K [0x00000000c0000000, 0x00000000c8480000, 0x00000000eab00000)
  object space 135680K, 54% used [0x00000000c0000000,0x00000000c48794c8,0x00000000c8480000)
 Metaspace       used 14221K, capacity 14782K, committed 14976K, reserved 1062912K
  class space    used 1974K, capacity 2138K, committed 2176K, reserved 1048576K
}
Event: 582.365 GC heap before
{Heap before GC invocations=74 (full 25):
 PSYoungGen      total 237568K, used 3616K [0x00000000eab00000, 0x00000000f9b00000, 0x0000000100000000)
  eden space 229888K, 0% used [0x00000000eab00000,0x00000000eab00000,0x00000000f8b80000)
  from space 7680K, 47% used [0x00000000f8b80000,0x00000000f8f08000,0x00000000f9300000)
  to   space 7680K, 0% used [0x00000000f9380000,0x00000000f9380000,0x00000000f9b00000)
 ParOldGen       total 135680K, used 74213K [0x00000000c0000000, 0x00000000c8480000, 0x00000000eab00000)
  object space 135680K, 54% used [0x00000000c0000000,0x00000000c48794c8,0x00000000c8480000)
 Metaspace       used 14221K, capacity 14782K, committed 14976K, reserved 1062912K
  class space    used 1974K, capacity 2138K, committed 2176K, reserved 1048576K
Event: 582.648 GC heap after
Heap after GC invocations=74 (full 25):
 PSYoungGen      total 237568K, used 0K [0x00000000eab00000, 0x00000000f9b00000, 0x0000000100000000)
  eden space 229888K, 0% used [0x00000000eab00000,0x00000000eab00000,0x00000000f8b80000)
  from space 7680K, 0% used [0x00000000f8b80000,0x00000000f8b80000,0x00000000f9300000)
  to   space 7680K, 0% used [0x00000000f9380000,0x00000000f9380000,0x00000000f9b00000)
 ParOldGen       total 135680K, used 77745K [0x00000000c0000000, 0x00000000c8480000, 0x00000000eab00000)
  object space 135680K, 57% used [0x00000000c0000000,0x00000000c4bec5b0,0x00000000c8480000)
 Metaspace       used 14221K, capacity 14782K, committed 14976K, reserved 1062912K
  class space    used 1974K, capacity 2138K, committed 2176K, reserved 1048576K
}
Event: 582.750 GC heap before
{Heap before GC invocations=75 (full 25):
 PSYoungGen      total 237568K, used 27588K [0x00000000eab00000, 0x00000000f9b00000, 0x0000000100000000)
  eden space 229888K, 12% used [0x00000000eab00000,0x00000000ec5f11d8,0x00000000f8b80000)
  from space 7680K, 0% used [0x00000000f8b80000,0x00000000f8b80000,0x00000000f9300000)
  to   space 7680K, 0% used [0x00000000f9380000,0x00000000f9380000,0x00000000f9b00000)
 ParOldGen       total 135680K, used 77745K [0x00000000c0000000, 0x00000000c8480000, 0x00000000eab00000)
  object space 135680K, 57% used [0x00000000c0000000,0x00000000c4bec5b0,0x00000000c8480000)
 Metaspace       used 14221K, capacity 14782K, committed 14976K, reserved 1062912K
  class space    used 1974K, capacity 2138K, committed 2176K, reserved 1048576K
Event: 582.752 GC heap after
Heap after GC invocations=75 (full 25):
 PSYoungGen      total 237056K, used 128K [0x00000000eab00000, 0x00000000f9a00000, 0x0000000100000000)
  eden space 230400K, 0% used [0x00000000eab00000,0x00000000eab00000,0x00000000f8c00000)
  from space 6656K, 1% used [0x00000000f9380000,0x00000000f93a0000,0x00000000f9a00000)
  to   space 7168K, 0% used [0x00000000f8c00000,0x00000000f8c00000,0x00000000f9300000)
 ParOldGen       total 135680K, used 77745K [0x00000000c0000000, 0x00000000c8480000, 0x00000000eab00000)
  object space 135680K, 57% used [0x00000000c0000000,0x00000000c4bec5b0,0x00000000c8480000)
 Metaspace       used 14221K, capacity 14782K, committed 14976K, reserved 1062912K
  class space    used 1974K, capacity 2138K, committed 2176K, reserved 1048576K
}
Event: 582.752 GC heap before
{Heap before GC invocations=76 (full 26):
 PSYoungGen      total 237056K, used 128K [0x00000000eab00000, 0x00000000f9a00000, 0x0000000100000000)
  eden space 230400K, 0% used [0x00000000eab00000,0x00000000eab00000,0x00000000f8c00000)
  from space 6656K, 1% used [0x00000000f9380000,0x00000000f93a0000,0x00000000f9a00000)
  to   space 7168K, 0% used [0x00000000f8c00000,0x00000000f8c00000,0x00000000f9300000)
 ParOldGen       total 135680K, used 77745K [0x00000000c0000000, 0x00000000c8480000, 0x00000000eab00000)
  object space 135680K, 57% used [0x00000000c0000000,0x00000000c4bec5b0,0x00000000c8480000)
 Metaspace       used 14221K, capacity 14782K, committed 14976K, reserved 1062912K
  class space    used 1974K, capacity 2138K, committed 2176K, reserved 1048576K
Event: 582.980 GC heap after
Heap after GC invocations=76 (full 26):
 PSYoungGen      total 237056K, used 0K [0x00000000eab00000, 0x00000000f9a00000, 0x0000000100000000)
  eden space 230400K, 0% used [0x00000000eab00000,0x00000000eab00000,0x00000000f8c00000)
  from space 6656K, 0% used [0x00000000f9380000,0x00000000f9380000,0x00000000f9a00000)
  to   space 7168K, 0% used [0x00000000f8c00000,0x00000000f8c00000,0x00000000f9300000)
 ParOldGen       total 135680K, used 77810K [0x00000000c0000000, 0x00000000c8480000, 0x00000000eab00000)
  object space 135680K, 57% used [0x00000000c0000000,0x00000000c4bfc9b8,0x00000000c8480000)
 Metaspace       used 14221K, capacity 14782K, committed 14976K, reserved 1062912K
  class space    used 1974K, capacity 2138K, committed 2176K, reserved 1048576K
}
Event: 583.485 GC heap before
{Heap before GC invocations=77 (full 26):
 PSYoungGen      total 237056K, used 230400K [0x00000000eab00000, 0x00000000f9a00000, 0x0000000100000000)
  eden space 230400K, 100% used [0x00000000eab00000,0x00000000f8c00000,0x00000000f8c00000)
  from space 6656K, 0% used [0x00000000f9380000,0x00000000f9380000,0x00000000f9a00000)
  to   space 7168K, 0% used [0x00000000f8c00000,0x00000000f8c00000,0x00000000f9300000)
 ParOldGen       total 135680K, used 77810K [0x00000000c0000000, 0x00000000c8480000, 0x00000000eab00000)
  object space 135680K, 57% used [0x00000000c0000000,0x00000000c4bfc9b8,0x00000000c8480000)
 Metaspace       used 14221K, capacity 14782K, committed 14976K, reserved 1062912K
  class space    used 1974K, capacity 2138K, committed 2176K, reserved 1048576K
Event: 583.489 GC heap after
Heap after GC invocations=77 (full 26):
 PSYoungGen      total 237568K, used 704K [0x00000000eab00000, 0x00000000f9e80000, 0x0000000100000000)
  eden space 230400K, 0% used [0x00000000eab00000,0x00000000eab00000,0x00000000f8c00000)
  from space 7168K, 9% used [0x00000000f8c00000,0x00000000f8cb0000,0x00000000f9300000)
  to   space 7168K, 0% used [0x00000000f9780000,0x00000000f9780000,0x00000000f9e80000)
 ParOldGen       total 135680K, used 77810K [0x00000000c0000000, 0x00000000c8480000, 0x00000000eab00000)
  object space 135680K, 57% used [0x00000000c0000000,0x00000000c4bfc9b8,0x00000000c8480000)
 Metaspace       used 14221K, capacity 14782K, committed 14976K, reserved 1062912K
  class space    used 1974K, capacity 2138K, committed 2176K, reserved 1048576K
}
Event: 584.056 GC heap before
{Heap before GC invocations=78 (full 26):
 PSYoungGen      total 237568K, used 231104K [0x00000000eab00000, 0x00000000f9e80000, 0x0000000100000000)
  eden space 230400K, 100% used [0x00000000eab00000,0x00000000f8c00000,0x00000000f8c00000)
  from space 7168K, 9% used [0x00000000f8c00000,0x00000000f8cb0000,0x00000000f9300000)
  to   space 7168K, 0% used [0x00000000f9780000,0x00000000f9780000,0x00000000f9e80000)
 ParOldGen       total 135680K, used 77810K [0x00000000c0000000, 0x00000000c8480000, 0x00000000eab00000)
  object space 135680K, 57% used [0x00000000c0000000,0x00000000c4bfc9b8,0x00000000c8480000)
 Metaspace       used 14221K, capacity 14782K, committed 14976K, reserved 1062912K
  class space    used 1974K, capacity 2138K, committed 2176K, reserved 1048576K
Event: 584.062 GC heap after
Heap after GC invocations=78 (full 26):
 PSYoungGen      total 240128K, used 1312K [0x00000000eab00000, 0x00000000f9d00000, 0x0000000100000000)
  eden space 234496K, 0% used [0x00000000eab00000,0x00000000eab00000,0x00000000f9000000)
  from space 5632K, 23% used [0x00000000f9780000,0x00000000f98c8000,0x00000000f9d00000)
  to   space 6656K, 0% used [0x00000000f9000000,0x00000000f9000000,0x00000000f9680000)
 ParOldGen       total 135680K, used 77810K [0x00000000c0000000, 0x00000000c8480000, 0x00000000eab00000)
  object space 135680K, 57% used [0x00000000c0000000,0x00000000c4bfc9b8,0x00000000c8480000)
 Metaspace       used 14221K, capacity 14782K, committed 14976K, reserved 1062912K
  class space    used 1974K, capacity 2138K, committed 2176K, reserved 1048576K
}
Event: 584.984 GC heap before
{Heap before GC invocations=79 (full 26):
 PSYoungGen      total 240128K, used 235808K [0x00000000eab00000, 0x00000000f9d00000, 0x0000000100000000)
  eden space 234496K, 100% used [0x00000000eab00000,0x00000000f9000000,0x00000000f9000000)
  from space 5632K, 23% used [0x00000000f9780000,0x00000000f98c8000,0x00000000f9d00000)
  to   space 6656K, 0% used [0x00000000f9000000,0x00000000f9000000,0x00000000f9680000)
 ParOldGen       total 135680K, used 77810K [0x00000000c0000000, 0x00000000c8480000, 0x00000000eab00000)
  object space 135680K, 57% used [0x00000000c0000000,0x00000000c4bfc9b8,0x00000000c8480000)
 Metaspace       used 14221K, capacity 14782K, committed 14976K, reserved 1062912K
  class space    used 1974K, capacity 2138K, committed 2176K, reserved 1048576K
Event: 584.993 GC heap after
Heap after GC invocations=79 (full 26):
 PSYoungGen      total 241152K, used 1952K [0x00000000eab00000, 0x00000000fa000000, 0x0000000100000000)
  eden space 234496K, 0% used [0x00000000eab00000,0x00000000eab00000,0x00000000f9000000)
  from space 6656K, 29% used [0x00000000f9000000,0x00000000f91e8000,0x00000000f9680000)
  to   space 6144K, 0% used [0x00000000f9a00000,0x00000000f9a00000,0x00000000fa000000)
 ParOldGen       total 135680K, used 77810K [0x00000000c0000000, 0x00000000c8480000, 0x00000000eab00000)
  object space 135680K, 57% used [0x00000000c0000000,0x00000000c4bfc9b8,0x00000000c8480000)
 Metaspace       used 14221K, capacity 14782K, committed 14976K, reserved 1062912K
  class space    used 1974K, capacity 2138K, committed 2176K, reserved 1048576K
}
Event: 586.117 GC heap before
{Heap before GC invocations=80 (full 26):
 PSYoungGen      total 241152K, used 236448K [0x00000000eab00000, 0x00000000fa000000, 0x0000000100000000)
  eden space 234496K, 100% used [0x00000000eab00000,0x00000000f9000000,0x00000000f9000000)
  from space 6656K, 29% used [0x00000000f9000000,0x00000000f91e8000,0x00000000f9680000)
  to   space 6144K, 0% used [0x00000000f9a00000,0x00000000f9a00000,0x00000000fa000000)
 ParOldGen       total 135680K, used 77810K [0x00000000c0000000, 0x00000000c8480000, 0x00000000eab00000)
  object space 135680K, 57% used [0x00000000c0000000,0x00000000c4bfc9b8,0x00000000c8480000)
 Metaspace       used 14221K, capacity 14782K, committed 14976K, reserved 1062912K
  class space    used 1974K, capacity 2138K, committed 2176K, reserved 1048576K
Event: 586.132 GC heap after
Heap after GC invocations=80 (full 26):
 PSYoungGen      total 244736K, used 2624K [0x00000000eab00000, 0x00000000fa000000, 0x0000000100000000)
  eden space 238592K, 0% used [0x00000000eab00000,0x00000000eab00000,0x00000000f9400000)
  from space 6144K, 42% used [0x00000000f9a00000,0x00000000f9c90000,0x00000000fa000000)
  to   space 6144K, 0% used [0x00000000f9400000,0x00000000f9400000,0x00000000f9a00000)
 ParOldGen       total 135680K, used 77810K [0x00000000c0000000, 0x00000000c8480000, 0x00000000eab00000)
  object space 135680K, 57% used [0x00000000c0000000,0x00000000c4bfc9b8,0x00000000c8480000)
 Metaspace       used 14221K, capacity 14782K, committed 14976K, reserved 1062912K
  class space    used 1974K, capacity 2138K, committed 2176K, reserved 1048576K
}
Event: 587.738 GC heap before
{Heap before GC invocations=81 (full 26):
 PSYoungGen      total 244736K, used 241216K [0x00000000eab00000, 0x00000000fa000000, 0x0000000100000000)
  eden space 238592K, 100% used [0x00000000eab00000,0x00000000f9400000,0x00000000f9400000)
  from space 6144K, 42% used [0x00000000f9a00000,0x00000000f9c90000,0x00000000fa000000)
  to   space 6144K, 0% used [0x00000000f9400000,0x00000000f9400000,0x00000000f9a00000)
 ParOldGen       total 135680K, used 77810K [0x00000000c0000000, 0x00000000c8480000, 0x00000000eab00000)
  object space 135680K, 57% used [0x00000000c0000000,0x00000000c4bfc9b8,0x00000000c8480000)
 Metaspace       used 14221K, capacity 14782K, committed 14976K, reserved 1062912K
  class space    used 1974K, capacity 2138K, committed 2176K, reserved 1048576K
Event: 587.755 GC heap after
Heap after GC invocations=81 (full 26):
 PSYoungGen      total 244736K, used 3200K [0x00000000eab00000, 0x00000000fa400000, 0x0000000100000000)
  eden space 238592K, 0% used [0x00000000eab00000,0x00000000eab00000,0x00000000f9400000)
  from space 6144K, 52% used [0x00000000f9400000,0x00000000f9720000,0x00000000f9a00000)
  to   space 6144K, 0% used [0x00000000f9e00000,0x00000000f9e00000,0x00000000fa400000)
 ParOldGen       total 135680K, used 77810K [0x00000000c0000000, 0x00000000c8480000, 0x00000000eab00000)
  object space 135680K, 57% used [0x00000000c0000000,0x00000000c4bfc9b8,0x00000000c8480000)
 Metaspace       used 14221K, capacity 14782K, committed 14976K, reserved 1062912K
  class space    used 1974K, capacity 2138K, committed 2176K, reserved 1048576K
}
Event: 588.293 GC heap before
{Heap before GC invocations=82 (full 26):
 PSYoungGen      total 244736K, used 241792K [0x00000000eab00000, 0x00000000fa400000, 0x0000000100000000)
  eden space 238592K, 100% used [0x00000000eab00000,0x00000000f9400000,0x00000000f9400000)
  from space 6144K, 52% used [0x00000000f9400000,0x00000000f9720000,0x00000000f9a00000)
  to   space 6144K, 0% used [0x00000000f9e00000,0x00000000f9e00000,0x00000000fa400000)
 ParOldGen       total 135680K, used 77810K [0x00000000c0000000, 0x00000000c8480000, 0x00000000eab00000)
  object space 135680K, 57% used [0x00000000c0000000,0x00000000c4bfc9b8,0x00000000c8480000)
 Metaspace       used 14221K, capacity 14782K, committed 14976K, reserved 1062912K
  class space    used 1974K, capacity 2138K, committed 2176K, reserved 1048576K
Event: 588.306 GC heap after
Heap after GC invocations=82 (full 26):
 PSYoungGen      total 248832K, used 3584K [0x00000000eab00000, 0x00000000fa500000, 0x0000000100000000)
  eden space 242688K, 0% used [0x00000000eab00000,0x00000000eab00000,0x00000000f9800000)
  from space 6144K, 58% used [0x00000000f9e00000,0x00000000fa180000,0x00000000fa400000)
  to   space 6144K, 0% used [0x00000000f9800000,0x00000000f9800000,0x00000000f9e00000)
 ParOldGen       total 135680K, used 77810K [0x00000000c0000000, 0x00000000c8480000, 0x00000000eab00000)
  object space 135680K, 57% used [0x00000000c0000000,0x00000000c4bfc9b8,0x00000000c8480000)
 Metaspace       used 14221K, capacity 14782K, committed 14976K, reserved 1062912K
  class space    used 1974K, capacity 2138K, committed 2176K, reserved 1048576K
}
Event: 588.856 GC heap before
{Heap before GC invocations=83 (full 26):
 PSYoungGen      total 248832K, used 246272K [0x00000000eab00000, 0x00000000fa500000, 0x0000000100000000)
  eden space 242688K, 100% used [0x00000000eab00000,0x00000000f9800000,0x00000000f9800000)
  from space 6144K, 58% used [0x00000000f9e00000,0x00000000fa180000,0x00000000fa400000)
  to   space 6144K, 0% used [0x00000000f9800000,0x00000000f9800000,0x00000000f9e00000)
 ParOldGen       total 135680K, used 77810K [0x00000000c0000000, 0x00000000c8480000, 0x00000000eab00000)
  object space 135680K, 57% used [0x00000000c0000000,0x00000000c4bfc9b8,0x00000000c8480000)
 Metaspace       used 14221K, capacity 14782K, committed 14976K, reserved 1062912K
  class space    used 1974K, capacity 2138K, committed 2176K, reserved 1048576K
Event: 588.871 GC heap after
Heap after GC invocations=83 (full 26):
 PSYoungGen      total 248832K, used 4128K [0x00000000eab00000, 0x00000000faa00000, 0x0000000100000000)
  eden space 242688K, 0% used [0x00000000eab00000,0x00000000eab00000,0x00000000f9800000)
  from space 6144K, 67% used [0x00000000f9800000,0x00000000f9c08000,0x00000000f9e00000)
  to   space 6656K, 0% used [0x00000000fa380000,0x00000000fa380000,0x00000000faa00000)
 ParOldGen       total 135680K, used 77810K [0x00000000c0000000, 0x00000000c8480000, 0x00000000eab00000)
  object space 135680K, 57% used [0x00000000c0000000,0x00000000c4bfc9b8,0x00000000c8480000)
 Metaspace       used 14221K, capacity 14782K, committed 14976K, reserved 1062912K
  class space    used 1974K, capacity 2138K, committed 2176K, reserved 1048576K
}
Event: 589.421 GC heap before
{Heap before GC invocations=84 (full 26):
 PSYoungGen      total 248832K, used 246815K [0x00000000eab00000, 0x00000000faa00000, 0x0000000100000000)
  eden space 242688K, 99% used [0x00000000eab00000,0x00000000f97fffe8,0x00000000f9800000)
  from space 6144K, 67% used [0x00000000f9800000,0x00000000f9c08000,0x00000000f9e00000)
  to   space 6656K, 0% used [0x00000000fa380000,0x00000000fa380000,0x00000000faa00000)
 ParOldGen       total 135680K, used 77810K [0x00000000c0000000, 0x00000000c8480000, 0x00000000eab00000)
  object space 135680K, 57% used [0x00000000c0000000,0x00000000c4bfc9b8,0x00000000c8480000)
 Metaspace       used 14221K, capacity 14782K, committed 14976K, reserved 1062912K
  class space    used 1974K, capacity 2138K, committed 2176K, reserved 1048576K
Event: 589.440 GC heap after
Heap after GC invocations=84 (full 26):
 PSYoungGen      total 253952K, used 4896K [0x00000000eab00000, 0x00000000fac00000, 0x0000000100000000)
  eden space 247296K, 0% used [0x00000000eab00000,0x00000000eab00000,0x00000000f9c80000)
  from space 6656K, 73% used [0x00000000fa380000,0x00000000fa848000,0x00000000faa00000)
  to   space 7168K, 0% used [0x00000000f9c80000,0x00000000f9c80000,0x00000000fa380000)
 ParOldGen       total 135680K, used 77810K [0x00000000c0000000, 0x00000000c8480000, 0x00000000eab00000)
  object space 135680K, 57% used [0x00000000c0000000,0x00000000c4bfc9b8,0x00000000c8480000)
 Metaspace       used 14221K, capacity 14782K, committed 14976K, reserved 1062912K
  class space    used 1974K, capacity 2138K, committed 2176K, reserved 1048576K
}
Event: 589.517 GC heap before
{Heap before GC invocations=85 (full 26):
 PSYoungGen      total 253952K, used 39519K [0x00000000eab00000, 0x00000000fac00000, 0x0000000100000000)
  eden space 247296K, 14% used [0x00000000eab00000,0x00000000ecccfd00,0x00000000f9c80000)
  from space 6656K, 73% used [0x00000000fa380000,0x00000000fa848000,0x00000000faa00000)
  to   space 7168K, 0% used [0x00000000f9c80000,0x00000000f9c80000,0x00000000fa380000)
 ParOldGen       total 135680K, used 77810K [0x00000000c0000000, 0x00000000c8480000, 0x00000000eab00000)
  object space 135680K, 57% used [0x00000000c0000000,0x00000000c4bfc9b8,0x00000000c8480000)
 Metaspace       used 14221K, capacity 14782K, committed 14976K, reserved 1062912K
  class space    used 1974K, capacity 2138K, committed 2176K, reserved 1048576K
Event: 589.534 GC heap after
Heap after GC invocations=85 (full 26):
 PSYoungGen      total 254464K, used 4928K [0x00000000eab00000, 0x00000000fad00000, 0x0000000100000000)
  eden space 247296K, 0% used [0x00000000eab00000,0x00000000eab00000,0x00000000f9c80000)
  from space 7168K, 68% used [0x00000000f9c80000,0x00000000fa150000,0x00000000fa380000)
  to   space 7680K, 0% used [0x00000000fa580000,0x00000000fa580000,0x00000000fad00000)
 ParOldGen       total 135680K, used 77810K [0x00000000c0000000, 0x00000000c8480000, 0x00000000eab00000)
  object space 135680K, 57% used [0x00000000c0000000,0x00000000c4bfc9b8,0x00000000c8480000)
 Metaspace       used 14221K, capacity 14782K, committed 14976K, reserved 1062912K
  class space    used 1974K, capacity 2138K, committed 2176K, reserved 1048576K
}
Event: 589.534 GC heap before
{Heap before GC invocations=86 (full 27):
 PSYoungGen      total 254464K, used 4928K [0x00000000eab00000, 0x00000000fad00000, 0x0000000100000000)
  eden space 247296K, 0% used [0x00000000eab00000,0x00000000eab00000,0x00000000f9c80000)
  from space 7168K, 68% used [0x00000000f9c80000,0x00000000fa150000,0x00000000fa380000)
  to   space 7680K, 0% used [0x00000000fa580000,0x00000000fa580000,0x00000000fad00000)
 ParOldGen       total 135680K, used 77810K [0x00000000c0000000, 0x00000000c8480000, 0x00000000eab00000)
  object space 135680K, 57% used [0x00000000c0000000,0x00000000c4bfc9b8,0x00000000c8480000)
 Metaspace       used 14221K, capacity 14782K, committed 14976K, reserved 1062912K
  class space    used 1974K, capacity 2138K, committed 2176K, reserved 1048576K
Event: 589.833 GC heap after
Heap after GC invocations=86 (full 27):
 PSYoungGen      total 254464K, used 0K [0x00000000eab00000, 0x00000000fad00000, 0x0000000100000000)
  eden space 247296K, 0% used [0x00000000eab00000,0x00000000eab00000,0x00000000f9c80000)
  from space 7168K, 0% used [0x00000000f9c80000,0x00000000f9c80000,0x00000000fa380000)
  to   space 7680K, 0% used [0x00000000fa580000,0x00000000fa580000,0x00000000fad00000)
 ParOldGen       total 135680K, used 82668K [0x00000000c0000000, 0x00000000c8480000, 0x00000000eab00000)
  object space 135680K, 60% used [0x00000000c0000000,0x00000000c50bb140,0x00000000c8480000)
 Metaspace       used 14221K, capacity 14782K, committed 14976K, reserved 1062912K
  class space    used 1974K, capacity 2138K, committed 2176K, reserved 1048576K
}
Event: 589.973 GC heap before
{Heap before GC invocations=87 (full 27):
 PSYoungGen      total 254464K, used 29677K [0x00000000eab00000, 0x00000000fad00000, 0x0000000100000000)
  eden space 247296K, 12% used [0x00000000eab00000,0x00000000ec7fb528,0x00000000f9c80000)
  from space 7168K, 0% used [0x00000000f9c80000,0x00000000f9c80000,0x00000000fa380000)
  to   space 7680K, 0% used [0x00000000fa580000,0x00000000fa580000,0x00000000fad00000)
 ParOldGen       total 135680K, used 82668K [0x00000000c0000000, 0x00000000c8480000, 0x00000000eab00000)
  object space 135680K, 60% used [0x00000000c0000000,0x00000000c50bb140,0x00000000c8480000)
 Metaspace       used 14221K, capacity 14782K, committed 14976K, reserved 1062912K
  class space    used 1974K, capacity 2138K, committed 2176K, reserved 1048576K
Event: 589.974 GC heap after
Heap after GC invocations=87 (full 27):
 PSYoungGen      total 256512K, used 160K [0x00000000eab00000, 0x00000000fad00000, 0x0000000100000000)
  eden space 248832K, 0% used [0x00000000eab00000,0x00000000eab00000,0x00000000f9e00000)
  from space 7680K, 2% used [0x00000000fa580000,0x00000000fa5a8000,0x00000000fad00000)
  to   space 7680K, 0% used [0x00000000f9e00000,0x00000000f9e00000,0x00000000fa580000)
 ParOldGen       total 135680K, used 82668K [0x00000000c0000000, 0x00000000c8480000, 0x00000000eab00000)
  object space 135680K, 60% used [0x00000000c0000000,0x00000000c50bb140,0x00000000c8480000)
 Metaspace       used 14221K, capacity 14782K, committed 14976K, reserved 1062912K
  class space    used 1974K, capacity 2138K, committed 2176K, reserved 1048576K
}
Event: 589.974 GC heap before
{Heap before GC invocations=88 (full 28):
 PSYoungGen      total 256512K, used 160K [0x00000000eab00000, 0x00000000fad00000, 0x0000000100000000)
  eden space 248832K, 0% used [0x00000000eab00000,0x00000000eab00000,0x00000000f9e00000)
  from space 7680K, 2% used [0x00000000fa580000,0x00000000fa5a8000,0x00000000fad00000)
  to   space 7680K, 0% used [0x00000000f9e00000,0x00000000f9e00000,0x00000000fa580000)
 ParOldGen       total 135680K, used 82668K [0x00000000c0000000, 0x00000000c8480000, 0x00000000eab00000)
  object space 135680K, 60% used [0x00000000c0000000,0x00000000c50bb140,0x00000000c8480000)
 Metaspace       used 14221K, capacity 14782K, committed 14976K, reserved 1062912K
  class space    used 1974K, capacity 2138K, committed 2176K, reserved 1048576K
Event: 590.258 GC heap after
Heap after GC invocations=88 (full 28):
 PSYoungGen      total 256512K, used 0K [0x00000000eab00000, 0x00000000fad00000, 0x0000000100000000)
  eden space 248832K, 0% used [0x00000000eab00000,0x00000000eab00000,0x00000000f9e00000)
  from space 7680K, 0% used [0x00000000fa580000,0x00000000fa580000,0x00000000fad00000)
  to   space 7680K, 0% used [0x00000000f9e00000,0x00000000f9e00000,0x00000000fa580000)
 ParOldGen       total 135680K, used 82730K [0x00000000c0000000, 0x00000000c8480000, 0x00000000eab00000)
  object space 135680K, 60% used [0x00000000c0000000,0x00000000c50caab8,0x00000000c8480000)
 Metaspace       used 14221K, capacity 14782K, committed 14976K, reserved 1062912K
  class space    used 1974K, capacity 2138K, committed 2176K, reserved 1048576K
}
Event: 590.919 GC heap before
{Heap before GC invocations=89 (full 28):
 PSYoungGen      total 256512K, used 248832K [0x00000000eab00000, 0x00000000fad00000, 0x0000000100000000)
  eden space 248832K, 100% used [0x00000000eab00000,0x00000000f9e00000,0x00000000f9e00000)
  from space 7680K, 0% used [0x00000000fa580000,0x00000000fa580000,0x00000000fad00000)
  to   space 7680K, 0% used [0x00000000f9e00000,0x00000000f9e00000,0x00000000fa580000)
 ParOldGen       total 135680K, used 82730K [0x00000000c0000000, 0x00000000c8480000, 0x00000000eab00000)
  object space 135680K, 60% used [0x00000000c0000000,0x00000000c50caab8,0x00000000c8480000)
 Metaspace       used 14221K, capacity 14782K, committed 14976K, reserved 1062912K
  class space    used 1974K, capacity 2138K, committed 2176K, reserved 1048576K
Event: 590.923 GC heap after
Heap after GC invocations=89 (full 28):
 PSYoungGen      total 256512K, used 896K [0x00000000eab00000, 0x00000000fb200000, 0x0000000100000000)
  eden space 248832K, 0% used [0x00000000eab00000,0x00000000eab00000,0x00000000f9e00000)
  from space 7680K, 11% used [0x00000000f9e00000,0x00000000f9ee0000,0x00000000fa580000)
  to   space 7680K, 0% used [0x00000000faa80000,0x00000000faa80000,0x00000000fb200000)
 ParOldGen       total 135680K, used 82730K [0x00000000c0000000, 0x00000000c8480000, 0x00000000eab00000)
  object space 135680K, 60% used [0x00000000c0000000,0x00000000c50caab8,0x00000000c8480000)
 Metaspace       used 14221K, capacity 14782K, committed 14976K, reserved 1062912K
  class space    used 1974K, capacity 2138K, committed 2176K, reserved 1048576K
}
Event: 591.590 GC heap before
{Heap before GC invocations=90 (full 28):
 PSYoungGen      total 256512K, used 249728K [0x00000000eab00000, 0x00000000fb200000, 0x0000000100000000)
  eden space 248832K, 100% used [0x00000000eab00000,0x00000000f9e00000,0x00000000f9e00000)
  from space 7680K, 11% used [0x00000000f9e00000,0x00000000f9ee0000,0x00000000fa580000)
  to   space 7680K, 0% used [0x00000000faa80000,0x00000000faa80000,0x00000000fb200000)
 ParOldGen       total 135680K, used 82730K [0x00000000c0000000, 0x00000000c8480000, 0x00000000eab00000)
  object space 135680K, 60% used [0x00000000c0000000,0x00000000c50caab8,0x00000000c8480000)
 Metaspace       used 14221K, capacity 14782K, committed 14976K, reserved 1062912K
  class space    used 1974K, capacity 2138K, committed 2176K, reserved 1048576K
Event: 591.596 GC heap after
Heap after GC invocations=90 (full 28):
 PSYoungGen      total 259584K, used 1504K [0x00000000eab00000, 0x00000000fb080000, 0x0000000100000000)
  eden space 253440K, 0% used [0x00000000eab00000,0x00000000eab00000,0x00000000fa280000)
  from space 6144K, 24% used [0x00000000faa80000,0x00000000fabf8000,0x00000000fb080000)
  to   space 7168K, 0% used [0x00000000fa280000,0x00000000fa280000,0x00000000fa980000)
 ParOldGen       total 135680K, used 82730K [0x00000000c0000000, 0x00000000c8480000, 0x00000000eab00000)
  object space 135680K, 60% used [0x00000000c0000000,0x00000000c50caab8,0x00000000c8480000)
 Metaspace       used 14221K, capacity 14782K, committed 14976K, reserved 1062912K
  class space    used 1974K, capacity 2138K, committed 2176K, reserved 1048576K
}
Event: 592.140 GC heap before
{Heap before GC invocations=91 (full 28):
 PSYoungGen      total 259584K, used 254944K [0x00000000eab00000, 0x00000000fb080000, 0x0000000100000000)
  eden space 253440K, 100% used [0x00000000eab00000,0x00000000fa280000,0x00000000fa280000)
  from space 6144K, 24% used [0x00000000faa80000,0x00000000fabf8000,0x00000000fb080000)
  to   space 7168K, 0% used [0x00000000fa280000,0x00000000fa280000,0x00000000fa980000)
 ParOldGen       total 135680K, used 82730K [0x00000000c0000000, 0x00000000c8480000, 0x00000000eab00000)
  object space 135680K, 60% used [0x00000000c0000000,0x00000000c50caab8,0x00000000c8480000)
 Metaspace       used 14221K, capacity 14782K, committed 14976K, reserved 1062912K
  class space    used 1974K, capacity 2138K, committed 2176K, reserved 1048576K
Event: 592.149 GC heap after
Heap after GC invocations=91 (full 28):
 PSYoungGen      total 260608K, used 2048K [0x00000000eab00000, 0x00000000fb400000, 0x0000000100000000)
  eden space 253440K, 0% used [0x00000000eab00000,0x00000000eab00000,0x00000000fa280000)
  from space 7168K, 28% used [0x00000000fa280000,0x00000000fa480000,0x00000000fa980000)
  to   space 6656K, 0% used [0x00000000fad80000,0x00000000fad80000,0x00000000fb400000)
 ParOldGen       total 135680K, used 82738K [0x00000000c0000000, 0x00000000c8480000, 0x00000000eab00000)
  object space 135680K, 60% used [0x00000000c0000000,0x00000000c50ccab8,0x00000000c8480000)
 Metaspace       used 14221K, capacity 14782K, committed 14976K, reserved 1062912K
  class space    used 1974K, capacity 2138K, committed 2176K, reserved 1048576K
}
Event: 592.235 GC heap before
{Heap before GC invocations=92 (full 28):
 PSYoungGen      total 260608K, used 32462K [0x00000000eab00000, 0x00000000fb400000, 0x0000000100000000)
  eden space 253440K, 12% used [0x00000000eab00000,0x00000000ec8b3ab0,0x00000000fa280000)
  from space 7168K, 28% used [0x00000000fa280000,0x00000000fa480000,0x00000000fa980000)
  to   space 6656K, 0% used [0x00000000fad80000,0x00000000fad80000,0x00000000fb400000)
 ParOldGen       total 135680K, used 82738K [0x00000000c0000000, 0x00000000c8480000, 0x00000000eab00000)
  object space 135680K, 60% used [0x00000000c0000000,0x00000000c50ccab8,0x00000000c8480000)
 Metaspace       used 14221K, capacity 14782K, committed 14976K, reserved 1062912K
  class space    used 1974K, capacity 2138K, committed 2176K, reserved 1048576K
Event: 592.244 GC heap after
Heap after GC invocations=92 (full 28):
 PSYoungGen      total 263680K, used 2112K [0x00000000eab00000, 0x00000000fb300000, 0x0000000100000000)
  eden space 258048K, 0% used [0x00000000eab00000,0x00000000eab00000,0x00000000fa700000)
  from space 5632K, 37% used [0x00000000fad80000,0x00000000faf90000,0x00000000fb300000)
  to   space 6144K, 0% used [0x00000000fa700000,0x00000000fa700000,0x00000000fad00000)
 ParOldGen       total 135680K, used 82738K [0x00000000c0000000, 0x00000000c8480000, 0x00000000eab00000)
  object space 135680K, 60% used [0x00000000c0000000,0x00000000c50ccab8,0x00000000c8480000)
 Metaspace       used 14221K, capacity 14782K, committed 14976K, reserved 1062912K
  class space    used 1974K, capacity 2138K, committed 2176K, reserved 1048576K
}
Event: 592.244 GC heap before
{Heap before GC invocations=93 (full 29):
 PSYoungGen      total 263680K, used 2112K [0x00000000eab00000, 0x00000000fb300000, 0x0000000100000000)
  eden space 258048K, 0% used [0x00000000eab00000,0x00000000eab00000,0x00000000fa700000)
  from space 5632K, 37% used [0x00000000fad80000,0x00000000faf90000,0x00000000fb300000)
  to   space 6144K, 0% used [0x00000000fa700000,0x00000000fa700000,0x00000000fad00000)
 ParOldGen       total 135680K, used 82738K [0x00000000c0000000, 0x00000000c8480000, 0x00000000eab00000)
  object space 135680K, 60% used [0x00000000c0000000,0x00000000c50ccab8,0x00000000c8480000)
 Metaspace       used 14221K, capacity 14782K, committed 14976K, reserved 1062912K
  class space    used 1974K, capacity 2138K, committed 2176K, reserved 1048576K
Event: 592.502 GC heap after
Heap after GC invocations=93 (full 29):
 PSYoungGen      total 263680K, used 0K [0x00000000eab00000, 0x00000000fb300000, 0x0000000100000000)
  eden space 258048K, 0% used [0x00000000eab00000,0x00000000eab00000,0x00000000fa700000)
  from space 5632K, 0% used [0x00000000fad80000,0x00000000fad80000,0x00000000fb300000)
  to   space 6144K, 0% used [0x00000000fa700000,0x00000000fa700000,0x00000000fad00000)
 ParOldGen       total 135680K, used 84749K [0x00000000c0000000, 0x00000000c8480000, 0x00000000eab00000)
  object space 135680K, 62% used [0x00000000c0000000,0x00000000c52c3678,0x00000000c8480000)
 Metaspace       used 14221K, capacity 14782K, committed 14976K, reserved 1062912K
  class space    used 1974K, capacity 2138K, committed 2176K, reserved 1048576K
}
Event: 594.243 GC heap before
{Heap before GC invocations=94 (full 29):
 PSYoungGen      total 263680K, used 258047K [0x00000000eab00000, 0x00000000fb300000, 0x0000000100000000)
  eden space 258048K, 99% used [0x00000000eab00000,0x00000000fa6ffff8,0x00000000fa700000)
  from space 5632K, 0% used [0x00000000fad80000,0x00000000fad80000,0x00000000fb300000)
  to   space 6144K, 0% used [0x00000000fa700000,0x00000000fa700000,0x00000000fad00000)
 ParOldGen       total 135680K, used 84749K [0x00000000c0000000, 0x00000000c8480000, 0x00000000eab00000)
  object space 135680K, 62% used [0x00000000c0000000,0x00000000c52c3678,0x00000000c8480000)
 Metaspace       used 14221K, capacity 14782K, committed 14976K, reserved 1062912K
  class space    used 1974K, capacity 2138K, committed 2176K, reserved 1048576K
Event: 594.247 GC heap after
Heap after GC invocations=94 (full 29):
 PSYoungGen      total 264192K, used 736K [0x00000000eab00000, 0x00000000fb680000, 0x0000000100000000)
  eden space 258048K, 0% used [0x00000000eab00000,0x00000000eab00000,0x00000000fa700000)
  from space 6144K, 11% used [0x00000000fa700000,0x00000000fa7b8000,0x00000000fad00000)
  to   space 6144K, 0% used [0x00000000fb080000,0x00000000fb080000,0x00000000fb680000)
 ParOldGen       total 135680K, used 84749K [0x00000000c0000000, 0x00000000c8480000, 0x00000000eab00000)
  object space 135680K, 62% used [0x00000000c0000000,0x00000000c52c3678,0x00000000c8480000)
 Metaspace       used 14221K, capacity 14782K, committed 14976K, reserved 1062912K
  class space    used 1974K, capacity 2138K, committed 2176K, reserved 1048576K
}
Event: 594.858 GC heap before
{Heap before GC invocations=95 (full 29):
 PSYoungGen      total 264192K, used 258784K [0x00000000eab00000, 0x00000000fb680000, 0x0000000100000000)
  eden space 258048K, 100% used [0x00000000eab00000,0x00000000fa700000,0x00000000fa700000)
  from space 6144K, 11% used [0x00000000fa700000,0x00000000fa7b8000,0x00000000fad00000)
  to   space 6144K, 0% used [0x00000000fb080000,0x00000000fb080000,0x00000000fb680000)
 ParOldGen       total 135680K, used 84749K [0x00000000c0000000, 0x00000000c8480000, 0x00000000eab00000)
  object space 135680K, 62% used [0x00000000c0000000,0x00000000c52c3678,0x00000000c8480000)
 Metaspace       used 14221K, capacity 14782K, committed 14976K, reserved 1062912K
  class space    used 1974K, capacity 2138K, committed 2176K, reserved 1048576K
Event: 594.864 GC heap after
Heap after GC invocations=95 (full 29):
 PSYoungGen      total 267776K, used 1408K [0x00000000eab00000, 0x00000000fb680000, 0x0000000100000000)
  eden space 261632K, 0% used [0x00000000eab00000,0x00000000eab00000,0x00000000faa80000)
  from space 6144K, 22% used [0x00000000fb080000,0x00000000fb1e0000,0x00000000fb680000)
  to   space 6144K, 0% used [0x00000000faa80000,0x00000000faa80000,0x00000000fb080000)
 ParOldGen       total 135680K, used 84749K [0x00000000c0000000, 0x00000000c8480000, 0x00000000eab00000)
  object space 135680K, 62% used [0x00000000c0000000,0x00000000c52c3678,0x00000000c8480000)
 Metaspace       used 14221K, capacity 14782K, committed 14976K, reserved 1062912K
  class space    used 1974K, capacity 2138K, committed 2176K, reserved 1048576K
}
Event: 595.814 GC heap before
{Heap before GC invocations=96 (full 29):
 PSYoungGen      total 267776K, used 263040K [0x00000000eab00000, 0x00000000fb680000, 0x0000000100000000)
  eden space 261632K, 100% used [0x00000000eab00000,0x00000000faa80000,0x00000000faa80000)
  from space 6144K, 22% used [0x00000000fb080000,0x00000000fb1e0000,0x00000000fb680000)
  to   space 6144K, 0% used [0x00000000faa80000,0x00000000faa80000,0x00000000fb080000)
 ParOldGen       total 135680K, used 84749K [0x00000000c0000000, 0x00000000c8480000, 0x00000000eab00000)
  object space 135680K, 62% used [0x00000000c0000000,0x00000000c52c3678,0x00000000c8480000)
 Metaspace       used 14221K, capacity 14782K, committed 14976K, reserved 1062912K
  class space    used 1974K, capacity 2138K, committed 2176K, reserved 1048576K
Event: 595.822 GC heap after
Heap after GC invocations=96 (full 29):
 PSYoungGen      total 267776K, used 2112K [0x00000000eab00000, 0x00000000fb900000, 0x0000000100000000)
  eden space 261632K, 0% used [0x00000000eab00000,0x00000000eab00000,0x00000000faa80000)
  from space 6144K, 34% used [0x00000000faa80000,0x00000000fac90000,0x00000000fb080000)
  to   space 5632K, 0% used [0x00000000fb380000,0x00000000fb380000,0x00000000fb900000)
 ParOldGen       total 135680K, used 84749K [0x00000000c0000000, 0x00000000c8480000, 0x00000000eab00000)
  object space 135680K, 62% used [0x00000000c0000000,0x00000000c52c3678,0x00000000c8480000)
 Metaspace       used 14221K, capacity 14782K, committed 14976K, reserved 1062912K
  class space    used 1974K, capacity 2138K, committed 2176K, reserved 1048576K
}
Event: 596.454 GC heap before
{Heap before GC invocations=97 (full 29):
 PSYoungGen      total 267776K, used 263744K [0x00000000eab00000, 0x00000000fb900000, 0x0000000100000000)
  eden space 261632K, 100% used [0x00000000eab00000,0x00000000faa80000,0x00000000faa80000)
  from space 6144K, 34% used [0x00000000faa80000,0x00000000fac90000,0x00000000fb080000)
  to   space 5632K, 0% used [0x00000000fb380000,0x00000000fb380000,0x00000000fb900000)
 ParOldGen       total 135680K, used 84749K [0x00000000c0000000, 0x00000000c8480000, 0x00000000eab00000)
  object space 135680K, 62% used [0x00000000c0000000,0x00000000c52c3678,0x00000000c8480000)
 Metaspace       used 14221K, capacity 14782K, committed 14976K, reserved 1062912K
  class space    used 1974K, capacity 2138K, committed 2176K, reserved 1048576K
Event: 596.473 GC heap after
Heap after GC invocations=97 (full 29):
 PSYoungGen      total 270848K, used 2816K [0x00000000eab00000, 0x00000000fb980000, 0x0000000100000000)
  eden space 265216K, 0% used [0x00000000eab00000,0x00000000eab00000,0x00000000fae00000)
  from space 5632K, 50% used [0x00000000fb380000,0x00000000fb640000,0x00000000fb900000)
  to   space 5632K, 0% used [0x00000000fae00000,0x00000000fae00000,0x00000000fb380000)
 ParOldGen       total 135680K, used 84749K [0x00000000c0000000, 0x00000000c8480000, 0x00000000eab00000)
  object space 135680K, 62% used [0x00000000c0000000,0x00000000c52c3678,0x00000000c8480000)
 Metaspace       used 14221K, capacity 14782K, committed 14976K, reserved 1062912K
  class space    used 1974K, capacity 2138K, committed 2176K, reserved 1048576K
}
Event: 597.241 GC heap before
{Heap before GC invocations=98 (full 29):
 PSYoungGen      total 270848K, used 268032K [0x00000000eab00000, 0x00000000fb980000, 0x0000000100000000)
  eden space 265216K, 100% used [0x00000000eab00000,0x00000000fae00000,0x00000000fae00000)
  from space 5632K, 50% used [0x00000000fb380000,0x00000000fb640000,0x00000000fb900000)
  to   space 5632K, 0% used [0x00000000fae00000,0x00000000fae00000,0x00000000fb380000)
 ParOldGen       total 135680K, used 84749K [0x00000000c0000000, 0x00000000c8480000, 0x00000000eab00000)
  object space 135680K, 62% used [0x00000000c0000000,0x00000000c52c3678,0x00000000c8480000)
 Metaspace       used 14221K, capacity 14782K, committed 14976K, reserved 1062912K
  class space    used 1974K, capacity 2138K, committed 2176K, reserved 1048576K
Event: 597.256 GC heap after
Heap after GC invocations=98 (full 29):
 PSYoungGen      total 270848K, used 3520K [0x00000000eab00000, 0x00000000fbd80000, 0x0000000100000000)
  eden space 265216K, 0% used [0x00000000eab00000,0x00000000eab00000,0x00000000fae00000)
  from space 5632K, 62% used [0x00000000fae00000,0x00000000fb170000,0x00000000fb380000)
  to   space 5632K, 0% used [0x00000000fb800000,0x00000000fb800000,0x00000000fbd80000)
 ParOldGen       total 135680K, used 84749K [0x00000000c0000000, 0x00000000c8480000, 0x00000000eab00000)
  object space 135680K, 62% used [0x00000000c0000000,0x00000000c52c3678,0x00000000c8480000)
 Metaspace       used 14221K, capacity 14782K, committed 14976K, reserved 1062912K
  class space    used 1974K, capacity 2138K, committed 2176K, reserved 1048576K
}
Event: 597.347 GC heap before
{Heap before GC invocations=99 (full 29):
 PSYoungGen      total 270848K, used 35347K [0x00000000eab00000, 0x00000000fbd80000, 0x0000000100000000)
  eden space 265216K, 12% used [0x00000000eab00000,0x00000000eca14f08,0x00000000fae00000)
  from space 5632K, 62% used [0x00000000fae00000,0x00000000fb170000,0x00000000fb380000)
  to   space 5632K, 0% used [0x00000000fb800000,0x00000000fb800000,0x00000000fbd80000)
 ParOldGen       total 135680K, used 84749K [0x00000000c0000000, 0x00000000c8480000, 0x00000000eab00000)
  object space 135680K, 62% used [0x00000000c0000000,0x00000000c52c3678,0x00000000c8480000)
 Metaspace       used 14221K, capacity 14782K, committed 14976K, reserved 1062912K
  class space    used 1974K, capacity 2138K, committed 2176K, reserved 1048576K
Event: 597.361 GC heap after
Heap after GC invocations=99 (full 29):
 PSYoungGen      total 274944K, used 3552K [0x00000000eab00000, 0x00000000fbe80000, 0x0000000100000000)
  eden space 269312K, 0% used [0x00000000eab00000,0x00000000eab00000,0x00000000fb200000)
  from space 5632K, 63% used [0x00000000fb800000,0x00000000fbb78000,0x00000000fbd80000)
  to   space 6144K, 0% used [0x00000000fb200000,0x00000000fb200000,0x00000000fb800000)
 ParOldGen       total 135680K, used 84749K [0x00000000c0000000, 0x00000000c8480000, 0x00000000eab00000)
  object space 135680K, 62% used [0x00000000c0000000,0x00000000c52c3678,0x00000000c8480000)
 Metaspace       used 14221K, capacity 14782K, committed 14976K, reserved 1062912K
  class space    used 1974K, capacity 2138K, committed 2176K, reserved 1048576K
}
Event: 597.361 GC heap before
{Heap before GC invocations=100 (full 30):
 PSYoungGen      total 274944K, used 3552K [0x00000000eab00000, 0x00000000fbe80000, 0x0000000100000000)
  eden space 269312K, 0% used [0x00000000eab00000,0x00000000eab00000,0x00000000fb200000)
  from space 5632K, 63% used [0x00000000fb800000,0x00000000fbb78000,0x00000000fbd80000)
  to   space 6144K, 0% used [0x00000000fb200000,0x00000000fb200000,0x00000000fb800000)
 ParOldGen       total 135680K, used 84749K [0x00000000c0000000, 0x00000000c8480000, 0x00000000eab00000)
  object space 135680K, 62% used [0x00000000c0000000,0x00000000c52c3678,0x00000000c8480000)
 Metaspace       used 14221K, capacity 14782K, committed 14976K, reserved 1062912K
  class space    used 1974K, capacity 2138K, committed 2176K, reserved 1048576K
Event: 597.634 GC heap after
Heap after GC invocations=100 (full 30):
 PSYoungGen      total 274944K, used 0K [0x00000000eab00000, 0x00000000fbe80000, 0x0000000100000000)
  eden space 269312K, 0% used [0x00000000eab00000,0x00000000eab00000,0x00000000fb200000)
  from space 5632K, 0% used [0x00000000fb800000,0x00000000fb800000,0x00000000fbd80000)
  to   space 6144K, 0% used [0x00000000fb200000,0x00000000fb200000,0x00000000fb800000)
 ParOldGen       total 135680K, used 88221K [0x00000000c0000000, 0x00000000c8480000, 0x00000000eab00000)
  object space 135680K, 65% used [0x00000000c0000000,0x00000000c56277f8,0x00000000c8480000)
 Metaspace       used 14221K, capacity 14782K, committed 14976K, reserved 1062912K
  class space    used 1974K, capacity 2138K, committed 2176K, reserved 1048576K
}
Event: 597.721 GC heap before
{Heap before GC invocations=101 (full 30):
 PSYoungGen      total 274944K, used 32319K [0x00000000eab00000, 0x00000000fbe80000, 0x0000000100000000)
  eden space 269312K, 12% used [0x00000000eab00000,0x00000000eca8fcd8,0x00000000fb200000)
  from space 5632K, 0% used [0x00000000fb800000,0x00000000fb800000,0x00000000fbd80000)
  to   space 6144K, 0% used [0x00000000fb200000,0x00000000fb200000,0x00000000fb800000)
 ParOldGen       total 135680K, used 88221K [0x00000000c0000000, 0x00000000c8480000, 0x00000000eab00000)
  object space 135680K, 65% used [0x00000000c0000000,0x00000000c56277f8,0x00000000c8480000)
 Metaspace       used 14221K, capacity 14782K, committed 14976K, reserved 1062912K
  class space    used 1974K, capacity 2138K, committed 2176K, reserved 1048576K
Event: 597.722 GC heap after
Heap after GC invocations=101 (full 30):
 PSYoungGen      total 275456K, used 160K [0x00000000eab00000, 0x00000000fbe80000, 0x0000000100000000)
  eden space 269312K, 0% used [0x00000000eab00000,0x00000000eab00000,0x00000000fb200000)
  from space 6144K, 2% used [0x00000000fb200000,0x00000000fb228000,0x00000000fb800000)
  to   space 6144K, 0% used [0x00000000fb880000,0x00000000fb880000,0x00000000fbe80000)
 ParOldGen       total 135680K, used 88221K [0x00000000c0000000, 0x00000000c8480000, 0x00000000eab00000)
  object space 135680K, 65% used [0x00000000c0000000,0x00000000c56277f8,0x00000000c8480000)
 Metaspace       used 14221K, capacity 14782K, committed 14976K, reserved 1062912K
  class space    used 1974K, capacity 2138K, committed 2176K, reserved 1048576K
}
Event: 597.722 GC heap before
{Heap before GC invocations=102 (full 31):
 PSYoungGen      total 275456K, used 160K [0x00000000eab00000, 0x00000000fbe80000, 0x0000000100000000)
  eden space 269312K, 0% used [0x00000000eab00000,0x00000000eab00000,0x00000000fb200000)
  from space 6144K, 2% used [0x00000000fb200000,0x00000000fb228000,0x00000000fb800000)
  to   space 6144K, 0% used [0x00000000fb880000,0x00000000fb880000,0x00000000fbe80000)
 ParOldGen       total 135680K, used 88221K [0x00000000c0000000, 0x00000000c8480000, 0x00000000eab00000)
  object space 135680K, 65% used [0x00000000c0000000,0x00000000c56277f8,0x00000000c8480000)
 Metaspace       used 14221K, capacity 14782K, committed 14976K, reserved 1062912K
  class space    used 1974K, capacity 2138K, committed 2176K, reserved 1048576K
Event: 597.950 GC heap after
Heap after GC invocations=102 (full 31):
 PSYoungGen      total 275456K, used 0K [0x00000000eab00000, 0x00000000fbe80000, 0x0000000100000000)
  eden space 269312K, 0% used [0x00000000eab00000,0x00000000eab00000,0x00000000fb200000)
  from space 6144K, 0% used [0x00000000fb200000,0x00000000fb200000,0x00000000fb800000)
  to   space 6144K, 0% used [0x00000000fb880000,0x00000000fb880000,0x00000000fbe80000)
 ParOldGen       total 135680K, used 88304K [0x00000000c0000000, 0x00000000c8480000, 0x00000000eab00000)
  object space 135680K, 65% used [0x00000000c0000000,0x00000000c563c218,0x00000000c8480000)
 Metaspace       used 14221K, capacity 14782K, committed 14976K, reserved 1062912K
  class space    used 1974K, capacity 2138K, committed 2176K, reserved 1048576K
}
Event: 598.538 GC heap before
{Heap before GC invocations=103 (full 31):
 PSYoungGen      total 275456K, used 269312K [0x00000000eab00000, 0x00000000fbe80000, 0x0000000100000000)
  eden space 269312K, 100% used [0x00000000eab00000,0x00000000fb200000,0x00000000fb200000)
  from space 6144K, 0% used [0x00000000fb200000,0x00000000fb200000,0x00000000fb800000)
  to   space 6144K, 0% used [0x00000000fb880000,0x00000000fb880000,0x00000000fbe80000)
 ParOldGen       total 135680K, used 88304K [0x00000000c0000000, 0x00000000c8480000, 0x00000000eab00000)
  object space 135680K, 65% used [0x00000000c0000000,0x00000000c563c218,0x00000000c8480000)
 Metaspace       used 14221K, capacity 14782K, committed 14976K, reserved 1062912K
  class space    used 1974K, capacity 2138K, committed 2176K, reserved 1048576K
Event: 598.541 GC heap after
Heap after GC invocations=103 (full 31):
 PSYoungGen      total 276480K, used 800K [0x00000000eab00000, 0x00000000fc080000, 0x0000000100000000)
  eden space 270336K, 0% used [0x00000000eab00000,0x00000000eab00000,0x00000000fb300000)
  from space 6144K, 13% used [0x00000000fb880000,0x00000000fb948000,0x00000000fbe80000)
  to   space 5632K, 0% used [0x00000000fb300000,0x00000000fb300000,0x00000000fb880000)
 ParOldGen       total 135680K, used 88304K [0x00000000c0000000, 0x00000000c8480000, 0x00000000eab00000)
  object space 135680K, 65% used [0x00000000c0000000,0x00000000c563c218,0x00000000c8480000)
 Metaspace       used 14221K, capacity 14782K, committed 14976K, reserved 1062912K
  class space    used 1974K, capacity 2138K, committed 2176K, reserved 1048576K
}
Event: 599.241 GC heap before
{Heap before GC invocations=104 (full 31):
 PSYoungGen      total 276480K, used 271136K [0x00000000eab00000, 0x00000000fc080000, 0x0000000100000000)
  eden space 270336K, 100% used [0x00000000eab00000,0x00000000fb300000,0x00000000fb300000)
  from space 6144K, 13% used [0x00000000fb880000,0x00000000fb948000,0x00000000fbe80000)
  to   space 5632K, 0% used [0x00000000fb300000,0x00000000fb300000,0x00000000fb880000)
 ParOldGen       total 135680K, used 88304K [0x00000000c0000000, 0x00000000c8480000, 0x00000000eab00000)
  object space 135680K, 65% used [0x00000000c0000000,0x00000000c563c218,0x00000000c8480000)
 Metaspace       used 14221K, capacity 14782K, committed 14976K, reserved 1062912K
  class space    used 1974K, capacity 2138K, committed 2176K, reserved 1048576K
Event: 599.251 GC heap after
Heap after GC invocations=104 (full 31):
 PSYoungGen      total 275968K, used 1504K [0x00000000eab00000, 0x00000000fc180000, 0x0000000100000000)
  eden space 270336K, 0% used [0x00000000eab00000,0x00000000eab00000,0x00000000fb300000)
  from space 5632K, 26% used [0x00000000fb300000,0x00000000fb478000,0x00000000fb880000)
  to   space 5632K, 0% used [0x00000000fbc00000,0x00000000fbc00000,0x00000000fc180000)
 ParOldGen       total 135680K, used 88304K [0x00000000c0000000, 0x00000000c8480000, 0x00000000eab00000)
  object space 135680K, 65% used [0x00000000c0000000,0x00000000c563c218,0x00000000c8480000)
 Metaspace       used 14221K, capacity 14782K, committed 14976K, reserved 1062912K
  class space    used 1974K, capacity 2138K, committed 2176K, reserved 1048576K
}
Event: 601.089 GC heap before
{Heap before GC invocations=105 (full 31):
 PSYoungGen      total 275968K, used 271840K [0x00000000eab00000, 0x00000000fc180000, 0x0000000100000000)
  eden space 270336K, 100% used [0x00000000eab00000,0x00000000fb300000,0x00000000fb300000)
  from space 5632K, 26% used [0x00000000fb300000,0x00000000fb478000,0x00000000fb880000)
  to   space 5632K, 0% used [0x00000000fbc00000,0x00000000fbc00000,0x00000000fc180000)
 ParOldGen       total 135680K, used 88304K [0x00000000c0000000, 0x00000000c8480000, 0x00000000eab00000)
  object space 135680K, 65% used [0x00000000c0000000,0x00000000c563c218,0x00000000c8480000)
 Metaspace       used 14221K, capacity 14782K, committed 14976K, reserved 1062912K
  class space    used 1974K, capacity 2138K, committed 2176K, reserved 1048576K
Event: 601.102 GC heap after
Heap after GC invocations=105 (full 31):
 PSYoungGen      total 278528K, used 2112K [0x00000000eab00000, 0x00000000fc080000, 0x0000000100000000)
  eden space 273920K, 0% used [0x00000000eab00000,0x00000000eab00000,0x00000000fb680000)
  from space 4608K, 45% used [0x00000000fbc00000,0x00000000fbe10000,0x00000000fc080000)
  to   space 5120K, 0% used [0x00000000fb680000,0x00000000fb680000,0x00000000fbb80000)
 ParOldGen       total 135680K, used 88304K [0x00000000c0000000, 0x00000000c8480000, 0x00000000eab00000)
  object space 135680K, 65% used [0x00000000c0000000,0x00000000c563c218,0x00000000c8480000)
 Metaspace       used 14221K, capacity 14782K, committed 14976K, reserved 1062912K
  class space    used 1974K, capacity 2138K, committed 2176K, reserved 1048576K
}
Event: 601.830 GC heap before
{Heap before GC invocations=106 (full 31):
 PSYoungGen      total 278528K, used 276032K [0x00000000eab00000, 0x00000000fc080000, 0x0000000100000000)
  eden space 273920K, 100% used [0x00000000eab00000,0x00000000fb680000,0x00000000fb680000)
  from space 4608K, 45% used [0x00000000fbc00000,0x00000000fbe10000,0x00000000fc080000)
  to   space 5120K, 0% used [0x00000000fb680000,0x00000000fb680000,0x00000000fbb80000)
 ParOldGen       total 135680K, used 88304K [0x00000000c0000000, 0x00000000c8480000, 0x00000000eab00000)
  object space 135680K, 65% used [0x00000000c0000000,0x00000000c563c218,0x00000000c8480000)
 Metaspace       used 14221K, capacity 14782K, committed 14976K, reserved 1062912K
  class space    used 1974K, capacity 2138K, committed 2176K, reserved 1048576K
Event: 601.843 GC heap after
Heap after GC invocations=106 (full 31):
 PSYoungGen      total 279040K, used 2784K [0x00000000eab00000, 0x00000000fc400000, 0x0000000100000000)
  eden space 273920K, 0% used [0x00000000eab00000,0x00000000eab00000,0x00000000fb680000)
  from space 5120K, 54% used [0x00000000fb680000,0x00000000fb938000,0x00000000fbb80000)
  to   space 5120K, 0% used [0x00000000fbf00000,0x00000000fbf00000,0x00000000fc400000)
 ParOldGen       total 135680K, used 88304K [0x00000000c0000000, 0x00000000c8480000, 0x00000000eab00000)
  object space 135680K, 65% used [0x00000000c0000000,0x00000000c563c218,0x00000000c8480000)
 Metaspace       used 14221K, capacity 14782K, committed 14976K, reserved 1062912K
  class space    used 1974K, capacity 2138K, committed 2176K, reserved 1048576K
}
Event: 602.466 GC heap before
{Heap before GC invocations=107 (full 31):
 PSYoungGen      total 279040K, used 276704K [0x00000000eab00000, 0x00000000fc400000, 0x0000000100000000)
  eden space 273920K, 100% used [0x00000000eab00000,0x00000000fb680000,0x00000000fb680000)
  from space 5120K, 54% used [0x00000000fb680000,0x00000000fb938000,0x00000000fbb80000)
  to   space 5120K, 0% used [0x00000000fbf00000,0x00000000fbf00000,0x00000000fc400000)
 ParOldGen       total 135680K, used 88304K [0x00000000c0000000, 0x00000000c8480000, 0x00000000eab00000)
  object space 135680K, 65% used [0x00000000c0000000,0x00000000c563c218,0x00000000c8480000)
 Metaspace       used 14221K, capacity 14782K, committed 14976K, reserved 1062912K
  class space    used 1974K, capacity 2138K, committed 2176K, reserved 1048576K
Event: 602.479 GC heap after
Heap after GC invocations=107 (full 31):
 PSYoungGen      total 282112K, used 3488K [0x00000000eab00000, 0x00000000fc580000, 0x0000000100000000)
  eden space 276992K, 0% used [0x00000000eab00000,0x00000000eab00000,0x00000000fb980000)
  from space 5120K, 68% used [0x00000000fbf00000,0x00000000fc268000,0x00000000fc400000)
  to   space 5632K, 0% used [0x00000000fb980000,0x00000000fb980000,0x00000000fbf00000)
 ParOldGen       total 135680K, used 88304K [0x00000000c0000000, 0x00000000c8480000, 0x00000000eab00000)
  object space 135680K, 65% used [0x00000000c0000000,0x00000000c563c218,0x00000000c8480000)
 Metaspace       used 14221K, capacity 14782K, committed 14976K, reserved 1062912K
  class space    used 1974K, capacity 2138K, committed 2176K, reserved 1048576K
}
Event: 603.175 GC heap before
{Heap before GC invocations=108 (full 31):
 PSYoungGen      total 282112K, used 280480K [0x00000000eab00000, 0x00000000fc580000, 0x0000000100000000)
  eden space 276992K, 100% used [0x00000000eab00000,0x00000000fb980000,0x00000000fb980000)
  from space 5120K, 68% used [0x00000000fbf00000,0x00000000fc268000,0x00000000fc400000)
  to   space 5632K, 0% used [0x00000000fb980000,0x00000000fb980000,0x00000000fbf00000)
 ParOldGen       total 135680K, used 88304K [0x00000000c0000000, 0x00000000c8480000, 0x00000000eab00000)
  object space 135680K, 65% used [0x00000000c0000000,0x00000000c563c218,0x00000000c8480000)
 Metaspace       used 14221K, capacity 14782K, committed 14976K, reserved 1062912K
  class space    used 1974K, capacity 2138K, committed 2176K, reserved 1048576K
Event: 603.194 GC heap after
Heap after GC invocations=108 (full 31):
 PSYoungGen      total 282624K, used 4224K [0x00000000eab00000, 0x00000000fca80000, 0x0000000100000000)
  eden space 276992K, 0% used [0x00000000eab00000,0x00000000eab00000,0x00000000fb980000)
  from space 5632K, 75% used [0x00000000fb980000,0x00000000fbda0000,0x00000000fbf00000)
  to   space 6144K, 0% used [0x00000000fc480000,0x00000000fc480000,0x00000000fca80000)
 ParOldGen       total 135680K, used 88304K [0x00000000c0000000, 0x00000000c8480000, 0x00000000eab00000)
  object space 135680K, 65% used [0x00000000c0000000,0x00000000c563c218,0x00000000c8480000)
 Metaspace       used 14221K, capacity 14782K, committed 14976K, reserved 1062912K
  class space    used 1974K, capacity 2138K, committed 2176K, reserved 1048576K
}
Event: 604.019 GC heap before
{Heap before GC invocations=109 (full 31):
 PSYoungGen      total 282624K, used 281216K [0x00000000eab00000, 0x00000000fca80000, 0x0000000100000000)
  eden space 276992K, 100% used [0x00000000eab00000,0x00000000fb980000,0x00000000fb980000)
  from space 5632K, 75% used [0x00000000fb980000,0x00000000fbda0000,0x00000000fbf00000)
  to   space 6144K, 0% used [0x00000000fc480000,0x00000000fc480000,0x00000000fca80000)
 ParOldGen       total 135680K, used 88304K [0x00000000c0000000, 0x00000000c8480000, 0x00000000eab00000)
  object space 135680K, 65% used [0x00000000c0000000,0x00000000c563c218,0x00000000c8480000)
 Metaspace       used 14221K, capacity 14782K, committed 14976K, reserved 1062912K
  class space    used 1974K, capacity 2138K, committed 2176K, reserved 1048576K
Event: 604.044 GC heap after
Heap after GC invocations=109 (full 31):
 PSYoungGen      total 287744K, used 5024K [0x00000000eab00000, 0x00000000fcc00000, 0x0000000100000000)
  eden space 281600K, 0% used [0x00000000eab00000,0x00000000eab00000,0x00000000fbe00000)
  from space 6144K, 81% used [0x00000000fc480000,0x00000000fc968000,0x00000000fca80000)
  to   space 6656K, 0% used [0x00000000fbe00000,0x00000000fbe00000,0x00000000fc480000)
 ParOldGen       total 135680K, used 88304K [0x00000000c0000000, 0x00000000c8480000, 0x00000000eab00000)
  object space 135680K, 65% used [0x00000000c0000000,0x00000000c563c218,0x00000000c8480000)
 Metaspace       used 14221K, capacity 14782K, committed 14976K, reserved 1062912K
  class space    used 1974K, capacity 2138K, committed 2176K, reserved 1048576K
}
Event: 604.908 GC heap before
{Heap before GC invocations=110 (full 31):
 PSYoungGen      total 287744K, used 286624K [0x00000000eab00000, 0x00000000fcc00000, 0x0000000100000000)
  eden space 281600K, 100% used [0x00000000eab00000,0x00000000fbe00000,0x00000000fbe00000)
  from space 6144K, 81% used [0x00000000fc480000,0x00000000fc968000,0x00000000fca80000)
  to   space 6656K, 0% used [0x00000000fbe00000,0x00000000fbe00000,0x00000000fc480000)
 ParOldGen       total 135680K, used 88304K [0x00000000c0000000, 0x00000000c8480000, 0x00000000eab00000)
  object space 135680K, 65% used [0x00000000c0000000,0x00000000c563c218,0x00000000c8480000)
 Metaspace       used 14221K, capacity 14782K, committed 14976K, reserved 1062912K
  class space    used 1974K, capacity 2138K, committed 2176K, reserved 1048576K
Event: 604.930 GC heap after
Heap after GC invocations=110 (full 31):
 PSYoungGen      total 288256K, used 5696K [0x00000000eab00000, 0x00000000fd180000, 0x0000000100000000)
  eden space 281600K, 0% used [0x00000000eab00000,0x00000000eab00000,0x00000000fbe00000)
  from space 6656K, 85% used [0x00000000fbe00000,0x00000000fc390000,0x00000000fc480000)
  to   space 7168K, 0% used [0x00000000fca80000,0x00000000fca80000,0x00000000fd180000)
 ParOldGen       total 135680K, used 88304K [0x00000000c0000000, 0x00000000c8480000, 0x00000000eab00000)
  object space 135680K, 65% used [0x00000000c0000000,0x00000000c563c218,0x00000000c8480000)
 Metaspace       used 14221K, capacity 14782K, committed 14976K, reserved 1062912K
  class space    used 1974K, capacity 2138K, committed 2176K, reserved 1048576K
}
Event: 605.012 GC heap before
{Heap before GC invocations=111 (full 31):
 PSYoungGen      total 288256K, used 33857K [0x00000000eab00000, 0x00000000fd180000, 0x0000000100000000)
  eden space 281600K, 10% used [0x00000000eab00000,0x00000000ec680790,0x00000000fbe00000)
  from space 6656K, 85% used [0x00000000fbe00000,0x00000000fc390000,0x00000000fc480000)
  to   space 7168K, 0% used [0x00000000fca80000,0x00000000fca80000,0x00000000fd180000)
 ParOldGen       total 135680K, used 88304K [0x00000000c0000000, 0x00000000c8480000, 0x00000000eab00000)
  object space 135680K, 65% used [0x00000000c0000000,0x00000000c563c218,0x00000000c8480000)
 Metaspace       used 14221K, capacity 14782K, committed 14976K, reserved 1062912K
  class space    used 1974K, capacity 2138K, committed 2176K, reserved 1048576K
Event: 605.034 GC heap after
Heap after GC invocations=111 (full 31):
 PSYoungGen      total 293376K, used 5760K [0x00000000eab00000, 0x00000000fd380000, 0x0000000100000000)
  eden space 286208K, 0% used [0x00000000eab00000,0x00000000eab00000,0x00000000fc280000)
  from space 7168K, 80% used [0x00000000fca80000,0x00000000fd020000,0x00000000fd180000)
  to   space 8192K, 0% used [0x00000000fc280000,0x00000000fc280000,0x00000000fca80000)
 ParOldGen       total 135680K, used 88304K [0x00000000c0000000, 0x00000000c8480000, 0x00000000eab00000)
  object space 135680K, 65% used [0x00000000c0000000,0x00000000c563c218,0x00000000c8480000)
 Metaspace       used 14221K, capacity 14782K, committed 14976K, reserved 1062912K
  class space    used 1974K, capacity 2138K, committed 2176K, reserved 1048576K
}
Event: 605.034 GC heap before
{Heap before GC invocations=112 (full 32):
 PSYoungGen      total 293376K, used 5760K [0x00000000eab00000, 0x00000000fd380000, 0x0000000100000000)
  eden space 286208K, 0% used [0x00000000eab00000,0x00000000eab00000,0x00000000fc280000)
  from space 7168K, 80% used [0x00000000fca80000,0x00000000fd020000,0x00000000fd180000)
  to   space 8192K, 0% used [0x00000000fc280000,0x00000000fc280000,0x00000000fca80000)
 ParOldGen       total 135680K, used 88304K [0x00000000c0000000, 0x00000000c8480000, 0x00000000eab00000)
  object space 135680K, 65% used [0x00000000c0000000,0x00000000c563c218,0x00000000c8480000)
 Metaspace       used 14221K, capacity 14782K, committed 14976K, reserved 1062912K
  class space    used 1974K, capacity 2138K, committed 2176K, reserved 1048576K
Event: 605.356 GC heap after
Heap after GC invocations=112 (full 32):
 PSYoungGen      total 293376K, used 0K [0x00000000eab00000, 0x00000000fd380000, 0x0000000100000000)
  eden space 286208K, 0% used [0x00000000eab00000,0x00000000eab00000,0x00000000fc280000)
  from space 7168K, 0% used [0x00000000fca80000,0x00000000fca80000,0x00000000fd180000)
  to   space 8192K, 0% used [0x00000000fc280000,0x00000000fc280000,0x00000000fca80000)
 ParOldGen       total 135680K, used 93950K [0x00000000c0000000, 0x00000000c8480000, 0x00000000eab00000)
  object space 135680K, 69% used [0x00000000c0000000,0x00000000c5bbfa80,0x00000000c8480000)
 Metaspace       used 14221K, capacity 14782K, committed 14976K, reserved 1062912K
  class space    used 1974K, capacity 2138K, committed 2176K, reserved 1048576K
}
Event: 605.438 GC heap before
{Heap before GC invocations=113 (full 32):
 PSYoungGen      total 293376K, used 28622K [0x00000000eab00000, 0x00000000fd380000, 0x0000000100000000)
  eden space 286208K, 10% used [0x00000000eab00000,0x00000000ec6f3ab8,0x00000000fc280000)
  from space 7168K, 0% used [0x00000000fca80000,0x00000000fca80000,0x00000000fd180000)
  to   space 8192K, 0% used [0x00000000fc280000,0x00000000fc280000,0x00000000fca80000)
 ParOldGen       total 135680K, used 93950K [0x00000000c0000000, 0x00000000c8480000, 0x00000000eab00000)
  object space 135680K, 69% used [0x00000000c0000000,0x00000000c5bbfa80,0x00000000c8480000)
 Metaspace       used 14221K, capacity 14782K, committed 14976K, reserved 1062912K
  class space    used 1974K, capacity 2138K, committed 2176K, reserved 1048576K
Event: 605.439 GC heap after
Heap after GC invocations=113 (full 32):
 PSYoungGen      total 294400K, used 160K [0x00000000eab00000, 0x00000000fd380000, 0x0000000100000000)
  eden space 286208K, 0% used [0x00000000eab00000,0x00000000eab00000,0x00000000fc280000)
  from space 8192K, 1% used [0x00000000fc280000,0x00000000fc2a8000,0x00000000fca80000)
  to   space 8192K, 0% used [0x00000000fcb80000,0x00000000fcb80000,0x00000000fd380000)
 ParOldGen       total 135680K, used 93950K [0x00000000c0000000, 0x00000000c8480000, 0x00000000eab00000)
  object space 135680K, 69% used [0x00000000c0000000,0x00000000c5bbfa80,0x00000000c8480000)
 Metaspace       used 14221K, capacity 14782K, committed 14976K, reserved 1062912K
  class space    used 1974K, capacity 2138K, committed 2176K, reserved 1048576K
}
Event: 605.439 GC heap before
{Heap before GC invocations=114 (full 33):
 PSYoungGen      total 294400K, used 160K [0x00000000eab00000, 0x00000000fd380000, 0x0000000100000000)
  eden space 286208K, 0% used [0x00000000eab00000,0x00000000eab00000,0x00000000fc280000)
  from space 8192K, 1% used [0x00000000fc280000,0x00000000fc2a8000,0x00000000fca80000)
  to   space 8192K, 0% used [0x00000000fcb80000,0x00000000fcb80000,0x00000000fd380000)
 ParOldGen       total 135680K, used 93950K [0x00000000c0000000, 0x00000000c8480000, 0x00000000eab00000)
  object space 135680K, 69% used [0x00000000c0000000,0x00000000c5bbfa80,0x00000000c8480000)
 Metaspace       used 14221K, capacity 14782K, committed 14976K, reserved 1062912K
  class space    used 1974K, capacity 2138K, committed 2176K, reserved 1048576K
Event: 605.711 GC heap after
Heap after GC invocations=114 (full 33):
 PSYoungGen      total 294400K, used 0K [0x00000000eab00000, 0x00000000fd380000, 0x0000000100000000)
  eden space 286208K, 0% used [0x00000000eab00000,0x00000000eab00000,0x00000000fc280000)
  from space 8192K, 0% used [0x00000000fc280000,0x00000000fc280000,0x00000000fca80000)
  to   space 8192K, 0% used [0x00000000fcb80000,0x00000000fcb80000,0x00000000fd380000)
 ParOldGen       total 135680K, used 94028K [0x00000000c0000000, 0x00000000c8480000, 0x00000000eab00000)
  object space 135680K, 69% used [0x00000000c0000000,0x00000000c5bd32a0,0x00000000c8480000)
 Metaspace       used 14221K, capacity 14782K, committed 14976K, reserved 1062912K
  class space    used 1974K, capacity 2138K, committed 2176K, reserved 1048576K
}
Event: 607.218 GC heap before
{Heap before GC invocations=115 (full 33):
 PSYoungGen      total 294400K, used 286208K [0x00000000eab00000, 0x00000000fd380000, 0x0000000100000000)
  eden space 286208K, 100% used [0x00000000eab00000,0x00000000fc280000,0x00000000fc280000)
  from space 8192K, 0% used [0x00000000fc280000,0x00000000fc280000,0x00000000fca80000)
  to   space 8192K, 0% used [0x00000000fcb80000,0x00000000fcb80000,0x00000000fd380000)
 ParOldGen       total 135680K, used 94028K [0x00000000c0000000, 0x00000000c8480000, 0x00000000eab00000)
  object space 135680K, 69% used [0x00000000c0000000,0x00000000c5bd32a0,0x00000000c8480000)
 Metaspace       used 14221K, capacity 14782K, committed 14976K, reserved 1062912K
  class space    used 1974K, capacity 2138K, committed 2176K, reserved 1048576K
Event: 607.223 GC heap after
Heap after GC invocations=115 (full 33):
 PSYoungGen      total 295936K, used 800K [0x00000000eab00000, 0x00000000fd600000, 0x0000000100000000)
  eden space 287744K, 0% used [0x00000000eab00000,0x00000000eab00000,0x00000000fc400000)
  from space 8192K, 9% used [0x00000000fcb80000,0x00000000fcc48000,0x00000000fd380000)
  to   space 7680K, 0% used [0x00000000fc400000,0x00000000fc400000,0x00000000fcb80000)
 ParOldGen       total 135680K, used 94028K [0x00000000c0000000, 0x00000000c8480000, 0x00000000eab00000)
  object space 135680K, 69% used [0x00000000c0000000,0x00000000c5bd32a0,0x00000000c8480000)
 Metaspace       used 14221K, capacity 14782K, committed 14976K, reserved 1062912K
  class space    used 1974K, capacity 2138K, committed 2176K, reserved 1048576K
}
Event: 608.254 GC heap before
{Heap before GC invocations=116 (full 33):
 PSYoungGen      total 295936K, used 288544K [0x00000000eab00000, 0x00000000fd600000, 0x0000000100000000)
  eden space 287744K, 100% used [0x00000000eab00000,0x00000000fc400000,0x00000000fc400000)
  from space 8192K, 9% used [0x00000000fcb80000,0x00000000fcc48000,0x00000000fd380000)
  to   space 7680K, 0% used [0x00000000fc400000,0x00000000fc400000,0x00000000fcb80000)
 ParOldGen       total 135680K, used 94028K [0x00000000c0000000, 0x00000000c8480000, 0x00000000eab00000)
  object space 135680K, 69% used [0x00000000c0000000,0x00000000c5bd32a0,0x00000000c8480000)
 Metaspace       used 14221K, capacity 14782K, committed 14976K, reserved 1062912K
  class space    used 1974K, capacity 2138K, committed 2176K, reserved 1048576K
Event: 608.260 GC heap after
Heap after GC invocations=116 (full 33):
 PSYoungGen      total 295424K, used 1600K [0x00000000eab00000, 0x00000000fd700000, 0x0000000100000000)
  eden space 287744K, 0% used [0x00000000eab00000,0x00000000eab00000,0x00000000fc400000)
  from space 7680K, 20% used [0x00000000fc400000,0x00000000fc590000,0x00000000fcb80000)
  to   space 7680K, 0% used [0x00000000fcf80000,0x00000000fcf80000,0x00000000fd700000)
 ParOldGen       total 135680K, used 94028K [0x00000000c0000000, 0x00000000c8480000, 0x00000000eab00000)
  object space 135680K, 69% used [0x00000000c0000000,0x00000000c5bd32a0,0x00000000c8480000)
 Metaspace       used 14221K, capacity 14782K, committed 14976K, reserved 1062912K
  class space    used 1974K, capacity 2138K, committed 2176K, reserved 1048576K
}
Event: 609.045 GC heap before
{Heap before GC invocations=117 (full 33):
 PSYoungGen      total 295424K, used 289344K [0x00000000eab00000, 0x00000000fd700000, 0x0000000100000000)
  eden space 287744K, 100% used [0x00000000eab00000,0x00000000fc400000,0x00000000fc400000)
  from space 7680K, 20% used [0x00000000fc400000,0x00000000fc590000,0x00000000fcb80000)
  to   space 7680K, 0% used [0x00000000fcf80000,0x00000000fcf80000,0x00000000fd700000)
 ParOldGen       total 135680K, used 94028K [0x00000000c0000000, 0x00000000c8480000, 0x00000000eab00000)
  object space 135680K, 69% used [0x00000000c0000000,0x00000000c5bd32a0,0x00000000c8480000)
 Metaspace       used 14221K, capacity 14782K, committed 14976K, reserved 1062912K
  class space    used 1974K, capacity 2138K, committed 2176K, reserved 1048576K
Event: 609.073 GC heap after
Heap after GC invocations=117 (full 33):
 PSYoungGen      total 300032K, used 2272K [0x00000000eab00000, 0x00000000fd780000, 0x0000000100000000)
  eden space 292352K, 0% used [0x00000000eab00000,0x00000000eab00000,0x00000000fc880000)
  from space 7680K, 29% used [0x00000000fcf80000,0x00000000fd1b8000,0x00000000fd700000)
  to   space 7168K, 0% used [0x00000000fc880000,0x00000000fc880000,0x00000000fcf80000)
 ParOldGen       total 135680K, used 94028K [0x00000000c0000000, 0x00000000c8480000, 0x00000000eab00000)
  object space 135680K, 69% used [0x00000000c0000000,0x00000000c5bd32a0,0x00000000c8480000)
 Metaspace       used 14221K, capacity 14782K, committed 14976K, reserved 1062912K
  class space    used 1974K, capacity 2138K, committed 2176K, reserved 1048576K
}
Event: 609.842 GC heap before
{Heap before GC invocations=118 (full 33):
 PSYoungGen      total 300032K, used 294624K [0x00000000eab00000, 0x00000000fd780000, 0x0000000100000000)
  eden space 292352K, 100% used [0x00000000eab00000,0x00000000fc880000,0x00000000fc880000)
  from space 7680K, 29% used [0x00000000fcf80000,0x00000000fd1b8000,0x00000000fd700000)
  to   space 7168K, 0% used [0x00000000fc880000,0x00000000fc880000,0x00000000fcf80000)
 ParOldGen       total 135680K, used 94028K [0x00000000c0000000, 0x00000000c8480000, 0x00000000eab00000)
  object space 135680K, 69% used [0x00000000c0000000,0x00000000c5bd32a0,0x00000000c8480000)
 Metaspace       used 14221K, capacity 14782K, committed 14976K, reserved 1062912K
  class space    used 1974K, capacity 2138K, committed 2176K, reserved 1048576K
Event: 609.855 GC heap after
Heap after GC invocations=118 (full 33):
 PSYoungGen      total 299520K, used 3008K [0x00000000eab00000, 0x00000000fdb80000, 0x0000000100000000)
  eden space 292352K, 0% used [0x00000000eab00000,0x00000000eab00000,0x00000000fc880000)
  from space 7168K, 41% used [0x00000000fc880000,0x00000000fcb70000,0x00000000fcf80000)
  to   space 7168K, 0% used [0x00000000fd480000,0x00000000fd480000,0x00000000fdb80000)
 ParOldGen       total 135680K, used 94028K [0x00000000c0000000, 0x00000000c8480000, 0x00000000eab00000)
  object space 135680K, 69% used [0x00000000c0000000,0x00000000c5bd32a0,0x00000000c8480000)
 Metaspace       used 14221K, capacity 14782K, committed 14976K, reserved 1062912K
  class space    used 1974K, capacity 2138K, committed 2176K, reserved 1048576K
}
Event: 610.655 GC heap before
{Heap before GC invocations=119 (full 33):
 PSYoungGen      total 299520K, used 295360K [0x00000000eab00000, 0x00000000fdb80000, 0x0000000100000000)
  eden space 292352K, 100% used [0x00000000eab00000,0x00000000fc880000,0x00000000fc880000)
  from space 7168K, 41% used [0x00000000fc880000,0x00000000fcb70000,0x00000000fcf80000)
  to   space 7168K, 0% used [0x00000000fd480000,0x00000000fd480000,0x00000000fdb80000)
 ParOldGen       total 135680K, used 94028K [0x00000000c0000000, 0x00000000c8480000, 0x00000000eab00000)
  object space 135680K, 69% used [0x00000000c0000000,0x00000000c5bd32a0,0x00000000c8480000)
 Metaspace       used 14221K, capacity 14782K, committed 14976K, reserved 1062912K
  class space    used 1974K, capacity 2138K, committed 2176K, reserved 1048576K
Event: 610.676 GC heap after
Heap after GC invocations=119 (full 33):
 PSYoungGen      total 304640K, used 3744K [0x00000000eab00000, 0x00000000fdc00000, 0x0000000100000000)
  eden space 297472K, 0% used [0x00000000eab00000,0x00000000eab00000,0x00000000fcd80000)
  from space 7168K, 52% used [0x00000000fd480000,0x00000000fd828000,0x00000000fdb80000)
  to   space 7168K, 0% used [0x00000000fcd80000,0x00000000fcd80000,0x00000000fd480000)
 ParOldGen       total 135680K, used 94028K [0x00000000c0000000, 0x00000000c8480000, 0x00000000eab00000)
  object space 135680K, 69% used [0x00000000c0000000,0x00000000c5bd32a0,0x00000000c8480000)
 Metaspace       used 14221K, capacity 14782K, committed 14976K, reserved 1062912K
  class space    used 1974K, capacity 2138K, committed 2176K, reserved 1048576K
}
Event: 611.572 GC heap before
{Heap before GC invocations=120 (full 33):
 PSYoungGen      total 304640K, used 301216K [0x00000000eab00000, 0x00000000fdc00000, 0x0000000100000000)
  eden space 297472K, 100% used [0x00000000eab00000,0x00000000fcd80000,0x00000000fcd80000)
  from space 7168K, 52% used [0x00000000fd480000,0x00000000fd828000,0x00000000fdb80000)
  to   space 7168K, 0% used [0x00000000fcd80000,0x00000000fcd80000,0x00000000fd480000)
 ParOldGen       total 135680K, used 94028K [0x00000000c0000000, 0x00000000c8480000, 0x00000000eab00000)
  object space 135680K, 69% used [0x00000000c0000000,0x00000000c5bd32a0,0x00000000c8480000)
 Metaspace       used 14221K, capacity 14782K, committed 14976K, reserved 1062912K
  class space    used 1974K, capacity 2138K, committed 2176K, reserved 1048576K
Event: 611.589 GC heap after
Heap after GC invocations=120 (full 33):
 PSYoungGen      total 304640K, used 4512K [0x00000000eab00000, 0x00000000fe100000, 0x0000000100000000)
  eden space 297472K, 0% used [0x00000000eab00000,0x00000000eab00000,0x00000000fcd80000)
  from space 7168K, 62% used [0x00000000fcd80000,0x00000000fd1e8000,0x00000000fd480000)
  to   space 7168K, 0% used [0x00000000fda00000,0x00000000fda00000,0x00000000fe100000)
 ParOldGen       total 135680K, used 94028K [0x00000000c0000000, 0x00000000c8480000, 0x00000000eab00000)
  object space 135680K, 69% used [0x00000000c0000000,0x00000000c5bd32a0,0x00000000c8480000)
 Metaspace       used 14221K, capacity 14782K, committed 14976K, reserved 1062912K
  class space    used 1974K, capacity 2138K, committed 2176K, reserved 1048576K
}
Event: 612.290 GC heap before
{Heap before GC invocations=121 (full 33):
 PSYoungGen      total 304640K, used 301984K [0x00000000eab00000, 0x00000000fe100000, 0x0000000100000000)
  eden space 297472K, 100% used [0x00000000eab00000,0x00000000fcd80000,0x00000000fcd80000)
  from space 7168K, 62% used [0x00000000fcd80000,0x00000000fd1e8000,0x00000000fd480000)
  to   space 7168K, 0% used [0x00000000fda00000,0x00000000fda00000,0x00000000fe100000)
 ParOldGen       total 135680K, used 94028K [0x00000000c0000000, 0x00000000c8480000, 0x00000000eab00000)
  object space 135680K, 69% used [0x00000000c0000000,0x00000000c5bd32a0,0x00000000c8480000)
 Metaspace       used 14221K, capacity 14782K, committed 14976K, reserved 1062912K
  class space    used 1974K, capacity 2138K, committed 2176K, reserved 1048576K
Event: 612.310 GC heap after
Heap after GC invocations=121 (full 33):
 PSYoungGen      total 309760K, used 5312K [0x00000000eab00000, 0x00000000fe200000, 0x0000000100000000)
  eden space 302592K, 0% used [0x00000000eab00000,0x00000000eab00000,0x00000000fd280000)
  from space 7168K, 74% used [0x00000000fda00000,0x00000000fdf30000,0x00000000fe100000)
  to   space 7680K, 0% used [0x00000000fd280000,0x00000000fd280000,0x00000000fda00000)
 ParOldGen       total 135680K, used 94028K [0x00000000c0000000, 0x00000000c8480000, 0x00000000eab00000)
  object space 135680K, 69% used [0x00000000c0000000,0x00000000c5bd32a0,0x00000000c8480000)
 Metaspace       used 14221K, capacity 14782K, committed 14976K, reserved 1062912K
  class space    used 1974K, capacity 2138K, committed 2176K, reserved 1048576K
}
Event: 612.394 GC heap before
{Heap before GC invocations=122 (full 33):
 PSYoungGen      total 309760K, used 35573K [0x00000000eab00000, 0x00000000fe200000, 0x0000000100000000)
  eden space 302592K, 10% used [0x00000000eab00000,0x00000000ec88d450,0x00000000fd280000)
  from space 7168K, 74% used [0x00000000fda00000,0x00000000fdf30000,0x00000000fe100000)
  to   space 7680K, 0% used [0x00000000fd280000,0x00000000fd280000,0x00000000fda00000)
 ParOldGen       total 135680K, used 94028K [0x00000000c0000000, 0x00000000c8480000, 0x00000000eab00000)
  object space 135680K, 69% used [0x00000000c0000000,0x00000000c5bd32a0,0x00000000c8480000)
 Metaspace       used 14221K, capacity 14782K, committed 14976K, reserved 1062912K
  class space    used 1974K, capacity 2138K, committed 2176K, reserved 1048576K
Event: 612.412 GC heap after
Heap after GC invocations=122 (full 33):
 PSYoungGen      total 310272K, used 5408K [0x00000000eab00000, 0x00000000fe300000, 0x0000000100000000)
  eden space 302592K, 0% used [0x00000000eab00000,0x00000000eab00000,0x00000000fd280000)
  from space 7680K, 70% used [0x00000000fd280000,0x00000000fd7c8000,0x00000000fda00000)
  to   space 8192K, 0% used [0x00000000fdb00000,0x00000000fdb00000,0x00000000fe300000)
 ParOldGen       total 135680K, used 94028K [0x00000000c0000000, 0x00000000c8480000, 0x00000000eab00000)
  object space 135680K, 69% used [0x00000000c0000000,0x00000000c5bd32a0,0x00000000c8480000)
 Metaspace       used 14221K, capacity 14782K, committed 14976K, reserved 1062912K
  class space    used 1974K, capacity 2138K, committed 2176K, reserved 1048576K
}
Event: 612.412 GC heap before
{Heap before GC invocations=123 (full 34):
 PSYoungGen      total 310272K, used 5408K [0x00000000eab00000, 0x00000000fe300000, 0x0000000100000000)
  eden space 302592K, 0% used [0x00000000eab00000,0x00000000eab00000,0x00000000fd280000)
  from space 7680K, 70% used [0x00000000fd280000,0x00000000fd7c8000,0x00000000fda00000)
  to   space 8192K, 0% used [0x00000000fdb00000,0x00000000fdb00000,0x00000000fe300000)
 ParOldGen       total 135680K, used 94028K [0x00000000c0000000, 0x00000000c8480000, 0x00000000eab00000)
  object space 135680K, 69% used [0x00000000c0000000,0x00000000c5bd32a0,0x00000000c8480000)
 Metaspace       used 14221K, capacity 14782K, committed 14976K, reserved 1062912K
  class space    used 1974K, capacity 2138K, committed 2176K, reserved 1048576K
Event: 612.818 GC heap after
Heap after GC invocations=123 (full 34):
 PSYoungGen      total 310272K, used 0K [0x00000000eab00000, 0x00000000fe300000, 0x0000000100000000)
  eden space 302592K, 0% used [0x00000000eab00000,0x00000000eab00000,0x00000000fd280000)
  from space 7680K, 0% used [0x00000000fd280000,0x00000000fd280000,0x00000000fda00000)
  to   space 8192K, 0% used [0x00000000fdb00000,0x00000000fdb00000,0x00000000fe300000)
 ParOldGen       total 135680K, used 99333K [0x00000000c0000000, 0x00000000c8480000, 0x00000000eab00000)
  object space 135680K, 73% used [0x00000000c0000000,0x00000000c61016c0,0x00000000c8480000)
 Metaspace       used 14221K, capacity 14782K, committed 14976K, reserved 1062912K
  class space    used 1974K, capacity 2138K, committed 2176K, reserved 1048576K
}
Event: 612.989 GC heap before
{Heap before GC invocations=124 (full 34):
 PSYoungGen      total 310272K, used 24209K [0x00000000eab00000, 0x00000000fe300000, 0x0000000100000000)
  eden space 302592K, 8% used [0x00000000eab00000,0x00000000ec2a4500,0x00000000fd280000)
  from space 7680K, 0% used [0x00000000fd280000,0x00000000fd280000,0x00000000fda00000)
  to   space 8192K, 0% used [0x00000000fdb00000,0x00000000fdb00000,0x00000000fe300000)
 ParOldGen       total 135680K, used 99333K [0x00000000c0000000, 0x00000000c8480000, 0x00000000eab00000)
  object space 135680K, 73% used [0x00000000c0000000,0x00000000c61016c0,0x00000000c8480000)
 Metaspace       used 14221K, capacity 14782K, committed 14976K, reserved 1062912K
  class space    used 1974K, capacity 2138K, committed 2176K, reserved 1048576K
Event: 612.992 GC heap after
Heap after GC invocations=124 (full 34):
 PSYoungGen      total 311296K, used 160K [0x00000000eab00000, 0x00000000fe300000, 0x0000000100000000)
  eden space 303104K, 0% used [0x00000000eab00000,0x00000000eab00000,0x00000000fd300000)
  from space 8192K, 1% used [0x00000000fdb00000,0x00000000fdb28000,0x00000000fe300000)
  to   space 8192K, 0% used [0x00000000fd300000,0x00000000fd300000,0x00000000fdb00000)
 ParOldGen       total 135680K, used 99333K [0x00000000c0000000, 0x00000000c8480000, 0x00000000eab00000)
  object space 135680K, 73% used [0x00000000c0000000,0x00000000c61016c0,0x00000000c8480000)
 Metaspace       used 14221K, capacity 14782K, committed 14976K, reserved 1062912K
  class space    used 1974K, capacity 2138K, committed 2176K, reserved 1048576K
}
Event: 612.992 GC heap before
{Heap before GC invocations=125 (full 35):
 PSYoungGen      total 311296K, used 160K [0x00000000eab00000, 0x00000000fe300000, 0x0000000100000000)
  eden space 303104K, 0% used [0x00000000eab00000,0x00000000eab00000,0x00000000fd300000)
  from space 8192K, 1% used [0x00000000fdb00000,0x00000000fdb28000,0x00000000fe300000)
  to   space 8192K, 0% used [0x00000000fd300000,0x00000000fd300000,0x00000000fdb00000)
 ParOldGen       total 135680K, used 99333K [0x00000000c0000000, 0x00000000c8480000, 0x00000000eab00000)
  object space 135680K, 73% used [0x00000000c0000000,0x00000000c61016c0,0x00000000c8480000)
 Metaspace       used 14221K, capacity 14782K, committed 14976K, reserved 1062912K
  class space    used 1974K, capacity 2138K, committed 2176K, reserved 1048576K
Event: 613.442 GC heap after
Heap after GC invocations=125 (full 35):
 PSYoungGen      total 311296K, used 0K [0x00000000eab00000, 0x00000000fe300000, 0x0000000100000000)
  eden space 303104K, 0% used [0x00000000eab00000,0x00000000eab00000,0x00000000fd300000)
  from space 8192K, 0% used [0x00000000fdb00000,0x00000000fdb00000,0x00000000fe300000)
  to   space 8192K, 0% used [0x00000000fd300000,0x00000000fd300000,0x00000000fdb00000)
 ParOldGen       total 135680K, used 99404K [0x00000000c0000000, 0x00000000c8480000, 0x00000000eab00000)
  object space 135680K, 73% used [0x00000000c0000000,0x00000000c6113238,0x00000000c8480000)
 Metaspace       used 14221K, capacity 14782K, committed 14976K, reserved 1062912K
  class space    used 1974K, capacity 2138K, committed 2176K, reserved 1048576K
}
Event: 615.306 GC heap before
{Heap before GC invocations=126 (full 35):
 PSYoungGen      total 311296K, used 303104K [0x00000000eab00000, 0x00000000fe300000, 0x0000000100000000)
  eden space 303104K, 100% used [0x00000000eab00000,0x00000000fd300000,0x00000000fd300000)
  from space 8192K, 0% used [0x00000000fdb00000,0x00000000fdb00000,0x00000000fe300000)
  to   space 8192K, 0% used [0x00000000fd300000,0x00000000fd300000,0x00000000fdb00000)
 ParOldGen       total 135680K, used 99404K [0x00000000c0000000, 0x00000000c8480000, 0x00000000eab00000)
  object space 135680K, 73% used [0x00000000c0000000,0x00000000c6113238,0x00000000c8480000)
 Metaspace       used 14221K, capacity 14782K, committed 14976K, reserved 1062912K
  class space    used 1974K, capacity 2138K, committed 2176K, reserved 1048576K
Event: 615.315 GC heap after
Heap after GC invocations=126 (full 35):
 PSYoungGen      total 311296K, used 1024K [0x00000000eab00000, 0x00000000fe780000, 0x0000000100000000)
  eden space 303104K, 0% used [0x00000000eab00000,0x00000000eab00000,0x00000000fd300000)
  from space 8192K, 12% used [0x00000000fd300000,0x00000000fd400000,0x00000000fdb00000)
  to   space 8192K, 0% used [0x00000000fdf80000,0x00000000fdf80000,0x00000000fe780000)
 ParOldGen       total 135680K, used 99404K [0x00000000c0000000, 0x00000000c8480000, 0x00000000eab00000)
  object space 135680K, 73% used [0x00000000c0000000,0x00000000c6113238,0x00000000c8480000)
 Metaspace       used 14221K, capacity 14782K, committed 14976K, reserved 1062912K
  class space    used 1974K, capacity 2138K, committed 2176K, reserved 1048576K
}
Event: 616.136 GC heap before
{Heap before GC invocations=127 (full 35):
 PSYoungGen      total 311296K, used 304128K [0x00000000eab00000, 0x00000000fe780000, 0x0000000100000000)
  eden space 303104K, 100% used [0x00000000eab00000,0x00000000fd300000,0x00000000fd300000)
  from space 8192K, 12% used [0x00000000fd300000,0x00000000fd400000,0x00000000fdb00000)
  to   space 8192K, 0% used [0x00000000fdf80000,0x00000000fdf80000,0x00000000fe780000)
 ParOldGen       total 135680K, used 99404K [0x00000000c0000000, 0x00000000c8480000, 0x00000000eab00000)
  object space 135680K, 73% used [0x00000000c0000000,0x00000000c6113238,0x00000000c8480000)
 Metaspace       used 14221K, capacity 14782K, committed 14976K, reserved 1062912K
  class space    used 1974K, capacity 2138K, committed 2176K, reserved 1048576K
Event: 616.145 GC heap after
Heap after GC invocations=127 (full 35):
 PSYoungGen      total 314880K, used 1792K [0x00000000eab00000, 0x00000000fe680000, 0x0000000100000000)
  eden space 307712K, 0% used [0x00000000eab00000,0x00000000eab00000,0x00000000fd780000)
  from space 7168K, 25% used [0x00000000fdf80000,0x00000000fe140000,0x00000000fe680000)
  to   space 7680K, 0% used [0x00000000fd780000,0x00000000fd780000,0x00000000fdf00000)
 ParOldGen       total 135680K, used 99404K [0x00000000c0000000, 0x00000000c8480000, 0x00000000eab00000)
  object space 135680K, 73% used [0x00000000c0000000,0x00000000c6113238,0x00000000c8480000)
 Metaspace       used 14221K, capacity 14782K, committed 14976K, reserved 1062912K
  class space    used 1974K, capacity 2138K, committed 2176K, reserved 1048576K
}
Event: 617.141 GC heap before
{Heap before GC invocations=128 (full 35):
 PSYoungGen      total 314880K, used 309504K [0x00000000eab00000, 0x00000000fe680000, 0x0000000100000000)
  eden space 307712K, 100% used [0x00000000eab00000,0x00000000fd780000,0x00000000fd780000)
  from space 7168K, 25% used [0x00000000fdf80000,0x00000000fe140000,0x00000000fe680000)
  to   space 7680K, 0% used [0x00000000fd780000,0x00000000fd780000,0x00000000fdf00000)
 ParOldGen       total 135680K, used 99404K [0x00000000c0000000, 0x00000000c8480000, 0x00000000eab00000)
  object space 135680K, 73% used [0x00000000c0000000,0x00000000c6113238,0x00000000c8480000)
 Metaspace       used 14221K, capacity 14782K, committed 14976K, reserved 1062912K
  class space    used 1974K, capacity 2138K, committed 2176K, reserved 1048576K
Event: 617.151 GC heap after
Heap after GC invocations=128 (full 35):
 PSYoungGen      total 315392K, used 2496K [0x00000000eab00000, 0x00000000fe980000, 0x0000000100000000)
  eden space 307712K, 0% used [0x00000000eab00000,0x00000000eab00000,0x00000000fd780000)
  from space 7680K, 32% used [0x00000000fd780000,0x00000000fd9f0000,0x00000000fdf00000)
  to   space 7168K, 0% used [0x00000000fe280000,0x00000000fe280000,0x00000000fe980000)
 ParOldGen       total 135680K, used 99404K [0x00000000c0000000, 0x00000000c8480000, 0x00000000eab00000)
  object space 135680K, 73% used [0x00000000c0000000,0x00000000c6113238,0x00000000c8480000)
 Metaspace       used 14221K, capacity 14782K, committed 14976K, reserved 1062912K
  class space    used 1974K, capacity 2138K, committed 2176K, reserved 1048576K
}
Event: 618.062 GC heap before
{Heap before GC invocations=129 (full 35):
 PSYoungGen      total 315392K, used 310208K [0x00000000eab00000, 0x00000000fe980000, 0x0000000100000000)
  eden space 307712K, 100% used [0x00000000eab00000,0x00000000fd780000,0x00000000fd780000)
  from space 7680K, 32% used [0x00000000fd780000,0x00000000fd9f0000,0x00000000fdf00000)
  to   space 7168K, 0% used [0x00000000fe280000,0x00000000fe280000,0x00000000fe980000)
 ParOldGen       total 135680K, used 99404K [0x00000000c0000000, 0x00000000c8480000, 0x00000000eab00000)
  object space 135680K, 73% used [0x00000000c0000000,0x00000000c6113238,0x00000000c8480000)
 Metaspace       used 14259K, capacity 14886K, committed 14976K, reserved 1062912K
  class space    used 1981K, capacity 2145K, committed 2176K, reserved 1048576K
Event: 618.125 GC heap after
Heap after GC invocations=129 (full 35):
 PSYoungGen      total 314880K, used 7136K [0x00000000eab00000, 0x00000000ff480000, 0x0000000100000000)
  eden space 307712K, 0% used [0x00000000eab00000,0x00000000eab00000,0x00000000fd780000)
  from space 7168K, 99% used [0x00000000fe280000,0x00000000fe978008,0x00000000fe980000)
  to   space 11264K, 0% used [0x00000000fd780000,0x00000000fd780000,0x00000000fe280000)
 ParOldGen       total 135680K, used 106348K [0x00000000c0000000, 0x00000000c8480000, 0x00000000eab00000)
  object space 135680K, 78% used [0x00000000c0000000,0x00000000c67db238,0x00000000c8480000)
 Metaspace       used 14259K, capacity 14886K, committed 14976K, reserved 1062912K
  class space    used 1981K, capacity 2145K, committed 2176K, reserved 1048576K
}
Event: 618.256 GC heap before
{Heap before GC invocations=130 (full 35):
 PSYoungGen      total 314880K, used 37909K [0x00000000eab00000, 0x00000000ff480000, 0x0000000100000000)
  eden space 307712K, 10% used [0x00000000eab00000,0x00000000ec90d550,0x00000000fd780000)
  from space 7168K, 99% used [0x00000000fe280000,0x00000000fe978008,0x00000000fe980000)
  to   space 11264K, 0% used [0x00000000fd780000,0x00000000fd780000,0x00000000fe280000)
 ParOldGen       total 135680K, used 106348K [0x00000000c0000000, 0x00000000c8480000, 0x00000000eab00000)
  object space 135680K, 78% used [0x00000000c0000000,0x00000000c67db238,0x00000000c8480000)
 Metaspace       used 14260K, capacity 14886K, committed 14976K, reserved 1062912K
  class space    used 1981K, capacity 2145K, committed 2176K, reserved 1048576K
Event: 618.274 GC heap after
Heap after GC invocations=130 (full 35):
 PSYoungGen      total 318976K, used 11008K [0x00000000eab00000, 0x00000000ff780000, 0x0000000100000000)
  eden space 307712K, 0% used [0x00000000eab00000,0x00000000eab00000,0x00000000fd780000)
  from space 11264K, 97% used [0x00000000fd780000,0x00000000fe240008,0x00000000fe280000)
  to   space 12800K, 0% used [0x00000000feb00000,0x00000000feb00000,0x00000000ff780000)
 ParOldGen       total 135680K, used 106348K [0x00000000c0000000, 0x00000000c8480000, 0x00000000eab00000)
  object space 135680K, 78% used [0x00000000c0000000,0x00000000c67db238,0x00000000c8480000)
 Metaspace       used 14260K, capacity 14886K, committed 14976K, reserved 1062912K
  class space    used 1981K, capacity 2145K, committed 2176K, reserved 1048576K
}
Event: 618.274 GC heap before
{Heap before GC invocations=131 (full 36):
 PSYoungGen      total 318976K, used 11008K [0x00000000eab00000, 0x00000000ff780000, 0x0000000100000000)
  eden space 307712K, 0% used [0x00000000eab00000,0x00000000eab00000,0x00000000fd780000)
  from space 11264K, 97% used [0x00000000fd780000,0x00000000fe240008,0x00000000fe280000)
  to   space 12800K, 0% used [0x00000000feb00000,0x00000000feb00000,0x00000000ff780000)
 ParOldGen       total 135680K, used 106348K [0x00000000c0000000, 0x00000000c8480000, 0x00000000eab00000)
  object space 135680K, 78% used [0x00000000c0000000,0x00000000c67db238,0x00000000c8480000)
 Metaspace       used 14260K, capacity 14886K, committed 14976K, reserved 1062912K
  class space    used 1981K, capacity 2145K, committed 2176K, reserved 1048576K
Event: 619.115 GC heap after
Heap after GC invocations=131 (full 36):
 PSYoungGen      total 318976K, used 0K [0x00000000eab00000, 0x00000000ff780000, 0x0000000100000000)
  eden space 307712K, 0% used [0x00000000eab00000,0x00000000eab00000,0x00000000fd780000)
  from space 11264K, 0% used [0x00000000fd780000,0x00000000fd780000,0x00000000fe280000)
  to   space 12800K, 0% used [0x00000000feb00000,0x00000000feb00000,0x00000000ff780000)
 ParOldGen       total 135680K, used 83787K [0x00000000c0000000, 0x00000000c8480000, 0x00000000eab00000)
  object space 135680K, 61% used [0x00000000c0000000,0x00000000c51d2fe0,0x00000000c8480000)
 Metaspace       used 14260K, capacity 14886K, committed 14976K, reserved 1062912K
  class space    used 1981K, capacity 2145K, committed 2176K, reserved 1048576K
}
Event: 620.950 GC heap before
{Heap before GC invocations=132 (full 36):
 PSYoungGen      total 318976K, used 307712K [0x00000000eab00000, 0x00000000ff780000, 0x0000000100000000)
  eden space 307712K, 100% used [0x00000000eab00000,0x00000000fd780000,0x00000000fd780000)
  from space 11264K, 0% used [0x00000000fd780000,0x00000000fd780000,0x00000000fe280000)
  to   space 12800K, 0% used [0x00000000feb00000,0x00000000feb00000,0x00000000ff780000)
 ParOldGen       total 135680K, used 83787K [0x00000000c0000000, 0x00000000c8480000, 0x00000000eab00000)
  object space 135680K, 61% used [0x00000000c0000000,0x00000000c51d2fe0,0x00000000c8480000)
 Metaspace       used 14341K, capacity 14926K, committed 15104K, reserved 1062912K
  class space    used 2013K, capacity 2180K, committed 2304K, reserved 1048576K
Event: 621.170 GC heap after
Heap after GC invocations=132 (full 36):
 PSYoungGen      total 314880K, used 12800K [0x00000000eab00000, 0x0000000100000000, 0x0000000100000000)
  eden space 302080K, 0% used [0x00000000eab00000,0x00000000eab00000,0x00000000fd200000)
  from space 12800K, 100% used [0x00000000feb00000,0x00000000ff780000,0x00000000ff780000)
  to   space 23552K, 0% used [0x00000000fd200000,0x00000000fd200000,0x00000000fe900000)
 ParOldGen       total 135680K, used 106249K [0x00000000c0000000, 0x00000000c8480000, 0x00000000eab00000)
  object space 135680K, 78% used [0x00000000c0000000,0x00000000c67c24d8,0x00000000c8480000)
 Metaspace       used 14341K, capacity 14926K, committed 15104K, reserved 1062912K
  class space    used 2013K, capacity 2180K, committed 2304K, reserved 1048576K
}
Event: 621.416 GC heap before
{Heap before GC invocations=133 (full 36):
 PSYoungGen      total 314880K, used 43010K [0x00000000eab00000, 0x0000000100000000, 0x0000000100000000)
  eden space 302080K, 10% used [0x00000000eab00000,0x00000000ec880858,0x00000000fd200000)
  from space 12800K, 100% used [0x00000000feb00000,0x00000000ff780000,0x00000000ff780000)
  to   space 23552K, 0% used [0x00000000fd200000,0x00000000fd200000,0x00000000fe900000)
 ParOldGen       total 135680K, used 106249K [0x00000000c0000000, 0x00000000c8480000, 0x00000000eab00000)
  object space 135680K, 78% used [0x00000000c0000000,0x00000000c67c24d8,0x00000000c8480000)
 Metaspace       used 14349K, capacity 14926K, committed 15104K, reserved 1062912K
  class space    used 2013K, capacity 2180K, committed 2304K, reserved 1048576K
Event: 621.501 GC heap after
Heap after GC invocations=133 (full 36):
 PSYoungGen      total 323072K, used 20794K [0x00000000eab00000, 0x0000000100000000, 0x0000000100000000)
  eden space 302080K, 0% used [0x00000000eab00000,0x00000000eab00000,0x00000000fd200000)
  from space 20992K, 99% used [0x00000000fd200000,0x00000000fe64ea88,0x00000000fe680000)
  to   space 26112K, 0% used [0x00000000fe680000,0x00000000fe680000,0x0000000100000000)
 ParOldGen       total 135680K, used 106249K [0x00000000c0000000, 0x00000000c8480000, 0x00000000eab00000)
  object space 135680K, 78% used [0x00000000c0000000,0x00000000c67c24d8,0x00000000c8480000)
 Metaspace       used 14349K, capacity 14926K, committed 15104K, reserved 1062912K
  class space    used 2013K, capacity 2180K, committed 2304K, reserved 1048576K
}
Event: 621.501 GC heap before
{Heap before GC invocations=134 (full 37):
 PSYoungGen      total 323072K, used 20794K [0x00000000eab00000, 0x0000000100000000, 0x0000000100000000)
  eden space 302080K, 0% used [0x00000000eab00000,0x00000000eab00000,0x00000000fd200000)
  from space 20992K, 99% used [0x00000000fd200000,0x00000000fe64ea88,0x00000000fe680000)
  to   space 26112K, 0% used [0x00000000fe680000,0x00000000fe680000,0x0000000100000000)
 ParOldGen       total 135680K, used 106249K [0x00000000c0000000, 0x00000000c8480000, 0x00000000eab00000)
  object space 135680K, 78% used [0x00000000c0000000,0x00000000c67c24d8,0x00000000c8480000)
 Metaspace       used 14349K, capacity 14926K, committed 15104K, reserved 1062912K
  class space    used 2013K, capacity 2180K, committed 2304K, reserved 1048576K
Event: 622.583 GC heap after
Heap after GC invocations=134 (full 37):
 PSYoungGen      total 323072K, used 0K [0x00000000eab00000, 0x0000000100000000, 0x0000000100000000)
  eden space 302080K, 0% used [0x00000000eab00000,0x00000000eab00000,0x00000000fd200000)
  from space 20992K, 0% used [0x00000000fd200000,0x00000000fd200000,0x00000000fe680000)
  to   space 26112K, 0% used [0x00000000fe680000,0x00000000fe680000,0x0000000100000000)
 ParOldGen       total 135680K, used 117523K [0x00000000c0000000, 0x00000000c8480000, 0x00000000eab00000)
  object space 135680K, 86% used [0x00000000c0000000,0x00000000c72c4c88,0x00000000c8480000)
 Metaspace       used 14349K, capacity 14926K, committed 15104K, reserved 1062912K
  class space    used 2013K, capacity 2180K, committed 2304K, reserved 1048576K
}

